---------------------------------------------------------------
[ 2020-01-02T16:45:27+08:00 ] 127.0.0.1 GET myone.com/
[运行时间：0.743613s] [吞吐率：1.34req/s] [内存消耗：3,987.95kb] [文件加载：137]
[ info ] [ BEHAVIOR ] Run Closure @app_init [ RunTime:0.000026s ]
[ info ] [ CACHE ] INIT File
[ info ] [ BEHAVIOR ] Run \addons\cms\Cms @app_init [ RunTime:0.028981s ]
[ info ] [ BEHAVIOR ] Run Closure @app_init [ RunTime:0.029086s ]
[ info ] [ LANG ] F:\WorkProgram\laragon\www\myone\thinkphp\lang\zh-cn.php
[ info ] [ ROUTE ] array (
  'type' => 'module',
  'module' => 
  array (
    0 => '',
    1 => NULL,
    2 => NULL,
  ),
)
[ info ] [ HEADER ] array (
  'host' => 'myone.com',
  'connection' => 'keep-alive',
  'upgrade-insecure-requests' => '1',
  'user-agent' => 'Mozilla/5.0 (Windows NT 10.0; WOW64) AppleWebKit/537.36 (KHTML, like Gecko) Chrome/79.0.3945.79 Safari/537.36',
  'accept' => 'text/html,application/xhtml+xml,application/xml;q=0.9,image/webp,image/apng,*/*;q=0.8,application/signed-exchange;v=b3;q=0.9',
  'purpose' => 'prefetch',
  'accept-encoding' => 'gzip, deflate',
  'accept-language' => 'zh-CN,zh;q=0.9',
  'cookie' => 'uid=2; token=9d2c3d3d-6b1a-4c23-a050-8c2f1a775a78; Hm_lvt_f8d0a8c400404989e195270b0bbf060a=1577408652,1577496098,1577509827,1577700733',
)
[ info ] [ PARAM ] array (
)
[ info ] [ LANG ] F:\WorkProgram\laragon\www\myone\public/../application/index\lang\zh-cn.php
[ info ] [ BEHAVIOR ] Run app\common\behavior\Common @module_init [ RunTime:0.035993s ]
[ info ] [ TOKEN ] INIT Mysql
[ info ] [ DB ] INIT mysql
[ info ] [ BEHAVIOR ] Run \addons\geetest\Geetest @config_init [ RunTime:0.003876s ]
[ info ] [ LANG ] F:\WorkProgram\laragon\www\myone\public/../application/index/lang/zh-cn/index.php
[ info ] [ BEHAVIOR ] Run \addons\geetest\Geetest @action_begin [ RunTime:0.000046s ]
[ info ] [ RUN ] app\index\controller\Index->index[ F:\WorkProgram\laragon\www\myone\application\index\controller\Index.php ]
[ info ] [ VIEW ] F:\WorkProgram\laragon\www\myone\public/../application/index\view\index\index.html [ array (
  0 => 'user',
  1 => 'site',
  2 => 'config',
) ]
[ info ] [ BEHAVIOR ] Run \addons\cms\Cms @response_send [ RunTime:0.000056s ]
[ info ] [ BEHAVIOR ] Run \addons\loginbgindex\Loginbgindex @response_send [ RunTime:0.000021s ]
[ info ] [ LOG ] INIT File
[ sql ] [ DB ] CONNECT:[ UseTime:0.114412s ] mysql:host=114.55.147.127;dbname=myone;charset=utf8
[ sql ] [ SQL ] SHOW COLUMNS FROM `one_user_token` [ RunTime:0.030578s ]
[ sql ] [ SQL ] SELECT * FROM `one_user_token` WHERE  `token` = 'd61e9b3a2718553851ae63e4ba547703879213da' LIMIT 1 [ RunTime:0.022684s ]
---------------------------------------------------------------
[ 2020-01-02T16:45:28+08:00 ] 127.0.0.1 GET myone.com/favicon.ico
[运行时间：0.048006s] [吞吐率：20.83req/s] [内存消耗：2,361.87kb] [文件加载：115]
[ info ] [ BEHAVIOR ] Run Closure @app_init [ RunTime:0.000014s ]
[ info ] [ CACHE ] INIT File
[ info ] [ BEHAVIOR ] Run \addons\cms\Cms @app_init [ RunTime:0.002826s ]
[ info ] [ BEHAVIOR ] Run Closure @app_init [ RunTime:0.002863s ]
[ info ] [ LANG ] F:\WorkProgram\laragon\www\myone\thinkphp\lang\zh-cn.php
[ info ] [ ROUTE ] array (
  'type' => 'module',
  'module' => 
  array (
    0 => 'favicon.ico',
    1 => NULL,
    2 => NULL,
  ),
)
[ info ] [ HEADER ] array (
  'host' => 'myone.com',
  'connection' => 'keep-alive',
  'user-agent' => 'Mozilla/5.0 (Windows NT 10.0; WOW64) AppleWebKit/537.36 (KHTML, like Gecko) Chrome/79.0.3945.79 Safari/537.36',
  'accept' => 'image/webp,image/apng,image/*,*/*;q=0.8',
  'referer' => 'http://myone.com/',
  'accept-encoding' => 'gzip, deflate',
  'accept-language' => 'zh-CN,zh;q=0.9',
  'cookie' => 'uid=2; token=9d2c3d3d-6b1a-4c23-a050-8c2f1a775a78; Hm_lvt_f8d0a8c400404989e195270b0bbf060a=1577496098,1577509827,1577700733,1577954728; Hm_lpvt_f8d0a8c400404989e195270b0bbf060a=1577954728',
)
[ info ] [ PARAM ] array (
)
[ info ] [ BEHAVIOR ] Run \addons\cms\Cms @response_send [ RunTime:0.000051s ]
[ info ] [ BEHAVIOR ] Run \addons\loginbgindex\Loginbgindex @response_send [ RunTime:0.000022s ]
[ info ] [ LOG ] INIT File
---------------------------------------------------------------
[ 2020-01-02T16:45:29+08:00 ] 127.0.0.1 GET myone.com/zmq.php/index/login
[运行时间：0.101528s] [吞吐率：9.85req/s] [内存消耗：3,458.77kb] [文件加载：132]
[ info ] [ BEHAVIOR ] Run Closure @app_init [ RunTime:0.000013s ]
[ info ] [ CACHE ] INIT File
[ info ] [ BEHAVIOR ] Run \addons\cms\Cms @app_init [ RunTime:0.002242s ]
[ info ] [ BEHAVIOR ] Run Closure @app_init [ RunTime:0.002264s ]
[ info ] [ LANG ] F:\WorkProgram\laragon\www\myone\thinkphp\lang\zh-cn.php
[ info ] [ ROUTE ] array (
  'type' => 'module',
  'module' => 
  array (
    0 => 'admin',
    1 => 'index',
    2 => 'login',
  ),
)
[ info ] [ HEADER ] array (
  'host' => 'myone.com',
  'connection' => 'keep-alive',
  'upgrade-insecure-requests' => '1',
  'user-agent' => 'Mozilla/5.0 (Windows NT 10.0; WOW64) AppleWebKit/537.36 (KHTML, like Gecko) Chrome/79.0.3945.79 Safari/537.36',
  'accept' => 'text/html,application/xhtml+xml,application/xml;q=0.9,image/webp,image/apng,*/*;q=0.8,application/signed-exchange;v=b3;q=0.9',
  'referer' => 'http://myone.com/',
  'accept-encoding' => 'gzip, deflate',
  'accept-language' => 'zh-CN,zh;q=0.9',
  'cookie' => 'uid=2; token=9d2c3d3d-6b1a-4c23-a050-8c2f1a775a78; Hm_lvt_f8d0a8c400404989e195270b0bbf060a=1577496098,1577509827,1577700733,1577954728; Hm_lpvt_f8d0a8c400404989e195270b0bbf060a=1577954728',
)
[ info ] [ PARAM ] array (
)
[ info ] [ LANG ] F:\WorkProgram\laragon\www\myone\public/../application/admin\lang\zh-cn.php
[ info ] [ BEHAVIOR ] Run app\common\behavior\Common @module_init [ RunTime:0.002435s ]
[ info ] [ SESSION ] INIT array (
  'id' => '',
  'var_session_id' => '',
  'prefix' => 'think',
  'type' => '',
  'auto_start' => true,
)
[ info ] [ BEHAVIOR ] Run \addons\geetest\Geetest @config_init [ RunTime:0.000183s ]
[ info ] [ LANG ] F:\WorkProgram\laragon\www\myone\public/../application/admin/lang/zh-cn/index.php
[ info ] [ BEHAVIOR ] Run \addons\geetest\Geetest @action_begin [ RunTime:0.000044s ]
[ info ] [ RUN ] app\admin\controller\Index->login[ F:\WorkProgram\laragon\www\myone\application\admin\controller\Index.php ]
[ info ] [ BEHAVIOR ] Run \addons\loginbg\Loginbg @admin_login_init [ RunTime:0.000350s ]
[ info ] [ VIEW ] F:\WorkProgram\laragon\www\myone\public/../application/admin\view\index\login.html [ array (
  0 => 'breadcrumb',
  1 => 'site',
  2 => 'config',
  3 => 'auth',
  4 => 'admin',
  5 => 'background',
  6 => 'title',
) ]
[ info ] [ BEHAVIOR ] Run app\admin\behavior\AdminLog @app_end [ RunTime:0.000657s ]
[ info ] [ BEHAVIOR ] Run \addons\cms\Cms @response_send [ RunTime:0.000105s ]
[ info ] [ BEHAVIOR ] Run \addons\loginbgindex\Loginbgindex @response_send [ RunTime:0.000093s ]
[ info ] [ LOG ] INIT File
---------------------------------------------------------------
[ 2020-01-02T16:45:29+08:00 ] 127.0.0.1 GET myone.com/index.php?s=/captcha
[运行时间：0.224866s] [吞吐率：4.45req/s] [内存消耗：2,400.84kb] [文件加载：114]
[ info ] [ BEHAVIOR ] Run Closure @app_init [ RunTime:0.000015s ]
[ info ] [ CACHE ] INIT File
[ info ] [ BEHAVIOR ] Run \addons\cms\Cms @app_init [ RunTime:0.002834s ]
[ info ] [ BEHAVIOR ] Run Closure @app_init [ RunTime:0.004609s ]
[ info ] [ LANG ] F:\WorkProgram\laragon\www\myone\thinkphp\lang\zh-cn.php
[ info ] [ ROUTE ] array (
  'type' => 'method',
  'method' => 
  array (
    0 => '\\think\\captcha\\CaptchaController',
    1 => 'index',
  ),
  'var' => 
  array (
  ),
)
[ info ] [ HEADER ] array (
  'host' => 'myone.com',
  'connection' => 'keep-alive',
  'user-agent' => 'Mozilla/5.0 (Windows NT 10.0; WOW64) AppleWebKit/537.36 (KHTML, like Gecko) Chrome/79.0.3945.79 Safari/537.36',
  'accept' => 'image/webp,image/apng,image/*,*/*;q=0.8',
  'referer' => 'http://myone.com/zmq.php/index/login',
  'accept-encoding' => 'gzip, deflate',
  'accept-language' => 'zh-CN,zh;q=0.9',
  'cookie' => 'uid=2; token=9d2c3d3d-6b1a-4c23-a050-8c2f1a775a78; Hm_lvt_f8d0a8c400404989e195270b0bbf060a=1577496098,1577509827,1577700733,1577954728; Hm_lpvt_f8d0a8c400404989e195270b0bbf060a=1577954728; PHPSESSID=unpfu88dv64cjfsghc1r33d37v',
)
[ info ] [ PARAM ] array (
  'id' => NULL,
)
[ info ] [ RUN ] think\captcha\CaptchaController->index[ F:\WorkProgram\laragon\www\myone\vendor\topthink\think-captcha\src\CaptchaController.php ]
[ info ] [ SESSION ] INIT array (
  'id' => '',
  'var_session_id' => '',
  'prefix' => 'think',
  'type' => '',
  'auto_start' => true,
)
[ info ] [ BEHAVIOR ] Run \addons\cms\Cms @response_send [ RunTime:0.000048s ]
[ info ] [ BEHAVIOR ] Run \addons\loginbgindex\Loginbgindex @response_send [ RunTime:0.000020s ]
[ info ] [ LOG ] INIT File
---------------------------------------------------------------
[ 2020-01-02T16:45:29+08:00 ] 127.0.0.1 GET myone.com/zmq.php/ajax/lang?callback=define&controllername=index&v=1577954728
[运行时间：0.082683s] [吞吐率：12.09req/s] [内存消耗：3,464.51kb] [文件加载：131]
[ info ] [ BEHAVIOR ] Run Closure @app_init [ RunTime:0.000027s ]
[ info ] [ CACHE ] INIT File
[ info ] [ BEHAVIOR ] Run \addons\cms\Cms @app_init [ RunTime:0.003159s ]
[ info ] [ BEHAVIOR ] Run Closure @app_init [ RunTime:0.003182s ]
[ info ] [ LANG ] F:\WorkProgram\laragon\www\myone\thinkphp\lang\zh-cn.php
[ info ] [ ROUTE ] array (
  'type' => 'module',
  'module' => 
  array (
    0 => 'admin',
    1 => 'ajax',
    2 => 'lang',
  ),
)
[ info ] [ HEADER ] array (
  'host' => 'myone.com',
  'connection' => 'keep-alive',
  'user-agent' => 'Mozilla/5.0 (Windows NT 10.0; WOW64) AppleWebKit/537.36 (KHTML, like Gecko) Chrome/79.0.3945.79 Safari/537.36',
  'accept' => '*/*',
  'referer' => 'http://myone.com/zmq.php/index/login',
  'accept-encoding' => 'gzip, deflate',
  'accept-language' => 'zh-CN,zh;q=0.9',
  'cookie' => 'uid=2; token=9d2c3d3d-6b1a-4c23-a050-8c2f1a775a78; Hm_lvt_f8d0a8c400404989e195270b0bbf060a=1577496098,1577509827,1577700733,1577954728; Hm_lpvt_f8d0a8c400404989e195270b0bbf060a=1577954728; PHPSESSID=unpfu88dv64cjfsghc1r33d37v',
)
[ info ] [ PARAM ] array (
  'callback' => 'define',
  'controllername' => 'index',
  'v' => '1577954728',
)
[ info ] [ LANG ] F:\WorkProgram\laragon\www\myone\public/../application/admin\lang\zh-cn.php
[ info ] [ BEHAVIOR ] Run app\common\behavior\Common @module_init [ RunTime:0.001702s ]
[ info ] [ SESSION ] INIT array (
  'id' => '',
  'var_session_id' => '',
  'prefix' => 'think',
  'type' => '',
  'auto_start' => true,
)
[ info ] [ BEHAVIOR ] Run \addons\geetest\Geetest @config_init [ RunTime:0.000202s ]
[ info ] [ LANG ] F:\WorkProgram\laragon\www\myone\public/../application/admin/lang/zh-cn/ajax.php
[ info ] [ BEHAVIOR ] Run \addons\geetest\Geetest @action_begin [ RunTime:0.000033s ]
[ info ] [ RUN ] app\admin\controller\Ajax->lang[ F:\WorkProgram\laragon\www\myone\application\admin\controller\Ajax.php ]
[ info ] [ LANG ] F:\WorkProgram\laragon\www\myone\public/../application/admin/lang/zh-cn/index.php
[ info ] [ BEHAVIOR ] Run app\admin\behavior\AdminLog @app_end [ RunTime:0.000303s ]
[ info ] [ BEHAVIOR ] Run \addons\cms\Cms @response_send [ RunTime:0.000130s ]
[ info ] [ BEHAVIOR ] Run \addons\loginbgindex\Loginbgindex @response_send [ RunTime:0.000024s ]
[ info ] [ LOG ] INIT File
---------------------------------------------------------------
[ 2020-01-02T16:45:29+08:00 ] 127.0.0.1 POST myone.com/addons/geetest/index/start
[运行时间：0.347196s] [吞吐率：2.88req/s] [内存消耗：4,052.05kb] [文件加载：140]
[ info ] [ BEHAVIOR ] Run Closure @app_init [ RunTime:0.000021s ]
[ info ] [ CACHE ] INIT File
[ info ] [ BEHAVIOR ] Run \addons\cms\Cms @app_init [ RunTime:0.002603s ]
[ info ] [ BEHAVIOR ] Run Closure @app_init [ RunTime:0.002627s ]
[ info ] [ LANG ] F:\WorkProgram\laragon\www\myone\thinkphp\lang\zh-cn.php
[ info ] [ ROUTE ] array (
  'type' => 'method',
  'method' => 
  array (
    0 => '\\think\\addons\\Route',
    1 => 'execute',
  ),
  'var' => 
  array (
  ),
)
[ info ] [ HEADER ] array (
  'host' => 'myone.com',
  'connection' => 'keep-alive',
  'content-length' => '0',
  'accept' => 'application/json, text/javascript, */*; q=0.01',
  'origin' => 'http://myone.com',
  'x-requested-with' => 'XMLHttpRequest',
  'user-agent' => 'Mozilla/5.0 (Windows NT 10.0; WOW64) AppleWebKit/537.36 (KHTML, like Gecko) Chrome/79.0.3945.79 Safari/537.36',
  'referer' => 'http://myone.com/zmq.php/index/login',
  'accept-encoding' => 'gzip, deflate',
  'accept-language' => 'zh-CN,zh;q=0.9',
  'cookie' => 'uid=2; token=9d2c3d3d-6b1a-4c23-a050-8c2f1a775a78; Hm_lvt_f8d0a8c400404989e195270b0bbf060a=1577496098,1577509827,1577700733,1577954728; Hm_lpvt_f8d0a8c400404989e195270b0bbf060a=1577954728; PHPSESSID=unpfu88dv64cjfsghc1r33d37v',
)
[ info ] [ PARAM ] array (
  'addon' => 'geetest',
  'controller' => 'index',
  'action' => 'start',
)
[ info ] [ RUN ] think\addons\Route->execute[ F:\WorkProgram\laragon\www\myone\vendor\karsonzhang\fastadmin-addons\src\addons\Route.php ]
[ info ] [ LANG ] F:\WorkProgram\laragon\www\myone\public/../application/common\lang\zh-cn\addon.php
[ info ] [ BEHAVIOR ] Run app\common\behavior\Common @addon_begin [ RunTime:0.012119s ]
[ info ] [ TOKEN ] INIT Mysql
[ info ] [ DB ] INIT mysql
[ info ] [ SESSION ] INIT array (
  'id' => '',
  'var_session_id' => '',
  'prefix' => 'think',
  'type' => '',
  'auto_start' => true,
)
[ info ] [ BEHAVIOR ] Run \addons\cms\Cms @response_send [ RunTime:0.000117s ]
[ info ] [ BEHAVIOR ] Run \addons\loginbgindex\Loginbgindex @response_send [ RunTime:0.000068s ]
[ info ] [ LOG ] INIT File
[ sql ] [ DB ] CONNECT:[ UseTime:0.045208s ] mysql:host=114.55.147.127;dbname=myone;charset=utf8
[ sql ] [ SQL ] SHOW COLUMNS FROM `one_user_token` [ RunTime:0.028899s ]
[ sql ] [ SQL ] SELECT * FROM `one_user_token` WHERE  `token` = 'd61e9b3a2718553851ae63e4ba547703879213da' LIMIT 1 [ RunTime:0.026609s ]
---------------------------------------------------------------
[ 2020-01-02T16:45:42+08:00 ] 127.0.0.1 POST myone.com/zmq.php/index/login
[运行时间：0.416272s] [吞吐率：2.40req/s] [内存消耗：4,253.24kb] [文件加载：141]
[ info ] [ BEHAVIOR ] Run Closure @app_init [ RunTime:0.000013s ]
[ info ] [ CACHE ] INIT File
[ info ] [ BEHAVIOR ] Run \addons\cms\Cms @app_init [ RunTime:0.002030s ]
[ info ] [ BEHAVIOR ] Run Closure @app_init [ RunTime:0.002047s ]
[ info ] [ LANG ] F:\WorkProgram\laragon\www\myone\thinkphp\lang\zh-cn.php
[ info ] [ ROUTE ] array (
  'type' => 'module',
  'module' => 
  array (
    0 => 'admin',
    1 => 'index',
    2 => 'login',
  ),
)
[ info ] [ HEADER ] array (
  'host' => 'myone.com',
  'connection' => 'keep-alive',
  'content-length' => '245',
  'accept' => 'application/json, text/javascript, */*; q=0.01',
  'origin' => 'http://myone.com',
  'x-requested-with' => 'XMLHttpRequest',
  'user-agent' => 'Mozilla/5.0 (Windows NT 10.0; WOW64) AppleWebKit/537.36 (KHTML, like Gecko) Chrome/79.0.3945.79 Safari/537.36',
  'content-type' => 'application/x-www-form-urlencoded; charset=UTF-8',
  'referer' => 'http://myone.com/zmq.php/index/login',
  'accept-encoding' => 'gzip, deflate',
  'accept-language' => 'zh-CN,zh;q=0.9',
  'cookie' => 'uid=2; token=9d2c3d3d-6b1a-4c23-a050-8c2f1a775a78; Hm_lvt_f8d0a8c400404989e195270b0bbf060a=1577496098,1577509827,1577700733,1577954728; Hm_lpvt_f8d0a8c400404989e195270b0bbf060a=1577954728; PHPSESSID=unpfu88dv64cjfsghc1r33d37v',
)
[ info ] [ PARAM ] array (
  '__token__' => '106766dccaea1110c5d8136ac02fa674',
  'username' => 'admin',
  'password' => '123123',
  'captcha' => 'ok',
  'geetest_challenge' => '1c4257192902a713fe837964ba7cf4913c',
  'geetest_validate' => 'c1455d138cf498f659688e094da953a3',
  'geetest_seccode' => 'c1455d138cf498f659688e094da953a3|jordan',
)
[ info ] [ LANG ] F:\WorkProgram\laragon\www\myone\public/../application/admin\lang\zh-cn.php
[ info ] [ BEHAVIOR ] Run app\common\behavior\Common @module_init [ RunTime:0.001415s ]
[ info ] [ SESSION ] INIT array (
  'id' => '',
  'var_session_id' => '',
  'prefix' => 'think',
  'type' => '',
  'auto_start' => true,
)
[ info ] [ BEHAVIOR ] Run \addons\geetest\Geetest @config_init [ RunTime:0.000167s ]
[ info ] [ LANG ] F:\WorkProgram\laragon\www\myone\public/../application/admin/lang/zh-cn/index.php
[ info ] [ BEHAVIOR ] Run \addons\geetest\Geetest @action_begin [ RunTime:0.000026s ]
[ info ] [ RUN ] app\admin\controller\Index->login[ F:\WorkProgram\laragon\www\myone\application\admin\controller\Index.php ]
[ info ] [ DB ] INIT mysql
[ info ] [ BEHAVIOR ] Run app\admin\behavior\AdminLog @app_end [ RunTime:0.063453s ]
[ info ] [ BEHAVIOR ] Run \addons\cms\Cms @response_send [ RunTime:0.000318s ]
[ info ] [ BEHAVIOR ] Run \addons\loginbgindex\Loginbgindex @response_send [ RunTime:0.000130s ]
[ info ] [ LOG ] INIT File
[ sql ] [ DB ] CONNECT:[ UseTime:0.042775s ] mysql:host=114.55.147.127;dbname=myone;charset=utf8
[ sql ] [ SQL ] SHOW COLUMNS FROM `one_admin` [ RunTime:0.069428s ]
[ sql ] [ SQL ] SELECT * FROM `one_admin` WHERE  `username` = 'admin' LIMIT 1 [ RunTime:0.031143s ]
[ sql ] [ SQL ] UPDATE `one_admin`  SET `logintime`=1577954741,`token`='ff7fbc8d-ef37-438f-9a11-cc23be3838cc',`updatetime`=1577954741  WHERE  `id` = 1 [ RunTime:0.062231s ]
[ sql ] [ SQL ] SHOW COLUMNS FROM `one_admin_log` [ RunTime:0.029442s ]
[ sql ] [ SQL ] INSERT INTO `one_admin_log` (`title` , `content` , `url` , `admin_id` , `username` , `useragent` , `ip` , `createtime`) VALUES ('登录' , '{\"__token__\":\"106766dccaea1110c5d8136ac02fa674\",\"username\":\"admin\",\"captcha\":\"ok\",\"geetest_challenge\":\"1c4257192902a713fe837964ba7cf4913c\",\"geetest_validate\":\"c1455d138cf498f659688e094da953a3\",\"geetest_seccode\":\"c1455d138cf498f659688e094da953a3|jordan\"}' , '/zmq.php/index/login' , 1 , 'admin' , 'Mozilla/5.0 (Windows NT 10.0; WOW64) AppleWebKit/537.36 (KHTML, like Gecko) Chrome/79.0.3945.79 Safari/537.36' , '127.0.0.1' , 1577954741) [ RunTime:0.030984s ]
---------------------------------------------------------------
[ 2020-01-02T16:45:42+08:00 ] 127.0.0.1 GET myone.com/zmq.php/index/index
[运行时间：0.491752s] [吞吐率：2.03req/s] [内存消耗：4,855.57kb] [文件加载：152]
[ info ] [ BEHAVIOR ] Run Closure @app_init [ RunTime:0.000012s ]
[ info ] [ CACHE ] INIT File
[ info ] [ BEHAVIOR ] Run \addons\cms\Cms @app_init [ RunTime:0.002023s ]
[ info ] [ BEHAVIOR ] Run Closure @app_init [ RunTime:0.002041s ]
[ info ] [ LANG ] F:\WorkProgram\laragon\www\myone\thinkphp\lang\zh-cn.php
[ info ] [ ROUTE ] array (
  'type' => 'module',
  'module' => 
  array (
    0 => 'admin',
    1 => 'index',
    2 => 'index',
  ),
)
[ info ] [ HEADER ] array (
  'host' => 'myone.com',
  'connection' => 'keep-alive',
  'upgrade-insecure-requests' => '1',
  'user-agent' => 'Mozilla/5.0 (Windows NT 10.0; WOW64) AppleWebKit/537.36 (KHTML, like Gecko) Chrome/79.0.3945.79 Safari/537.36',
  'accept' => 'text/html,application/xhtml+xml,application/xml;q=0.9,image/webp,image/apng,*/*;q=0.8,application/signed-exchange;v=b3;q=0.9',
  'referer' => 'http://myone.com/zmq.php/index/login',
  'accept-encoding' => 'gzip, deflate',
  'accept-language' => 'zh-CN,zh;q=0.9',
  'cookie' => 'uid=2; token=9d2c3d3d-6b1a-4c23-a050-8c2f1a775a78; Hm_lvt_f8d0a8c400404989e195270b0bbf060a=1577496098,1577509827,1577700733,1577954728; Hm_lpvt_f8d0a8c400404989e195270b0bbf060a=1577954728; PHPSESSID=unpfu88dv64cjfsghc1r33d37v',
)
[ info ] [ PARAM ] array (
)
[ info ] [ LANG ] F:\WorkProgram\laragon\www\myone\public/../application/admin\lang\zh-cn.php
[ info ] [ BEHAVIOR ] Run app\common\behavior\Common @module_init [ RunTime:0.001850s ]
[ info ] [ SESSION ] INIT array (
  'id' => '',
  'var_session_id' => '',
  'prefix' => 'think',
  'type' => '',
  'auto_start' => true,
)
[ info ] [ BEHAVIOR ] Run \addons\geetest\Geetest @config_init [ RunTime:0.000158s ]
[ info ] [ LANG ] F:\WorkProgram\laragon\www\myone\public/../application/admin/lang/zh-cn/index.php
[ info ] [ BEHAVIOR ] Run \addons\geetest\Geetest @action_begin [ RunTime:0.000023s ]
[ info ] [ RUN ] app\admin\controller\Index->index[ F:\WorkProgram\laragon\www\myone\application\admin\controller\Index.php ]
[ info ] [ DB ] INIT mysql
[ info ] [ VIEW ] F:\WorkProgram\laragon\www\myone\public/../application/admin\view\index\index.html [ array (
  0 => 'breadcrumb',
  1 => 'site',
  2 => 'config',
  3 => 'auth',
  4 => 'admin',
  5 => 'menulist',
  6 => 'navlist',
  7 => 'fixedmenu',
  8 => 'referermenu',
  9 => 'title',
) ]
[ info ] [ BEHAVIOR ] Run app\admin\behavior\AdminLog @app_end [ RunTime:0.000323s ]
[ info ] [ BEHAVIOR ] Run \addons\cms\Cms @response_send [ RunTime:0.000205s ]
[ info ] [ BEHAVIOR ] Run \addons\loginbgindex\Loginbgindex @response_send [ RunTime:0.000063s ]
[ info ] [ LOG ] INIT File
[ sql ] [ DB ] CONNECT:[ UseTime:0.040695s ] mysql:host=114.55.147.127;dbname=myone;charset=utf8
[ sql ] [ SQL ] SHOW COLUMNS FROM `one_auth_group_access` [ RunTime:0.029453s ]
[ sql ] [ SQL ] SELECT `aga`.`uid`,`aga`.`group_id`,`ag`.`id`,`ag`.`pid`,`ag`.`name`,`ag`.`rules` FROM `one_auth_group_access` `aga` LEFT JOIN `one_auth_group` `ag` ON `aga`.`group_id`=`ag`.`id` WHERE  (  aga.uid='1' and ag.status='normal' ) [ RunTime:0.029423s ]
[ sql ] [ SQL ] SHOW COLUMNS FROM `one_auth_rule` [ RunTime:0.030036s ]
[ sql ] [ SQL ] SELECT `id`,`pid`,`condition`,`icon`,`name`,`title`,`ismenu` FROM `one_auth_rule` WHERE  `status` = 'normal' [ RunTime:0.030134s ]
[ sql ] [ SQL ] SELECT * FROM `one_auth_rule` WHERE  `status` = 'normal'  AND `ismenu` = 1 ORDER BY `weigh` DESC [ RunTime:0.028647s ]
[ sql ] [ SQL ] SELECT `name`,`pid` FROM `one_auth_rule` WHERE  `status` = 'normal'  AND `ismenu` = 0  AND `name` LIKE '%/index' [ RunTime:0.027695s ]
---------------------------------------------------------------
[ 2020-01-02T16:45:42+08:00 ] 127.0.0.1 GET myone.com/zmq.php/dashboard?addtabs=1
[运行时间：0.322886s] [吞吐率：3.10req/s] [内存消耗：4,664.65kb] [文件加载：142]
[ info ] [ BEHAVIOR ] Run Closure @app_init [ RunTime:0.000015s ]
[ info ] [ CACHE ] INIT File
[ info ] [ BEHAVIOR ] Run \addons\cms\Cms @app_init [ RunTime:0.003358s ]
[ info ] [ BEHAVIOR ] Run Closure @app_init [ RunTime:0.003430s ]
[ info ] [ LANG ] F:\WorkProgram\laragon\www\myone\thinkphp\lang\zh-cn.php
[ info ] [ ROUTE ] array (
  'type' => 'module',
  'module' => 
  array (
    0 => 'admin',
    1 => 'dashboard',
    2 => NULL,
  ),
)
[ info ] [ HEADER ] array (
  'host' => 'myone.com',
  'connection' => 'keep-alive',
  'upgrade-insecure-requests' => '1',
  'user-agent' => 'Mozilla/5.0 (Windows NT 10.0; WOW64) AppleWebKit/537.36 (KHTML, like Gecko) Chrome/79.0.3945.79 Safari/537.36',
  'accept' => 'text/html,application/xhtml+xml,application/xml;q=0.9,image/webp,image/apng,*/*;q=0.8,application/signed-exchange;v=b3;q=0.9',
  'referer' => 'http://myone.com/zmq.php/index/index',
  'accept-encoding' => 'gzip, deflate',
  'accept-language' => 'zh-CN,zh;q=0.9',
  'cookie' => 'uid=2; token=9d2c3d3d-6b1a-4c23-a050-8c2f1a775a78; Hm_lvt_f8d0a8c400404989e195270b0bbf060a=1577496098,1577509827,1577700733,1577954728; Hm_lpvt_f8d0a8c400404989e195270b0bbf060a=1577954728; PHPSESSID=unpfu88dv64cjfsghc1r33d37v',
)
[ info ] [ PARAM ] array (
  'addtabs' => '1',
)
[ info ] [ LANG ] F:\WorkProgram\laragon\www\myone\public/../application/admin\lang\zh-cn.php
[ info ] [ BEHAVIOR ] Run app\common\behavior\Common @module_init [ RunTime:0.002580s ]
[ info ] [ SESSION ] INIT array (
  'id' => '',
  'var_session_id' => '',
  'prefix' => 'think',
  'type' => '',
  'auto_start' => true,
)
[ info ] [ DB ] INIT mysql
[ info ] [ BEHAVIOR ] Run \addons\geetest\Geetest @config_init [ RunTime:0.000543s ]
[ info ] [ LANG ] F:\WorkProgram\laragon\www\myone\public/../application/admin/lang/zh-cn/dashboard.php
[ info ] [ BEHAVIOR ] Run \addons\geetest\Geetest @action_begin [ RunTime:0.000091s ]
[ info ] [ RUN ] app\admin\controller\Dashboard->index[ F:\WorkProgram\laragon\www\myone\application\admin\controller\Dashboard.php ]
[ info ] [ VIEW ] F:\WorkProgram\laragon\www\myone\public/../application/admin\view\dashboard\index.html [ array (
  0 => 'breadcrumb',
  1 => 'site',
  2 => 'config',
  3 => 'auth',
  4 => 'admin',
  5 => 'totaluser',
  6 => 'totalviews',
  7 => 'totalorder',
  8 => 'totalorderamount',
  9 => 'todayuserlogin',
  10 => 'todayusersignup',
  11 => 'todayorder',
  12 => 'unsettleorder',
  13 => 'sevendnu',
  14 => 'sevendau',
  15 => 'paylist',
  16 => 'createlist',
  17 => 'addonversion',
  18 => 'uploadmode',
) ]
[ info ] [ BEHAVIOR ] Run app\admin\behavior\AdminLog @app_end [ RunTime:0.000411s ]
[ info ] [ BEHAVIOR ] Run \addons\cms\Cms @response_send [ RunTime:0.000114s ]
[ info ] [ BEHAVIOR ] Run \addons\loginbgindex\Loginbgindex @response_send [ RunTime:0.000032s ]
[ info ] [ LOG ] INIT File
[ sql ] [ DB ] CONNECT:[ UseTime:0.039712s ] mysql:host=114.55.147.127;dbname=myone;charset=utf8
[ sql ] [ SQL ] SHOW COLUMNS FROM `one_auth_group_access` [ RunTime:0.026708s ]
[ sql ] [ SQL ] SELECT `aga`.`uid`,`aga`.`group_id`,`ag`.`id`,`ag`.`pid`,`ag`.`name`,`ag`.`rules` FROM `one_auth_group_access` `aga` LEFT JOIN `one_auth_group` `ag` ON `aga`.`group_id`=`ag`.`id` WHERE  (  aga.uid='1' and ag.status='normal' ) [ RunTime:0.027043s ]
[ sql ] [ SQL ] SHOW COLUMNS FROM `one_auth_rule` [ RunTime:0.026845s ]
[ sql ] [ SQL ] SELECT `id`,`pid`,`condition`,`icon`,`name`,`title`,`ismenu` FROM `one_auth_rule` WHERE  `status` = 'normal' [ RunTime:0.029644s ]
[ sql ] [ SQL ] SELECT `title`,`remark` FROM `one_auth_rule` WHERE  `name` = 'dashboard' LIMIT 1 [ RunTime:0.027879s ]
---------------------------------------------------------------
[ 2020-01-02T16:45:42+08:00 ] 127.0.0.1 GET myone.com/zmq.php/ajax/lang?callback=define&controllername=index&v=1577954742
[运行时间：0.216087s] [吞吐率：4.63req/s] [内存消耗：3,466.60kb] [文件加载：131]
[ info ] [ BEHAVIOR ] Run Closure @app_init [ RunTime:0.000013s ]
[ info ] [ CACHE ] INIT File
[ info ] [ BEHAVIOR ] Run \addons\cms\Cms @app_init [ RunTime:0.002151s ]
[ info ] [ BEHAVIOR ] Run Closure @app_init [ RunTime:0.002172s ]
[ info ] [ LANG ] F:\WorkProgram\laragon\www\myone\thinkphp\lang\zh-cn.php
[ info ] [ ROUTE ] array (
  'type' => 'module',
  'module' => 
  array (
    0 => 'admin',
    1 => 'ajax',
    2 => 'lang',
  ),
)
[ info ] [ HEADER ] array (
  'host' => 'myone.com',
  'connection' => 'keep-alive',
  'user-agent' => 'Mozilla/5.0 (Windows NT 10.0; WOW64) AppleWebKit/537.36 (KHTML, like Gecko) Chrome/79.0.3945.79 Safari/537.36',
  'accept' => '*/*',
  'referer' => 'http://myone.com/zmq.php/index/index',
  'accept-encoding' => 'gzip, deflate',
  'accept-language' => 'zh-CN,zh;q=0.9',
  'cookie' => 'uid=2; token=9d2c3d3d-6b1a-4c23-a050-8c2f1a775a78; Hm_lvt_f8d0a8c400404989e195270b0bbf060a=1577496098,1577509827,1577700733,1577954728; Hm_lpvt_f8d0a8c400404989e195270b0bbf060a=1577954728; PHPSESSID=unpfu88dv64cjfsghc1r33d37v',
)
[ info ] [ PARAM ] array (
  'callback' => 'define',
  'controllername' => 'index',
  'v' => '1577954742',
)
[ info ] [ LANG ] F:\WorkProgram\laragon\www\myone\public/../application/admin\lang\zh-cn.php
[ info ] [ BEHAVIOR ] Run app\common\behavior\Common @module_init [ RunTime:0.001387s ]
[ info ] [ SESSION ] INIT array (
  'id' => '',
  'var_session_id' => '',
  'prefix' => 'think',
  'type' => '',
  'auto_start' => true,
)
[ info ] [ BEHAVIOR ] Run \addons\geetest\Geetest @config_init [ RunTime:0.000363s ]
[ info ] [ LANG ] F:\WorkProgram\laragon\www\myone\public/../application/admin/lang/zh-cn/ajax.php
[ info ] [ BEHAVIOR ] Run \addons\geetest\Geetest @action_begin [ RunTime:0.000055s ]
[ info ] [ RUN ] app\admin\controller\Ajax->lang[ F:\WorkProgram\laragon\www\myone\application\admin\controller\Ajax.php ]
[ info ] [ LANG ] F:\WorkProgram\laragon\www\myone\public/../application/admin/lang/zh-cn/index.php
[ info ] [ BEHAVIOR ] Run app\admin\behavior\AdminLog @app_end [ RunTime:0.000314s ]
[ info ] [ BEHAVIOR ] Run \addons\cms\Cms @response_send [ RunTime:0.000236s ]
[ info ] [ BEHAVIOR ] Run \addons\loginbgindex\Loginbgindex @response_send [ RunTime:0.000054s ]
[ info ] [ LOG ] INIT File
---------------------------------------------------------------
[ 2020-01-02T16:45:43+08:00 ] 127.0.0.1 GET myone.com/zmq.php/ajax/lang?callback=define&controllername=dashboard&v=1577954742
[运行时间：0.055895s] [吞吐率：17.89req/s] [内存消耗：3,465.45kb] [文件加载：131]
[ info ] [ BEHAVIOR ] Run Closure @app_init [ RunTime:0.000022s ]
[ info ] [ CACHE ] INIT File
[ info ] [ BEHAVIOR ] Run \addons\cms\Cms @app_init [ RunTime:0.002750s ]
[ info ] [ BEHAVIOR ] Run Closure @app_init [ RunTime:0.002777s ]
[ info ] [ LANG ] F:\WorkProgram\laragon\www\myone\thinkphp\lang\zh-cn.php
[ info ] [ ROUTE ] array (
  'type' => 'module',
  'module' => 
  array (
    0 => 'admin',
    1 => 'ajax',
    2 => 'lang',
  ),
)
[ info ] [ HEADER ] array (
  'host' => 'myone.com',
  'connection' => 'keep-alive',
  'user-agent' => 'Mozilla/5.0 (Windows NT 10.0; WOW64) AppleWebKit/537.36 (KHTML, like Gecko) Chrome/79.0.3945.79 Safari/537.36',
  'accept' => '*/*',
  'referer' => 'http://myone.com/zmq.php/dashboard?addtabs=1',
  'accept-encoding' => 'gzip, deflate',
  'accept-language' => 'zh-CN,zh;q=0.9',
  'cookie' => 'uid=2; token=9d2c3d3d-6b1a-4c23-a050-8c2f1a775a78; Hm_lvt_f8d0a8c400404989e195270b0bbf060a=1577496098,1577509827,1577700733,1577954728; Hm_lpvt_f8d0a8c400404989e195270b0bbf060a=1577954728; PHPSESSID=unpfu88dv64cjfsghc1r33d37v',
)
[ info ] [ PARAM ] array (
  'callback' => 'define',
  'controllername' => 'dashboard',
  'v' => '1577954742',
)
[ info ] [ LANG ] F:\WorkProgram\laragon\www\myone\public/../application/admin\lang\zh-cn.php
[ info ] [ BEHAVIOR ] Run app\common\behavior\Common @module_init [ RunTime:0.003784s ]
[ info ] [ SESSION ] INIT array (
  'id' => '',
  'var_session_id' => '',
  'prefix' => 'think',
  'type' => '',
  'auto_start' => true,
)
[ info ] [ BEHAVIOR ] Run \addons\geetest\Geetest @config_init [ RunTime:0.000335s ]
[ info ] [ LANG ] F:\WorkProgram\laragon\www\myone\public/../application/admin/lang/zh-cn/ajax.php
[ info ] [ BEHAVIOR ] Run \addons\geetest\Geetest @action_begin [ RunTime:0.000136s ]
[ info ] [ RUN ] app\admin\controller\Ajax->lang[ F:\WorkProgram\laragon\www\myone\application\admin\controller\Ajax.php ]
[ info ] [ LANG ] F:\WorkProgram\laragon\www\myone\public/../application/admin/lang/zh-cn/dashboard.php
[ info ] [ BEHAVIOR ] Run app\admin\behavior\AdminLog @app_end [ RunTime:0.000169s ]
[ info ] [ BEHAVIOR ] Run \addons\cms\Cms @response_send [ RunTime:0.000198s ]
[ info ] [ BEHAVIOR ] Run \addons\loginbgindex\Loginbgindex @response_send [ RunTime:0.000035s ]
[ info ] [ LOG ] INIT File
---------------------------------------------------------------
[ 2020-01-02T16:45:44+08:00 ] 127.0.0.1 GET myone.com/zmq.php/command?addtabs=1
[运行时间：0.246315s] [吞吐率：4.06req/s] [内存消耗：4,626.43kb] [文件加载：141]
[ info ] [ BEHAVIOR ] Run Closure @app_init [ RunTime:0.000021s ]
[ info ] [ CACHE ] INIT File
[ info ] [ BEHAVIOR ] Run \addons\cms\Cms @app_init [ RunTime:0.002021s ]
[ info ] [ BEHAVIOR ] Run Closure @app_init [ RunTime:0.002038s ]
[ info ] [ LANG ] F:\WorkProgram\laragon\www\myone\thinkphp\lang\zh-cn.php
[ info ] [ ROUTE ] array (
  'type' => 'module',
  'module' => 
  array (
    0 => 'admin',
    1 => 'command',
    2 => NULL,
  ),
)
[ info ] [ HEADER ] array (
  'host' => 'myone.com',
  'connection' => 'keep-alive',
  'upgrade-insecure-requests' => '1',
  'user-agent' => 'Mozilla/5.0 (Windows NT 10.0; WOW64) AppleWebKit/537.36 (KHTML, like Gecko) Chrome/79.0.3945.79 Safari/537.36',
  'accept' => 'text/html,application/xhtml+xml,application/xml;q=0.9,image/webp,image/apng,*/*;q=0.8,application/signed-exchange;v=b3;q=0.9',
  'referer' => 'http://myone.com/zmq.php/command?ref=addtabs',
  'accept-encoding' => 'gzip, deflate',
  'accept-language' => 'zh-CN,zh;q=0.9',
  'cookie' => 'uid=2; token=9d2c3d3d-6b1a-4c23-a050-8c2f1a775a78; Hm_lvt_f8d0a8c400404989e195270b0bbf060a=1577496098,1577509827,1577700733,1577954728; Hm_lpvt_f8d0a8c400404989e195270b0bbf060a=1577954728; PHPSESSID=unpfu88dv64cjfsghc1r33d37v',
)
[ info ] [ PARAM ] array (
  'addtabs' => '1',
)
[ info ] [ LANG ] F:\WorkProgram\laragon\www\myone\public/../application/admin\lang\zh-cn.php
[ info ] [ BEHAVIOR ] Run app\common\behavior\Common @module_init [ RunTime:0.001525s ]
[ info ] [ SESSION ] INIT array (
  'id' => '',
  'var_session_id' => '',
  'prefix' => 'think',
  'type' => '',
  'auto_start' => true,
)
[ info ] [ DB ] INIT mysql
[ info ] [ BEHAVIOR ] Run \addons\geetest\Geetest @config_init [ RunTime:0.000234s ]
[ info ] [ LANG ] F:\WorkProgram\laragon\www\myone\public/../application/admin/lang/zh-cn/command.php
[ info ] [ BEHAVIOR ] Run \addons\geetest\Geetest @action_begin [ RunTime:0.000040s ]
[ info ] [ RUN ] app\common\controller\Backend->index[ F:\WorkProgram\laragon\www\myone\application\admin\library\traits\Backend.php ]
[ info ] [ VIEW ] F:\WorkProgram\laragon\www\myone\public/../application/admin\view\command\index.html [ array (
  0 => 'breadcrumb',
  1 => 'site',
  2 => 'config',
  3 => 'auth',
  4 => 'admin',
  5 => 'statusList',
) ]
[ info ] [ BEHAVIOR ] Run app\admin\behavior\AdminLog @app_end [ RunTime:0.000245s ]
[ info ] [ BEHAVIOR ] Run \addons\cms\Cms @response_send [ RunTime:0.000042s ]
[ info ] [ BEHAVIOR ] Run \addons\loginbgindex\Loginbgindex @response_send [ RunTime:0.000020s ]
[ info ] [ LOG ] INIT File
[ sql ] [ DB ] CONNECT:[ UseTime:0.038279s ] mysql:host=114.55.147.127;dbname=myone;charset=utf8
[ sql ] [ SQL ] SHOW COLUMNS FROM `one_auth_group_access` [ RunTime:0.025952s ]
[ sql ] [ SQL ] SELECT `aga`.`uid`,`aga`.`group_id`,`ag`.`id`,`ag`.`pid`,`ag`.`name`,`ag`.`rules` FROM `one_auth_group_access` `aga` LEFT JOIN `one_auth_group` `ag` ON `aga`.`group_id`=`ag`.`id` WHERE  (  aga.uid='1' and ag.status='normal' ) [ RunTime:0.026517s ]
[ sql ] [ SQL ] SHOW COLUMNS FROM `one_auth_rule` [ RunTime:0.026132s ]
[ sql ] [ SQL ] SELECT `id`,`pid`,`condition`,`icon`,`name`,`title`,`ismenu` FROM `one_auth_rule` WHERE  `status` = 'normal' [ RunTime:0.026782s ]
[ sql ] [ SQL ] SELECT `title`,`remark` FROM `one_auth_rule` WHERE  `name` = 'command' LIMIT 1 [ RunTime:0.025345s ]
---------------------------------------------------------------
[ 2020-01-02T16:45:45+08:00 ] 127.0.0.1 GET myone.com/zmq.php/ajax/lang?callback=define&controllername=command&v=1577954744
[运行时间：0.038009s] [吞吐率：26.31req/s] [内存消耗：3,462.20kb] [文件加载：131]
[ info ] [ BEHAVIOR ] Run Closure @app_init [ RunTime:0.000013s ]
[ info ] [ CACHE ] INIT File
[ info ] [ BEHAVIOR ] Run \addons\cms\Cms @app_init [ RunTime:0.001996s ]
[ info ] [ BEHAVIOR ] Run Closure @app_init [ RunTime:0.002015s ]
[ info ] [ LANG ] F:\WorkProgram\laragon\www\myone\thinkphp\lang\zh-cn.php
[ info ] [ ROUTE ] array (
  'type' => 'module',
  'module' => 
  array (
    0 => 'admin',
    1 => 'ajax',
    2 => 'lang',
  ),
)
[ info ] [ HEADER ] array (
  'host' => 'myone.com',
  'connection' => 'keep-alive',
  'user-agent' => 'Mozilla/5.0 (Windows NT 10.0; WOW64) AppleWebKit/537.36 (KHTML, like Gecko) Chrome/79.0.3945.79 Safari/537.36',
  'accept' => '*/*',
  'referer' => 'http://myone.com/zmq.php/command?addtabs=1',
  'accept-encoding' => 'gzip, deflate',
  'accept-language' => 'zh-CN,zh;q=0.9',
  'cookie' => 'uid=2; token=9d2c3d3d-6b1a-4c23-a050-8c2f1a775a78; Hm_lvt_f8d0a8c400404989e195270b0bbf060a=1577496098,1577509827,1577700733,1577954728; Hm_lpvt_f8d0a8c400404989e195270b0bbf060a=1577954728; PHPSESSID=unpfu88dv64cjfsghc1r33d37v',
)
[ info ] [ PARAM ] array (
  'callback' => 'define',
  'controllername' => 'command',
  'v' => '1577954744',
)
[ info ] [ LANG ] F:\WorkProgram\laragon\www\myone\public/../application/admin\lang\zh-cn.php
[ info ] [ BEHAVIOR ] Run app\common\behavior\Common @module_init [ RunTime:0.001381s ]
[ info ] [ SESSION ] INIT array (
  'id' => '',
  'var_session_id' => '',
  'prefix' => 'think',
  'type' => '',
  'auto_start' => true,
)
[ info ] [ BEHAVIOR ] Run \addons\geetest\Geetest @config_init [ RunTime:0.000168s ]
[ info ] [ LANG ] F:\WorkProgram\laragon\www\myone\public/../application/admin/lang/zh-cn/ajax.php
[ info ] [ BEHAVIOR ] Run \addons\geetest\Geetest @action_begin [ RunTime:0.000031s ]
[ info ] [ RUN ] app\admin\controller\Ajax->lang[ F:\WorkProgram\laragon\www\myone\application\admin\controller\Ajax.php ]
[ info ] [ LANG ] F:\WorkProgram\laragon\www\myone\public/../application/admin/lang/zh-cn/command.php
[ info ] [ BEHAVIOR ] Run app\admin\behavior\AdminLog @app_end [ RunTime:0.000125s ]
[ info ] [ BEHAVIOR ] Run \addons\cms\Cms @response_send [ RunTime:0.000095s ]
[ info ] [ BEHAVIOR ] Run \addons\loginbgindex\Loginbgindex @response_send [ RunTime:0.000020s ]
[ info ] [ LOG ] INIT File
---------------------------------------------------------------
[ 2020-01-02T16:45:45+08:00 ] 127.0.0.1 GET myone.com/zmq.php/command/index?sort=id&order=desc&offset=0&limit=10&filter=%7B%7D&op=%7B%7D&_=1577954744960
[运行时间：0.375898s] [吞吐率：2.66req/s] [内存消耗：4,535.40kb] [文件加载：141]
[ info ] [ BEHAVIOR ] Run Closure @app_init [ RunTime:0.000016s ]
[ info ] [ CACHE ] INIT File
[ info ] [ BEHAVIOR ] Run \addons\cms\Cms @app_init [ RunTime:0.002510s ]
[ info ] [ BEHAVIOR ] Run Closure @app_init [ RunTime:0.002538s ]
[ info ] [ LANG ] F:\WorkProgram\laragon\www\myone\thinkphp\lang\zh-cn.php
[ info ] [ ROUTE ] array (
  'type' => 'module',
  'module' => 
  array (
    0 => 'admin',
    1 => 'command',
    2 => 'index',
  ),
)
[ info ] [ HEADER ] array (
  'host' => 'myone.com',
  'connection' => 'keep-alive',
  'accept' => 'application/json, text/javascript, */*; q=0.01',
  'x-requested-with' => 'XMLHttpRequest',
  'user-agent' => 'Mozilla/5.0 (Windows NT 10.0; WOW64) AppleWebKit/537.36 (KHTML, like Gecko) Chrome/79.0.3945.79 Safari/537.36',
  'content-type' => 'application/json',
  'referer' => 'http://myone.com/zmq.php/command?addtabs=1',
  'accept-encoding' => 'gzip, deflate',
  'accept-language' => 'zh-CN,zh;q=0.9',
  'cookie' => 'uid=2; token=9d2c3d3d-6b1a-4c23-a050-8c2f1a775a78; Hm_lvt_f8d0a8c400404989e195270b0bbf060a=1577496098,1577509827,1577700733,1577954728; Hm_lpvt_f8d0a8c400404989e195270b0bbf060a=1577954728; PHPSESSID=unpfu88dv64cjfsghc1r33d37v',
)
[ info ] [ PARAM ] array (
  'sort' => 'id',
  'order' => 'desc',
  'offset' => '0',
  'limit' => '10',
  'filter' => '{}',
  'op' => '{}',
  '_' => '1577954744960',
)
[ info ] [ LANG ] F:\WorkProgram\laragon\www\myone\public/../application/admin\lang\zh-cn.php
[ info ] [ BEHAVIOR ] Run app\common\behavior\Common @module_init [ RunTime:0.001956s ]
[ info ] [ SESSION ] INIT array (
  'id' => '',
  'var_session_id' => '',
  'prefix' => 'think',
  'type' => '',
  'auto_start' => true,
)
[ info ] [ DB ] INIT mysql
[ info ] [ BEHAVIOR ] Run \addons\geetest\Geetest @config_init [ RunTime:0.000374s ]
[ info ] [ LANG ] F:\WorkProgram\laragon\www\myone\public/../application/admin/lang/zh-cn/command.php
[ info ] [ BEHAVIOR ] Run \addons\geetest\Geetest @action_begin [ RunTime:0.000196s ]
[ info ] [ RUN ] app\common\controller\Backend->index[ F:\WorkProgram\laragon\www\myone\application\admin\library\traits\Backend.php ]
[ info ] [ BEHAVIOR ] Run app\admin\behavior\AdminLog @app_end [ RunTime:0.000132s ]
[ info ] [ BEHAVIOR ] Run \addons\cms\Cms @response_send [ RunTime:0.000063s ]
[ info ] [ BEHAVIOR ] Run \addons\loginbgindex\Loginbgindex @response_send [ RunTime:0.000021s ]
[ info ] [ LOG ] INIT File
[ sql ] [ DB ] CONNECT:[ UseTime:0.042979s ] mysql:host=114.55.147.127;dbname=myone;charset=utf8
[ sql ] [ SQL ] SHOW COLUMNS FROM `one_auth_group_access` [ RunTime:0.030787s ]
[ sql ] [ SQL ] SELECT `aga`.`uid`,`aga`.`group_id`,`ag`.`id`,`ag`.`pid`,`ag`.`name`,`ag`.`rules` FROM `one_auth_group_access` `aga` LEFT JOIN `one_auth_group` `ag` ON `aga`.`group_id`=`ag`.`id` WHERE  (  aga.uid='1' and ag.status='normal' ) [ RunTime:0.032483s ]
[ sql ] [ SQL ] SHOW COLUMNS FROM `one_auth_rule` [ RunTime:0.032299s ]
[ sql ] [ SQL ] SELECT `id`,`pid`,`condition`,`icon`,`name`,`title`,`ismenu` FROM `one_auth_rule` WHERE  `status` = 'normal' [ RunTime:0.045019s ]
[ sql ] [ SQL ] SHOW COLUMNS FROM `one_command` [ RunTime:0.062805s ]
[ sql ] [ SQL ] SELECT COUNT(*) AS tp_count FROM `one_command` ORDER BY `id` DESC LIMIT 1 [ RunTime:0.032576s ]
[ sql ] [ SQL ] SELECT * FROM `one_command` ORDER BY `id` DESC LIMIT 0,10 [ RunTime:0.027777s ]
---------------------------------------------------------------
[ 2020-01-02T16:45:45+08:00 ] 127.0.0.1 GET myone.com/zmq.php/general/config?addtabs=1
[运行时间：0.314367s] [吞吐率：3.18req/s] [内存消耗：4,744.80kb] [文件加载：140]
[ info ] [ BEHAVIOR ] Run Closure @app_init [ RunTime:0.000015s ]
[ info ] [ CACHE ] INIT File
[ info ] [ BEHAVIOR ] Run \addons\cms\Cms @app_init [ RunTime:0.002179s ]
[ info ] [ BEHAVIOR ] Run Closure @app_init [ RunTime:0.002201s ]
[ info ] [ LANG ] F:\WorkProgram\laragon\www\myone\thinkphp\lang\zh-cn.php
[ info ] [ ROUTE ] array (
  'type' => 'module',
  'module' => 
  array (
    0 => 'admin',
    1 => 'general.config',
    2 => NULL,
  ),
)
[ info ] [ HEADER ] array (
  'host' => 'myone.com',
  'connection' => 'keep-alive',
  'upgrade-insecure-requests' => '1',
  'user-agent' => 'Mozilla/5.0 (Windows NT 10.0; WOW64) AppleWebKit/537.36 (KHTML, like Gecko) Chrome/79.0.3945.79 Safari/537.36',
  'accept' => 'text/html,application/xhtml+xml,application/xml;q=0.9,image/webp,image/apng,*/*;q=0.8,application/signed-exchange;v=b3;q=0.9',
  'referer' => 'http://myone.com/zmq.php/general/config?ref=addtabs',
  'accept-encoding' => 'gzip, deflate',
  'accept-language' => 'zh-CN,zh;q=0.9',
  'cookie' => 'uid=2; token=9d2c3d3d-6b1a-4c23-a050-8c2f1a775a78; Hm_lvt_f8d0a8c400404989e195270b0bbf060a=1577496098,1577509827,1577700733,1577954728; Hm_lpvt_f8d0a8c400404989e195270b0bbf060a=1577954728; PHPSESSID=unpfu88dv64cjfsghc1r33d37v',
)
[ info ] [ PARAM ] array (
  'addtabs' => '1',
)
[ info ] [ LANG ] F:\WorkProgram\laragon\www\myone\public/../application/admin\lang\zh-cn.php
[ info ] [ BEHAVIOR ] Run app\common\behavior\Common @module_init [ RunTime:0.001508s ]
[ info ] [ SESSION ] INIT array (
  'id' => '',
  'var_session_id' => '',
  'prefix' => 'think',
  'type' => '',
  'auto_start' => true,
)
[ info ] [ DB ] INIT mysql
[ info ] [ BEHAVIOR ] Run \addons\geetest\Geetest @config_init [ RunTime:0.000209s ]
[ info ] [ LANG ] F:\WorkProgram\laragon\www\myone\public/../application/admin/lang/zh-cn/general/config.php
[ info ] [ BEHAVIOR ] Run \addons\geetest\Geetest @action_begin [ RunTime:0.000029s ]
[ info ] [ RUN ] app\admin\controller\general\Config->index[ F:\WorkProgram\laragon\www\myone\application\admin\controller\general\Config.php ]
[ info ] [ VIEW ] F:\WorkProgram\laragon\www\myone\public/../application/admin\view\general\config\index.html [ array (
  0 => 'breadcrumb',
  1 => 'site',
  2 => 'config',
  3 => 'auth',
  4 => 'admin',
  5 => 'siteList',
  6 => 'typeList',
  7 => 'groupList',
) ]
[ info ] [ BEHAVIOR ] Run app\admin\behavior\AdminLog @app_end [ RunTime:0.000156s ]
[ info ] [ BEHAVIOR ] Run \addons\cms\Cms @response_send [ RunTime:0.000082s ]
[ info ] [ BEHAVIOR ] Run \addons\loginbgindex\Loginbgindex @response_send [ RunTime:0.000020s ]
[ info ] [ LOG ] INIT File
[ sql ] [ DB ] CONNECT:[ UseTime:0.032824s ] mysql:host=114.55.147.127;dbname=myone;charset=utf8
[ sql ] [ SQL ] SHOW COLUMNS FROM `one_auth_group_access` [ RunTime:0.029013s ]
[ sql ] [ SQL ] SELECT `aga`.`uid`,`aga`.`group_id`,`ag`.`id`,`ag`.`pid`,`ag`.`name`,`ag`.`rules` FROM `one_auth_group_access` `aga` LEFT JOIN `one_auth_group` `ag` ON `aga`.`group_id`=`ag`.`id` WHERE  (  aga.uid='1' and ag.status='normal' ) [ RunTime:0.023653s ]
[ sql ] [ SQL ] SHOW COLUMNS FROM `one_auth_rule` [ RunTime:0.024071s ]
[ sql ] [ SQL ] SELECT `id`,`pid`,`condition`,`icon`,`name`,`title`,`ismenu` FROM `one_auth_rule` WHERE  `status` = 'normal' [ RunTime:0.027200s ]
[ sql ] [ SQL ] SHOW COLUMNS FROM `one_config` [ RunTime:0.024604s ]
[ sql ] [ SQL ] SELECT * FROM `one_config` [ RunTime:0.022873s ]
[ sql ] [ SQL ] SELECT `title`,`remark` FROM `one_auth_rule` WHERE  `name` = 'general/config' LIMIT 1 [ RunTime:0.022451s ]
---------------------------------------------------------------
[ 2020-01-02T16:45:45+08:00 ] 127.0.0.1 GET myone.com/zmq.php/ajax/lang?callback=define&controllername=general.config&v=1577954745
[运行时间：0.038373s] [吞吐率：26.06req/s] [内存消耗：3,465.34kb] [文件加载：131]
[ info ] [ BEHAVIOR ] Run Closure @app_init [ RunTime:0.000013s ]
[ info ] [ CACHE ] INIT File
[ info ] [ BEHAVIOR ] Run \addons\cms\Cms @app_init [ RunTime:0.001996s ]
[ info ] [ BEHAVIOR ] Run Closure @app_init [ RunTime:0.002013s ]
[ info ] [ LANG ] F:\WorkProgram\laragon\www\myone\thinkphp\lang\zh-cn.php
[ info ] [ ROUTE ] array (
  'type' => 'module',
  'module' => 
  array (
    0 => 'admin',
    1 => 'ajax',
    2 => 'lang',
  ),
)
[ info ] [ HEADER ] array (
  'host' => 'myone.com',
  'connection' => 'keep-alive',
  'user-agent' => 'Mozilla/5.0 (Windows NT 10.0; WOW64) AppleWebKit/537.36 (KHTML, like Gecko) Chrome/79.0.3945.79 Safari/537.36',
  'accept' => '*/*',
  'referer' => 'http://myone.com/zmq.php/general/config?addtabs=1',
  'accept-encoding' => 'gzip, deflate',
  'accept-language' => 'zh-CN,zh;q=0.9',
  'cookie' => 'uid=2; token=9d2c3d3d-6b1a-4c23-a050-8c2f1a775a78; Hm_lvt_f8d0a8c400404989e195270b0bbf060a=1577496098,1577509827,1577700733,1577954728; Hm_lpvt_f8d0a8c400404989e195270b0bbf060a=1577954728; PHPSESSID=unpfu88dv64cjfsghc1r33d37v',
)
[ info ] [ PARAM ] array (
  'callback' => 'define',
  'controllername' => 'general.config',
  'v' => '1577954745',
)
[ info ] [ LANG ] F:\WorkProgram\laragon\www\myone\public/../application/admin\lang\zh-cn.php
[ info ] [ BEHAVIOR ] Run app\common\behavior\Common @module_init [ RunTime:0.001402s ]
[ info ] [ SESSION ] INIT array (
  'id' => '',
  'var_session_id' => '',
  'prefix' => 'think',
  'type' => '',
  'auto_start' => true,
)
[ info ] [ BEHAVIOR ] Run \addons\geetest\Geetest @config_init [ RunTime:0.000169s ]
[ info ] [ LANG ] F:\WorkProgram\laragon\www\myone\public/../application/admin/lang/zh-cn/ajax.php
[ info ] [ BEHAVIOR ] Run \addons\geetest\Geetest @action_begin [ RunTime:0.000024s ]
[ info ] [ RUN ] app\admin\controller\Ajax->lang[ F:\WorkProgram\laragon\www\myone\application\admin\controller\Ajax.php ]
[ info ] [ LANG ] F:\WorkProgram\laragon\www\myone\public/../application/admin/lang/zh-cn/general/config.php
[ info ] [ BEHAVIOR ] Run app\admin\behavior\AdminLog @app_end [ RunTime:0.000121s ]
[ info ] [ BEHAVIOR ] Run \addons\cms\Cms @response_send [ RunTime:0.000101s ]
[ info ] [ BEHAVIOR ] Run \addons\loginbgindex\Loginbgindex @response_send [ RunTime:0.000020s ]
[ info ] [ LOG ] INIT File
---------------------------------------------------------------
[ 2020-01-02T16:45:46+08:00 ] 127.0.0.1 GET myone.com/zmq.php/general/1
[运行时间：0.069028s] [吞吐率：14.49req/s] [内存消耗：2,647.26kb] [文件加载：121]
[ info ] [ BEHAVIOR ] Run Closure @app_init [ RunTime:0.000015s ]
[ info ] [ CACHE ] INIT File
[ info ] [ BEHAVIOR ] Run \addons\cms\Cms @app_init [ RunTime:0.002290s ]
[ info ] [ BEHAVIOR ] Run Closure @app_init [ RunTime:0.002313s ]
[ info ] [ LANG ] F:\WorkProgram\laragon\www\myone\thinkphp\lang\zh-cn.php
[ info ] [ ROUTE ] array (
  'type' => 'module',
  'module' => 
  array (
    0 => 'admin',
    1 => 'general',
    2 => '1',
  ),
)
[ info ] [ HEADER ] array (
  'host' => 'myone.com',
  'connection' => 'keep-alive',
  'user-agent' => 'Mozilla/5.0 (Windows NT 10.0; WOW64) AppleWebKit/537.36 (KHTML, like Gecko) Chrome/79.0.3945.79 Safari/537.36',
  'accept' => 'image/webp,image/apng,image/*,*/*;q=0.8',
  'referer' => 'http://myone.com/zmq.php/general/config?addtabs=1',
  'accept-encoding' => 'gzip, deflate',
  'accept-language' => 'zh-CN,zh;q=0.9',
  'cookie' => 'uid=2; token=9d2c3d3d-6b1a-4c23-a050-8c2f1a775a78; Hm_lvt_f8d0a8c400404989e195270b0bbf060a=1577496098,1577509827,1577700733,1577954728; Hm_lpvt_f8d0a8c400404989e195270b0bbf060a=1577954728; PHPSESSID=unpfu88dv64cjfsghc1r33d37v',
)
[ info ] [ PARAM ] array (
)
[ info ] [ LANG ] F:\WorkProgram\laragon\www\myone\public/../application/admin\lang\zh-cn.php
[ info ] [ BEHAVIOR ] Run app\common\behavior\Common @module_init [ RunTime:0.001387s ]
[ info ] [ BEHAVIOR ] Run \addons\cms\Cms @response_send [ RunTime:0.000087s ]
[ info ] [ BEHAVIOR ] Run \addons\loginbgindex\Loginbgindex @response_send [ RunTime:0.000024s ]
[ info ] [ LOG ] INIT File
---------------------------------------------------------------
[ 2020-01-02T16:45:46+08:00 ] 127.0.0.1 GET myone.com/zmq.php/category?addtabs=1
[运行时间：0.429792s] [吞吐率：2.33req/s] [内存消耗：4,701.71kb] [文件加载：143]
[ info ] [ BEHAVIOR ] Run Closure @app_init [ RunTime:0.000014s ]
[ info ] [ CACHE ] INIT File
[ info ] [ BEHAVIOR ] Run \addons\cms\Cms @app_init [ RunTime:0.002186s ]
[ info ] [ BEHAVIOR ] Run Closure @app_init [ RunTime:0.002207s ]
[ info ] [ LANG ] F:\WorkProgram\laragon\www\myone\thinkphp\lang\zh-cn.php
[ info ] [ ROUTE ] array (
  'type' => 'module',
  'module' => 
  array (
    0 => 'admin',
    1 => 'category',
    2 => NULL,
  ),
)
[ info ] [ HEADER ] array (
  'host' => 'myone.com',
  'connection' => 'keep-alive',
  'upgrade-insecure-requests' => '1',
  'user-agent' => 'Mozilla/5.0 (Windows NT 10.0; WOW64) AppleWebKit/537.36 (KHTML, like Gecko) Chrome/79.0.3945.79 Safari/537.36',
  'accept' => 'text/html,application/xhtml+xml,application/xml;q=0.9,image/webp,image/apng,*/*;q=0.8,application/signed-exchange;v=b3;q=0.9',
  'referer' => 'http://myone.com/zmq.php/category?ref=addtabs',
  'accept-encoding' => 'gzip, deflate',
  'accept-language' => 'zh-CN,zh;q=0.9',
  'cookie' => 'uid=2; token=9d2c3d3d-6b1a-4c23-a050-8c2f1a775a78; Hm_lvt_f8d0a8c400404989e195270b0bbf060a=1577496098,1577509827,1577700733,1577954728; Hm_lpvt_f8d0a8c400404989e195270b0bbf060a=1577954728; PHPSESSID=unpfu88dv64cjfsghc1r33d37v',
)
[ info ] [ PARAM ] array (
  'addtabs' => '1',
)
[ info ] [ LANG ] F:\WorkProgram\laragon\www\myone\public/../application/admin\lang\zh-cn.php
[ info ] [ BEHAVIOR ] Run app\common\behavior\Common @module_init [ RunTime:0.001596s ]
[ info ] [ SESSION ] INIT array (
  'id' => '',
  'var_session_id' => '',
  'prefix' => 'think',
  'type' => '',
  'auto_start' => true,
)
[ info ] [ DB ] INIT mysql
[ info ] [ BEHAVIOR ] Run \addons\geetest\Geetest @config_init [ RunTime:0.000168s ]
[ info ] [ LANG ] F:\WorkProgram\laragon\www\myone\public/../application/admin/lang/zh-cn/category.php
[ info ] [ BEHAVIOR ] Run \addons\geetest\Geetest @action_begin [ RunTime:0.000037s ]
[ info ] [ RUN ] app\admin\controller\Category->index[ F:\WorkProgram\laragon\www\myone\application\admin\controller\Category.php ]
[ info ] [ VIEW ] F:\WorkProgram\laragon\www\myone\public/../application/admin\view\category\index.html [ array (
  0 => 'breadcrumb',
  1 => 'site',
  2 => 'config',
  3 => 'auth',
  4 => 'admin',
  5 => 'flagList',
  6 => 'typeList',
  7 => 'parentList',
) ]
[ info ] [ BEHAVIOR ] Run app\admin\behavior\AdminLog @app_end [ RunTime:0.000434s ]
[ info ] [ BEHAVIOR ] Run \addons\cms\Cms @response_send [ RunTime:0.000130s ]
[ info ] [ BEHAVIOR ] Run \addons\loginbgindex\Loginbgindex @response_send [ RunTime:0.000064s ]
[ info ] [ LOG ] INIT File
[ sql ] [ DB ] CONNECT:[ UseTime:0.039414s ] mysql:host=114.55.147.127;dbname=myone;charset=utf8
[ sql ] [ SQL ] SHOW COLUMNS FROM `one_auth_group_access` [ RunTime:0.039073s ]
[ sql ] [ SQL ] SELECT `aga`.`uid`,`aga`.`group_id`,`ag`.`id`,`ag`.`pid`,`ag`.`name`,`ag`.`rules` FROM `one_auth_group_access` `aga` LEFT JOIN `one_auth_group` `ag` ON `aga`.`group_id`=`ag`.`id` WHERE  (  aga.uid='1' and ag.status='normal' ) [ RunTime:0.040610s ]
[ sql ] [ SQL ] SHOW COLUMNS FROM `one_auth_rule` [ RunTime:0.045388s ]
[ sql ] [ SQL ] SELECT `id`,`pid`,`condition`,`icon`,`name`,`title`,`ismenu` FROM `one_auth_rule` WHERE  `status` = 'normal' [ RunTime:0.041129s ]
[ sql ] [ SQL ] SHOW COLUMNS FROM `one_category` [ RunTime:0.065736s ]
[ sql ] [ SQL ] SELECT * FROM `one_category` ORDER BY `weigh` DESC,`id` DESC [ RunTime:0.027154s ]
[ sql ] [ SQL ] SELECT `title`,`remark` FROM `one_auth_rule` WHERE  `name` = 'category' LIMIT 1 [ RunTime:0.053008s ]
---------------------------------------------------------------
[ 2020-01-02T16:45:46+08:00 ] 127.0.0.1 GET myone.com/zmq.php/ajax/lang?callback=define&controllername=category&v=1577954746
[运行时间：0.050449s] [吞吐率：19.82req/s] [内存消耗：3,462.51kb] [文件加载：131]
[ info ] [ BEHAVIOR ] Run Closure @app_init [ RunTime:0.000014s ]
[ info ] [ CACHE ] INIT File
[ info ] [ BEHAVIOR ] Run \addons\cms\Cms @app_init [ RunTime:0.002011s ]
[ info ] [ BEHAVIOR ] Run Closure @app_init [ RunTime:0.002028s ]
[ info ] [ LANG ] F:\WorkProgram\laragon\www\myone\thinkphp\lang\zh-cn.php
[ info ] [ ROUTE ] array (
  'type' => 'module',
  'module' => 
  array (
    0 => 'admin',
    1 => 'ajax',
    2 => 'lang',
  ),
)
[ info ] [ HEADER ] array (
  'host' => 'myone.com',
  'connection' => 'keep-alive',
  'user-agent' => 'Mozilla/5.0 (Windows NT 10.0; WOW64) AppleWebKit/537.36 (KHTML, like Gecko) Chrome/79.0.3945.79 Safari/537.36',
  'accept' => '*/*',
  'referer' => 'http://myone.com/zmq.php/category?addtabs=1',
  'accept-encoding' => 'gzip, deflate',
  'accept-language' => 'zh-CN,zh;q=0.9',
  'cookie' => 'uid=2; token=9d2c3d3d-6b1a-4c23-a050-8c2f1a775a78; Hm_lvt_f8d0a8c400404989e195270b0bbf060a=1577496098,1577509827,1577700733,1577954728; Hm_lpvt_f8d0a8c400404989e195270b0bbf060a=1577954728; PHPSESSID=unpfu88dv64cjfsghc1r33d37v',
)
[ info ] [ PARAM ] array (
  'callback' => 'define',
  'controllername' => 'category',
  'v' => '1577954746',
)
[ info ] [ LANG ] F:\WorkProgram\laragon\www\myone\public/../application/admin\lang\zh-cn.php
[ info ] [ BEHAVIOR ] Run app\common\behavior\Common @module_init [ RunTime:0.001810s ]
[ info ] [ SESSION ] INIT array (
  'id' => '',
  'var_session_id' => '',
  'prefix' => 'think',
  'type' => '',
  'auto_start' => true,
)
[ info ] [ BEHAVIOR ] Run \addons\geetest\Geetest @config_init [ RunTime:0.000163s ]
[ info ] [ LANG ] F:\WorkProgram\laragon\www\myone\public/../application/admin/lang/zh-cn/ajax.php
[ info ] [ BEHAVIOR ] Run \addons\geetest\Geetest @action_begin [ RunTime:0.000023s ]
[ info ] [ RUN ] app\admin\controller\Ajax->lang[ F:\WorkProgram\laragon\www\myone\application\admin\controller\Ajax.php ]
[ info ] [ LANG ] F:\WorkProgram\laragon\www\myone\public/../application/admin/lang/zh-cn/category.php
[ info ] [ BEHAVIOR ] Run app\admin\behavior\AdminLog @app_end [ RunTime:0.000119s ]
[ info ] [ BEHAVIOR ] Run \addons\cms\Cms @response_send [ RunTime:0.000099s ]
[ info ] [ BEHAVIOR ] Run \addons\loginbgindex\Loginbgindex @response_send [ RunTime:0.000020s ]
[ info ] [ LOG ] INIT File
---------------------------------------------------------------
[ 2020-01-02T16:45:47+08:00 ] 127.0.0.1 GET myone.com/zmq.php/addon?addtabs=1
[运行时间：0.579568s] [吞吐率：1.73req/s] [内存消耗：5,049.95kb] [文件加载：186]
[ info ] [ BEHAVIOR ] Run Closure @app_init [ RunTime:0.000025s ]
[ info ] [ CACHE ] INIT File
[ info ] [ BEHAVIOR ] Run \addons\cms\Cms @app_init [ RunTime:0.002184s ]
[ info ] [ BEHAVIOR ] Run Closure @app_init [ RunTime:0.002210s ]
[ info ] [ LANG ] F:\WorkProgram\laragon\www\myone\thinkphp\lang\zh-cn.php
[ info ] [ ROUTE ] array (
  'type' => 'module',
  'module' => 
  array (
    0 => 'admin',
    1 => 'addon',
    2 => NULL,
  ),
)
[ info ] [ HEADER ] array (
  'host' => 'myone.com',
  'connection' => 'keep-alive',
  'upgrade-insecure-requests' => '1',
  'user-agent' => 'Mozilla/5.0 (Windows NT 10.0; WOW64) AppleWebKit/537.36 (KHTML, like Gecko) Chrome/79.0.3945.79 Safari/537.36',
  'accept' => 'text/html,application/xhtml+xml,application/xml;q=0.9,image/webp,image/apng,*/*;q=0.8,application/signed-exchange;v=b3;q=0.9',
  'referer' => 'http://myone.com/zmq.php/addon?ref=addtabs',
  'accept-encoding' => 'gzip, deflate',
  'accept-language' => 'zh-CN,zh;q=0.9',
  'cookie' => 'uid=2; token=9d2c3d3d-6b1a-4c23-a050-8c2f1a775a78; Hm_lvt_f8d0a8c400404989e195270b0bbf060a=1577496098,1577509827,1577700733,1577954728; Hm_lpvt_f8d0a8c400404989e195270b0bbf060a=1577954728; PHPSESSID=unpfu88dv64cjfsghc1r33d37v',
)
[ info ] [ PARAM ] array (
  'addtabs' => '1',
)
[ info ] [ LANG ] F:\WorkProgram\laragon\www\myone\public/../application/admin\lang\zh-cn.php
[ info ] [ BEHAVIOR ] Run app\common\behavior\Common @module_init [ RunTime:0.001381s ]
[ info ] [ SESSION ] INIT array (
  'id' => '',
  'var_session_id' => '',
  'prefix' => 'think',
  'type' => '',
  'auto_start' => true,
)
[ info ] [ DB ] INIT mysql
[ info ] [ BEHAVIOR ] Run \addons\geetest\Geetest @config_init [ RunTime:0.009434s ]
[ info ] [ LANG ] F:\WorkProgram\laragon\www\myone\public/../application/admin/lang/zh-cn/addon.php
[ info ] [ BEHAVIOR ] Run \addons\geetest\Geetest @action_begin [ RunTime:0.000142s ]
[ info ] [ RUN ] app\admin\controller\Addon->index[ F:\WorkProgram\laragon\www\myone\application\admin\controller\Addon.php ]
[ info ] [ VIEW ] F:\WorkProgram\laragon\www\myone\public/../application/admin\view\addon\index.html [ array (
  0 => 'breadcrumb',
  1 => 'site',
  2 => 'config',
  3 => 'auth',
  4 => 'admin',
) ]
[ info ] [ BEHAVIOR ] Run app\admin\behavior\AdminLog @app_end [ RunTime:0.000223s ]
[ info ] [ BEHAVIOR ] Run \addons\cms\Cms @response_send [ RunTime:0.000102s ]
[ info ] [ BEHAVIOR ] Run \addons\loginbgindex\Loginbgindex @response_send [ RunTime:0.000033s ]
[ info ] [ LOG ] INIT File
[ sql ] [ DB ] CONNECT:[ UseTime:0.067765s ] mysql:host=114.55.147.127;dbname=myone;charset=utf8
[ sql ] [ SQL ] SHOW COLUMNS FROM `one_auth_group_access` [ RunTime:0.038569s ]
[ sql ] [ SQL ] SELECT `aga`.`uid`,`aga`.`group_id`,`ag`.`id`,`ag`.`pid`,`ag`.`name`,`ag`.`rules` FROM `one_auth_group_access` `aga` LEFT JOIN `one_auth_group` `ag` ON `aga`.`group_id`=`ag`.`id` WHERE  (  aga.uid='1' and ag.status='normal' ) [ RunTime:0.045731s ]
[ sql ] [ SQL ] SHOW COLUMNS FROM `one_auth_rule` [ RunTime:0.047224s ]
[ sql ] [ SQL ] SELECT `id`,`pid`,`condition`,`icon`,`name`,`title`,`ismenu` FROM `one_auth_rule` WHERE  `status` = 'normal' [ RunTime:0.034977s ]
[ sql ] [ SQL ] SELECT `title`,`remark` FROM `one_auth_rule` WHERE  `name` = 'addon' LIMIT 1 [ RunTime:0.027987s ]
---------------------------------------------------------------
[ 2020-01-02T16:45:47+08:00 ] 127.0.0.1 GET myone.com/zmq.php/category/index?sort=weigh&order=desc&_=1577954746629
[运行时间：0.731419s] [吞吐率：1.37req/s] [内存消耗：4,492.59kb] [文件加载：141]
[ info ] [ BEHAVIOR ] Run Closure @app_init [ RunTime:0.000013s ]
[ info ] [ CACHE ] INIT File
[ info ] [ BEHAVIOR ] Run \addons\cms\Cms @app_init [ RunTime:0.002020s ]
[ info ] [ BEHAVIOR ] Run Closure @app_init [ RunTime:0.002041s ]
[ info ] [ LANG ] F:\WorkProgram\laragon\www\myone\thinkphp\lang\zh-cn.php
[ info ] [ ROUTE ] array (
  'type' => 'module',
  'module' => 
  array (
    0 => 'admin',
    1 => 'category',
    2 => 'index',
  ),
)
[ info ] [ HEADER ] array (
  'host' => 'myone.com',
  'connection' => 'keep-alive',
  'accept' => 'application/json, text/javascript, */*; q=0.01',
  'x-requested-with' => 'XMLHttpRequest',
  'user-agent' => 'Mozilla/5.0 (Windows NT 10.0; WOW64) AppleWebKit/537.36 (KHTML, like Gecko) Chrome/79.0.3945.79 Safari/537.36',
  'content-type' => 'application/json',
  'referer' => 'http://myone.com/zmq.php/category?addtabs=1',
  'accept-encoding' => 'gzip, deflate',
  'accept-language' => 'zh-CN,zh;q=0.9',
  'cookie' => 'uid=2; token=9d2c3d3d-6b1a-4c23-a050-8c2f1a775a78; Hm_lvt_f8d0a8c400404989e195270b0bbf060a=1577496098,1577509827,1577700733,1577954728; Hm_lpvt_f8d0a8c400404989e195270b0bbf060a=1577954728; PHPSESSID=unpfu88dv64cjfsghc1r33d37v',
)
[ info ] [ PARAM ] array (
  'sort' => 'weigh',
  'order' => 'desc',
  '_' => '1577954746629',
)
[ info ] [ LANG ] F:\WorkProgram\laragon\www\myone\public/../application/admin\lang\zh-cn.php
[ info ] [ BEHAVIOR ] Run app\common\behavior\Common @module_init [ RunTime:0.001468s ]
[ info ] [ SESSION ] INIT array (
  'id' => '',
  'var_session_id' => '',
  'prefix' => 'think',
  'type' => '',
  'auto_start' => true,
)
[ info ] [ DB ] INIT mysql
[ info ] [ BEHAVIOR ] Run \addons\geetest\Geetest @config_init [ RunTime:0.000213s ]
[ info ] [ LANG ] F:\WorkProgram\laragon\www\myone\public/../application/admin/lang/zh-cn/category.php
[ info ] [ BEHAVIOR ] Run \addons\geetest\Geetest @action_begin [ RunTime:0.000047s ]
[ info ] [ RUN ] app\admin\controller\Category->index[ F:\WorkProgram\laragon\www\myone\application\admin\controller\Category.php ]
[ info ] [ BEHAVIOR ] Run app\admin\behavior\AdminLog @app_end [ RunTime:0.000132s ]
[ info ] [ BEHAVIOR ] Run \addons\cms\Cms @response_send [ RunTime:0.000055s ]
[ info ] [ BEHAVIOR ] Run \addons\loginbgindex\Loginbgindex @response_send [ RunTime:0.000022s ]
[ info ] [ LOG ] INIT File
[ sql ] [ DB ] CONNECT:[ UseTime:0.032930s ] mysql:host=114.55.147.127;dbname=myone;charset=utf8
[ sql ] [ SQL ] SHOW COLUMNS FROM `one_auth_group_access` [ RunTime:0.024059s ]
[ sql ] [ SQL ] SELECT `aga`.`uid`,`aga`.`group_id`,`ag`.`id`,`ag`.`pid`,`ag`.`name`,`ag`.`rules` FROM `one_auth_group_access` `aga` LEFT JOIN `one_auth_group` `ag` ON `aga`.`group_id`=`ag`.`id` WHERE  (  aga.uid='1' and ag.status='normal' ) [ RunTime:0.022667s ]
[ sql ] [ SQL ] SHOW COLUMNS FROM `one_auth_rule` [ RunTime:0.024998s ]
[ sql ] [ SQL ] SELECT `id`,`pid`,`condition`,`icon`,`name`,`title`,`ismenu` FROM `one_auth_rule` WHERE  `status` = 'normal' [ RunTime:0.025748s ]
[ sql ] [ SQL ] SHOW COLUMNS FROM `one_category` [ RunTime:0.023213s ]
[ sql ] [ SQL ] SELECT * FROM `one_category` ORDER BY `weigh` DESC,`id` DESC [ RunTime:0.023187s ]
---------------------------------------------------------------
[ 2020-01-02T16:45:47+08:00 ] 127.0.0.1 GET myone.com/zmq.php/ajax/lang?callback=define&controllername=addon&v=1577954746
[运行时间：0.082143s] [吞吐率：12.17req/s] [内存消耗：3,485.28kb] [文件加载：131]
[ info ] [ BEHAVIOR ] Run Closure @app_init [ RunTime:0.000015s ]
[ info ] [ CACHE ] INIT File
[ info ] [ BEHAVIOR ] Run \addons\cms\Cms @app_init [ RunTime:0.002324s ]
[ info ] [ BEHAVIOR ] Run Closure @app_init [ RunTime:0.002346s ]
[ info ] [ LANG ] F:\WorkProgram\laragon\www\myone\thinkphp\lang\zh-cn.php
[ info ] [ ROUTE ] array (
  'type' => 'module',
  'module' => 
  array (
    0 => 'admin',
    1 => 'ajax',
    2 => 'lang',
  ),
)
[ info ] [ HEADER ] array (
  'host' => 'myone.com',
  'connection' => 'keep-alive',
  'user-agent' => 'Mozilla/5.0 (Windows NT 10.0; WOW64) AppleWebKit/537.36 (KHTML, like Gecko) Chrome/79.0.3945.79 Safari/537.36',
  'accept' => '*/*',
  'referer' => 'http://myone.com/zmq.php/addon?addtabs=1',
  'accept-encoding' => 'gzip, deflate',
  'accept-language' => 'zh-CN,zh;q=0.9',
  'cookie' => 'uid=2; token=9d2c3d3d-6b1a-4c23-a050-8c2f1a775a78; Hm_lvt_f8d0a8c400404989e195270b0bbf060a=1577496098,1577509827,1577700733,1577954728; Hm_lpvt_f8d0a8c400404989e195270b0bbf060a=1577954728; PHPSESSID=unpfu88dv64cjfsghc1r33d37v',
)
[ info ] [ PARAM ] array (
  'callback' => 'define',
  'controllername' => 'addon',
  'v' => '1577954746',
)
[ info ] [ LANG ] F:\WorkProgram\laragon\www\myone\public/../application/admin\lang\zh-cn.php
[ info ] [ BEHAVIOR ] Run app\common\behavior\Common @module_init [ RunTime:0.001500s ]
[ info ] [ SESSION ] INIT array (
  'id' => '',
  'var_session_id' => '',
  'prefix' => 'think',
  'type' => '',
  'auto_start' => true,
)
[ info ] [ BEHAVIOR ] Run \addons\geetest\Geetest @config_init [ RunTime:0.000202s ]
[ info ] [ LANG ] F:\WorkProgram\laragon\www\myone\public/../application/admin/lang/zh-cn/ajax.php
[ info ] [ BEHAVIOR ] Run \addons\geetest\Geetest @action_begin [ RunTime:0.000024s ]
[ info ] [ RUN ] app\admin\controller\Ajax->lang[ F:\WorkProgram\laragon\www\myone\application\admin\controller\Ajax.php ]
[ info ] [ LANG ] F:\WorkProgram\laragon\www\myone\public/../application/admin/lang/zh-cn/addon.php
[ info ] [ BEHAVIOR ] Run app\admin\behavior\AdminLog @app_end [ RunTime:0.000151s ]
[ info ] [ BEHAVIOR ] Run \addons\cms\Cms @response_send [ RunTime:0.000115s ]
[ info ] [ BEHAVIOR ] Run \addons\loginbgindex\Loginbgindex @response_send [ RunTime:0.000019s ]
[ info ] [ LOG ] INIT File
---------------------------------------------------------------
[ 2020-01-02T16:45:47+08:00 ] 127.0.0.1 GET myone.com/assets/img/qrcode.png
[运行时间：0.036313s] [吞吐率：27.54req/s] [内存消耗：2,362.48kb] [文件加载：115]
[ info ] [ BEHAVIOR ] Run Closure @app_init [ RunTime:0.000016s ]
[ info ] [ CACHE ] INIT File
[ info ] [ BEHAVIOR ] Run \addons\cms\Cms @app_init [ RunTime:0.002407s ]
[ info ] [ BEHAVIOR ] Run Closure @app_init [ RunTime:0.002430s ]
[ info ] [ LANG ] F:\WorkProgram\laragon\www\myone\thinkphp\lang\zh-cn.php
[ info ] [ ROUTE ] array (
  'type' => 'module',
  'module' => 
  array (
    0 => 'assets',
    1 => 'img',
    2 => 'qrcode.png',
  ),
)
[ info ] [ HEADER ] array (
  'host' => 'myone.com',
  'connection' => 'keep-alive',
  'user-agent' => 'Mozilla/5.0 (Windows NT 10.0; WOW64) AppleWebKit/537.36 (KHTML, like Gecko) Chrome/79.0.3945.79 Safari/537.36',
  'accept' => 'image/webp,image/apng,image/*,*/*;q=0.8',
  'referer' => 'http://myone.com/zmq.php/category?addtabs=1',
  'accept-encoding' => 'gzip, deflate',
  'accept-language' => 'zh-CN,zh;q=0.9',
  'cookie' => 'uid=2; token=9d2c3d3d-6b1a-4c23-a050-8c2f1a775a78; Hm_lvt_f8d0a8c400404989e195270b0bbf060a=1577496098,1577509827,1577700733,1577954728; Hm_lpvt_f8d0a8c400404989e195270b0bbf060a=1577954728; PHPSESSID=unpfu88dv64cjfsghc1r33d37v',
)
[ info ] [ PARAM ] array (
)
[ info ] [ BEHAVIOR ] Run \addons\cms\Cms @response_send [ RunTime:0.000058s ]
[ info ] [ BEHAVIOR ] Run \addons\loginbgindex\Loginbgindex @response_send [ RunTime:0.000022s ]
[ info ] [ LOG ] INIT File
---------------------------------------------------------------
[ 2020-01-02T16:45:47+08:00 ] 127.0.0.1 GET myone.com/zmq.php/auth/admin?addtabs=1
[运行时间：0.390388s] [吞吐率：2.56req/s] [内存消耗：4,703.91kb] [文件加载：144]
[ info ] [ BEHAVIOR ] Run Closure @app_init [ RunTime:0.000011s ]
[ info ] [ CACHE ] INIT File
[ info ] [ BEHAVIOR ] Run \addons\cms\Cms @app_init [ RunTime:0.002360s ]
[ info ] [ BEHAVIOR ] Run Closure @app_init [ RunTime:0.002386s ]
[ info ] [ LANG ] F:\WorkProgram\laragon\www\myone\thinkphp\lang\zh-cn.php
[ info ] [ ROUTE ] array (
  'type' => 'module',
  'module' => 
  array (
    0 => 'admin',
    1 => 'auth.admin',
    2 => NULL,
  ),
)
[ info ] [ HEADER ] array (
  'host' => 'myone.com',
  'connection' => 'keep-alive',
  'upgrade-insecure-requests' => '1',
  'user-agent' => 'Mozilla/5.0 (Windows NT 10.0; WOW64) AppleWebKit/537.36 (KHTML, like Gecko) Chrome/79.0.3945.79 Safari/537.36',
  'accept' => 'text/html,application/xhtml+xml,application/xml;q=0.9,image/webp,image/apng,*/*;q=0.8,application/signed-exchange;v=b3;q=0.9',
  'referer' => 'http://myone.com/zmq.php/auth/admin?ref=addtabs',
  'accept-encoding' => 'gzip, deflate',
  'accept-language' => 'zh-CN,zh;q=0.9',
  'cookie' => 'uid=2; token=9d2c3d3d-6b1a-4c23-a050-8c2f1a775a78; Hm_lvt_f8d0a8c400404989e195270b0bbf060a=1577496098,1577509827,1577700733,1577954728; Hm_lpvt_f8d0a8c400404989e195270b0bbf060a=1577954728; PHPSESSID=unpfu88dv64cjfsghc1r33d37v',
)
[ info ] [ PARAM ] array (
  'addtabs' => '1',
)
[ info ] [ LANG ] F:\WorkProgram\laragon\www\myone\public/../application/admin\lang\zh-cn.php
[ info ] [ BEHAVIOR ] Run app\common\behavior\Common @module_init [ RunTime:0.001334s ]
[ info ] [ SESSION ] INIT array (
  'id' => '',
  'var_session_id' => '',
  'prefix' => 'think',
  'type' => '',
  'auto_start' => true,
)
[ info ] [ DB ] INIT mysql
[ info ] [ BEHAVIOR ] Run \addons\geetest\Geetest @config_init [ RunTime:0.000183s ]
[ info ] [ LANG ] F:\WorkProgram\laragon\www\myone\public/../application/admin/lang/zh-cn/auth/admin.php
[ info ] [ BEHAVIOR ] Run \addons\geetest\Geetest @action_begin [ RunTime:0.000039s ]
[ info ] [ RUN ] app\admin\controller\auth\Admin->index[ F:\WorkProgram\laragon\www\myone\application\admin\controller\auth\Admin.php ]
[ info ] [ VIEW ] F:\WorkProgram\laragon\www\myone\public/../application/admin\view\auth\admin\index.html [ array (
  0 => 'breadcrumb',
  1 => 'site',
  2 => 'config',
  3 => 'auth',
  4 => 'admin',
  5 => 'groupdata',
) ]
[ info ] [ BEHAVIOR ] Run app\admin\behavior\AdminLog @app_end [ RunTime:0.000127s ]
[ info ] [ BEHAVIOR ] Run \addons\cms\Cms @response_send [ RunTime:0.000042s ]
[ info ] [ BEHAVIOR ] Run \addons\loginbgindex\Loginbgindex @response_send [ RunTime:0.000019s ]
[ info ] [ LOG ] INIT File
[ sql ] [ DB ] CONNECT:[ UseTime:0.040295s ] mysql:host=114.55.147.127;dbname=myone;charset=utf8
[ sql ] [ SQL ] SHOW COLUMNS FROM `one_auth_group_access` [ RunTime:0.027805s ]
[ sql ] [ SQL ] SELECT `aga`.`uid`,`aga`.`group_id`,`ag`.`id`,`ag`.`pid`,`ag`.`name`,`ag`.`rules` FROM `one_auth_group_access` `aga` LEFT JOIN `one_auth_group` `ag` ON `aga`.`group_id`=`ag`.`id` WHERE  (  aga.uid='1' and ag.status='normal' ) [ RunTime:0.026880s ]
[ sql ] [ SQL ] SHOW COLUMNS FROM `one_auth_rule` [ RunTime:0.027963s ]
[ sql ] [ SQL ] SELECT `id`,`pid`,`condition`,`icon`,`name`,`title`,`ismenu` FROM `one_auth_rule` WHERE  `status` = 'normal' [ RunTime:0.028235s ]
[ sql ] [ SQL ] SHOW COLUMNS FROM `one_admin` [ RunTime:0.030422s ]
[ sql ] [ SQL ] SELECT `id` FROM `one_admin` [ RunTime:0.026547s ]
[ sql ] [ SQL ] SHOW COLUMNS FROM `one_auth_group` [ RunTime:0.029571s ]
[ sql ] [ SQL ] SELECT * FROM `one_auth_group` WHERE  `status` = 'normal' [ RunTime:0.026750s ]
[ sql ] [ SQL ] SELECT * FROM `one_auth_group` WHERE  `id` IN (1) [ RunTime:0.026872s ]
[ sql ] [ SQL ] SELECT `title`,`remark` FROM `one_auth_rule` WHERE  `name` = 'auth/admin' LIMIT 1 [ RunTime:0.026750s ]
---------------------------------------------------------------
[ 2020-01-02T16:45:48+08:00 ] 127.0.0.1 GET myone.com/zmq.php/ajax/lang?callback=define&controllername=auth.admin&v=1577954747
[运行时间：0.045465s] [吞吐率：21.99req/s] [内存消耗：3,462.00kb] [文件加载：131]
[ info ] [ BEHAVIOR ] Run Closure @app_init [ RunTime:0.000013s ]
[ info ] [ CACHE ] INIT File
[ info ] [ BEHAVIOR ] Run \addons\cms\Cms @app_init [ RunTime:0.002285s ]
[ info ] [ BEHAVIOR ] Run Closure @app_init [ RunTime:0.002304s ]
[ info ] [ LANG ] F:\WorkProgram\laragon\www\myone\thinkphp\lang\zh-cn.php
[ info ] [ ROUTE ] array (
  'type' => 'module',
  'module' => 
  array (
    0 => 'admin',
    1 => 'ajax',
    2 => 'lang',
  ),
)
[ info ] [ HEADER ] array (
  'host' => 'myone.com',
  'connection' => 'keep-alive',
  'user-agent' => 'Mozilla/5.0 (Windows NT 10.0; WOW64) AppleWebKit/537.36 (KHTML, like Gecko) Chrome/79.0.3945.79 Safari/537.36',
  'accept' => '*/*',
  'referer' => 'http://myone.com/zmq.php/auth/admin?addtabs=1',
  'accept-encoding' => 'gzip, deflate',
  'accept-language' => 'zh-CN,zh;q=0.9',
  'cookie' => 'uid=2; token=9d2c3d3d-6b1a-4c23-a050-8c2f1a775a78; Hm_lvt_f8d0a8c400404989e195270b0bbf060a=1577496098,1577509827,1577700733,1577954728; Hm_lpvt_f8d0a8c400404989e195270b0bbf060a=1577954728; PHPSESSID=unpfu88dv64cjfsghc1r33d37v',
)
[ info ] [ PARAM ] array (
  'callback' => 'define',
  'controllername' => 'auth.admin',
  'v' => '1577954747',
)
[ info ] [ LANG ] F:\WorkProgram\laragon\www\myone\public/../application/admin\lang\zh-cn.php
[ info ] [ BEHAVIOR ] Run app\common\behavior\Common @module_init [ RunTime:0.001531s ]
[ info ] [ SESSION ] INIT array (
  'id' => '',
  'var_session_id' => '',
  'prefix' => 'think',
  'type' => '',
  'auto_start' => true,
)
[ info ] [ BEHAVIOR ] Run \addons\geetest\Geetest @config_init [ RunTime:0.000201s ]
[ info ] [ LANG ] F:\WorkProgram\laragon\www\myone\public/../application/admin/lang/zh-cn/ajax.php
[ info ] [ BEHAVIOR ] Run \addons\geetest\Geetest @action_begin [ RunTime:0.000029s ]
[ info ] [ RUN ] app\admin\controller\Ajax->lang[ F:\WorkProgram\laragon\www\myone\application\admin\controller\Ajax.php ]
[ info ] [ LANG ] F:\WorkProgram\laragon\www\myone\public/../application/admin/lang/zh-cn/auth/admin.php
[ info ] [ BEHAVIOR ] Run app\admin\behavior\AdminLog @app_end [ RunTime:0.000223s ]
[ info ] [ BEHAVIOR ] Run \addons\cms\Cms @response_send [ RunTime:0.000097s ]
[ info ] [ BEHAVIOR ] Run \addons\loginbgindex\Loginbgindex @response_send [ RunTime:0.000021s ]
[ info ] [ LOG ] INIT File
---------------------------------------------------------------
[ 2020-01-02T16:45:48+08:00 ] 127.0.0.1 GET myone.com/zmq.php/auth/admin/index?sort=id&order=desc&offset=0&limit=10&filter=%7B%7D&op=%7B%7D&_=1577954748005
[运行时间：0.445758s] [吞吐率：2.24req/s] [内存消耗：4,592.53kb] [文件加载：143]
[ info ] [ BEHAVIOR ] Run Closure @app_init [ RunTime:0.000017s ]
[ info ] [ CACHE ] INIT File
[ info ] [ BEHAVIOR ] Run \addons\cms\Cms @app_init [ RunTime:0.002481s ]
[ info ] [ BEHAVIOR ] Run Closure @app_init [ RunTime:0.002506s ]
[ info ] [ LANG ] F:\WorkProgram\laragon\www\myone\thinkphp\lang\zh-cn.php
[ info ] [ ROUTE ] array (
  'type' => 'module',
  'module' => 
  array (
    0 => 'admin',
    1 => 'auth.admin',
    2 => 'index',
  ),
)
[ info ] [ HEADER ] array (
  'host' => 'myone.com',
  'connection' => 'keep-alive',
  'accept' => 'application/json, text/javascript, */*; q=0.01',
  'x-requested-with' => 'XMLHttpRequest',
  'user-agent' => 'Mozilla/5.0 (Windows NT 10.0; WOW64) AppleWebKit/537.36 (KHTML, like Gecko) Chrome/79.0.3945.79 Safari/537.36',
  'content-type' => 'application/json',
  'referer' => 'http://myone.com/zmq.php/auth/admin?addtabs=1',
  'accept-encoding' => 'gzip, deflate',
  'accept-language' => 'zh-CN,zh;q=0.9',
  'cookie' => 'uid=2; token=9d2c3d3d-6b1a-4c23-a050-8c2f1a775a78; Hm_lvt_f8d0a8c400404989e195270b0bbf060a=1577496098,1577509827,1577700733,1577954728; Hm_lpvt_f8d0a8c400404989e195270b0bbf060a=1577954728; PHPSESSID=unpfu88dv64cjfsghc1r33d37v',
)
[ info ] [ PARAM ] array (
  'sort' => 'id',
  'order' => 'desc',
  'offset' => '0',
  'limit' => '10',
  'filter' => '{}',
  'op' => '{}',
  '_' => '1577954748005',
)
[ info ] [ LANG ] F:\WorkProgram\laragon\www\myone\public/../application/admin\lang\zh-cn.php
[ info ] [ BEHAVIOR ] Run app\common\behavior\Common @module_init [ RunTime:0.001346s ]
[ info ] [ SESSION ] INIT array (
  'id' => '',
  'var_session_id' => '',
  'prefix' => 'think',
  'type' => '',
  'auto_start' => true,
)
[ info ] [ DB ] INIT mysql
[ info ] [ BEHAVIOR ] Run \addons\geetest\Geetest @config_init [ RunTime:0.000444s ]
[ info ] [ LANG ] F:\WorkProgram\laragon\www\myone\public/../application/admin/lang/zh-cn/auth/admin.php
[ info ] [ BEHAVIOR ] Run \addons\geetest\Geetest @action_begin [ RunTime:0.000113s ]
[ info ] [ RUN ] app\admin\controller\auth\Admin->index[ F:\WorkProgram\laragon\www\myone\application\admin\controller\auth\Admin.php ]
[ info ] [ BEHAVIOR ] Run app\admin\behavior\AdminLog @app_end [ RunTime:0.000491s ]
[ info ] [ BEHAVIOR ] Run \addons\cms\Cms @response_send [ RunTime:0.000323s ]
[ info ] [ BEHAVIOR ] Run \addons\loginbgindex\Loginbgindex @response_send [ RunTime:0.000083s ]
[ info ] [ LOG ] INIT File
[ sql ] [ DB ] CONNECT:[ UseTime:0.034001s ] mysql:host=114.55.147.127;dbname=myone;charset=utf8
[ sql ] [ SQL ] SHOW COLUMNS FROM `one_auth_group_access` [ RunTime:0.023545s ]
[ sql ] [ SQL ] SELECT `aga`.`uid`,`aga`.`group_id`,`ag`.`id`,`ag`.`pid`,`ag`.`name`,`ag`.`rules` FROM `one_auth_group_access` `aga` LEFT JOIN `one_auth_group` `ag` ON `aga`.`group_id`=`ag`.`id` WHERE  (  aga.uid='1' and ag.status='normal' ) [ RunTime:0.023371s ]
[ sql ] [ SQL ] SHOW COLUMNS FROM `one_auth_rule` [ RunTime:0.023897s ]
[ sql ] [ SQL ] SELECT `id`,`pid`,`condition`,`icon`,`name`,`title`,`ismenu` FROM `one_auth_rule` WHERE  `status` = 'normal' [ RunTime:0.025057s ]
[ sql ] [ SQL ] SHOW COLUMNS FROM `one_admin` [ RunTime:0.023808s ]
[ sql ] [ SQL ] SELECT `id` FROM `one_admin` [ RunTime:0.022879s ]
[ sql ] [ SQL ] SHOW COLUMNS FROM `one_auth_group` [ RunTime:0.023632s ]
[ sql ] [ SQL ] SELECT * FROM `one_auth_group` WHERE  `status` = 'normal' [ RunTime:0.025457s ]
[ sql ] [ SQL ] SELECT * FROM `one_auth_group` WHERE  `id` IN (1) [ RunTime:0.023515s ]
[ sql ] [ SQL ] SELECT `id`,`name` FROM `one_auth_group` WHERE  `id` IN (1) [ RunTime:0.023203s ]
[ sql ] [ SQL ] SELECT `uid`,`group_id` FROM `one_auth_group_access` WHERE  `group_id` IN (1) [ RunTime:0.022606s ]
[ sql ] [ SQL ] SELECT COUNT(*) AS tp_count FROM `one_admin` WHERE  `id` IN (1,2) ORDER BY `id` DESC LIMIT 1 [ RunTime:0.022545s ]
[ sql ] [ SQL ] SELECT `id`,`username`,`nickname`,`avatar`,`email`,`loginfailure`,`logintime`,`createtime`,`updatetime`,`status` FROM `one_admin` WHERE  `id` IN (1,2) ORDER BY `id` DESC LIMIT 0,10 [ RunTime:0.058470s ]
---------------------------------------------------------------
[ 2020-01-02T16:51:49+08:00 ] 127.0.0.1 GET myone.com/assets/css/skins/skin-green.css.map
[运行时间：0.043437s] [吞吐率：23.02req/s] [内存消耗：2,361.40kb] [文件加载：115]
[ info ] [ BEHAVIOR ] Run Closure @app_init [ RunTime:0.000026s ]
[ info ] [ CACHE ] INIT File
[ info ] [ BEHAVIOR ] Run \addons\cms\Cms @app_init [ RunTime:0.002390s ]
[ info ] [ BEHAVIOR ] Run Closure @app_init [ RunTime:0.002417s ]
[ info ] [ LANG ] F:\WorkProgram\laragon\www\myone\thinkphp\lang\zh-cn.php
[ info ] [ ROUTE ] array (
  'type' => 'module',
  'module' => 
  array (
    0 => 'assets',
    1 => 'css',
    2 => 'skins',
  ),
)
[ info ] [ HEADER ] array (
  'host' => 'myone.com',
  'connection' => 'keep-alive',
  'user-agent' => 'Mozilla/5.0 (Windows NT 10.0; WOW64) AppleWebKit/537.36 (KHTML, like Gecko) Chrome/79.0.3945.79 Safari/537.36',
  'accept-encoding' => 'gzip, deflate',
  'accept-language' => 'zh-CN,zh;q=0.9',
  'cookie' => 'uid=2; token=9d2c3d3d-6b1a-4c23-a050-8c2f1a775a78; Hm_lvt_f8d0a8c400404989e195270b0bbf060a=1577496098,1577509827,1577700733,1577954728; Hm_lpvt_f8d0a8c400404989e195270b0bbf060a=1577954728; PHPSESSID=unpfu88dv64cjfsghc1r33d37v',
)
[ info ] [ PARAM ] array (
)
[ info ] [ BEHAVIOR ] Run \addons\cms\Cms @response_send [ RunTime:0.000054s ]
[ info ] [ BEHAVIOR ] Run \addons\loginbgindex\Loginbgindex @response_send [ RunTime:0.000022s ]
[ info ] [ LOG ] INIT File
---------------------------------------------------------------
[ 2020-01-02T16:51:49+08:00 ] 127.0.0.1 GET myone.com/assets/css/fastadmin.css.map
[运行时间：0.064063s] [吞吐率：15.61req/s] [内存消耗：2,361.43kb] [文件加载：115]
[ info ] [ BEHAVIOR ] Run Closure @app_init [ RunTime:0.000016s ]
[ info ] [ CACHE ] INIT File
[ info ] [ BEHAVIOR ] Run \addons\cms\Cms @app_init [ RunTime:0.003985s ]
[ info ] [ BEHAVIOR ] Run Closure @app_init [ RunTime:0.004010s ]
[ info ] [ LANG ] F:\WorkProgram\laragon\www\myone\thinkphp\lang\zh-cn.php
[ info ] [ ROUTE ] array (
  'type' => 'module',
  'module' => 
  array (
    0 => 'assets',
    1 => 'css',
    2 => 'fastadmin.css.map',
  ),
)
[ info ] [ HEADER ] array (
  'host' => 'myone.com',
  'connection' => 'keep-alive',
  'user-agent' => 'Mozilla/5.0 (Windows NT 10.0; WOW64) AppleWebKit/537.36 (KHTML, like Gecko) Chrome/79.0.3945.79 Safari/537.36',
  'accept-encoding' => 'gzip, deflate',
  'accept-language' => 'zh-CN,zh;q=0.9',
  'cookie' => 'uid=2; token=9d2c3d3d-6b1a-4c23-a050-8c2f1a775a78; Hm_lvt_f8d0a8c400404989e195270b0bbf060a=1577496098,1577509827,1577700733,1577954728; Hm_lpvt_f8d0a8c400404989e195270b0bbf060a=1577954728; PHPSESSID=unpfu88dv64cjfsghc1r33d37v',
)
[ info ] [ PARAM ] array (
)
[ info ] [ BEHAVIOR ] Run \addons\cms\Cms @response_send [ RunTime:0.000052s ]
[ info ] [ BEHAVIOR ] Run \addons\loginbgindex\Loginbgindex @response_send [ RunTime:0.000021s ]
[ info ] [ LOG ] INIT File
---------------------------------------------------------------
[ 2020-01-02T16:51:49+08:00 ] 127.0.0.1 GET myone.com/assets/css/backend.css.map
[运行时间：0.083971s] [吞吐率：11.91req/s] [内存消耗：2,361.39kb] [文件加载：115]
[ info ] [ BEHAVIOR ] Run Closure @app_init [ RunTime:0.000013s ]
[ info ] [ CACHE ] INIT File
[ info ] [ BEHAVIOR ] Run \addons\cms\Cms @app_init [ RunTime:0.002554s ]
[ info ] [ BEHAVIOR ] Run Closure @app_init [ RunTime:0.002574s ]
[ info ] [ LANG ] F:\WorkProgram\laragon\www\myone\thinkphp\lang\zh-cn.php
[ info ] [ ROUTE ] array (
  'type' => 'module',
  'module' => 
  array (
    0 => 'assets',
    1 => 'css',
    2 => 'backend.css.map',
  ),
)
[ info ] [ HEADER ] array (
  'host' => 'myone.com',
  'connection' => 'keep-alive',
  'user-agent' => 'Mozilla/5.0 (Windows NT 10.0; WOW64) AppleWebKit/537.36 (KHTML, like Gecko) Chrome/79.0.3945.79 Safari/537.36',
  'accept-encoding' => 'gzip, deflate',
  'accept-language' => 'zh-CN,zh;q=0.9',
  'cookie' => 'uid=2; token=9d2c3d3d-6b1a-4c23-a050-8c2f1a775a78; Hm_lvt_f8d0a8c400404989e195270b0bbf060a=1577496098,1577509827,1577700733,1577954728; Hm_lpvt_f8d0a8c400404989e195270b0bbf060a=1577954728; PHPSESSID=unpfu88dv64cjfsghc1r33d37v',
)
[ info ] [ PARAM ] array (
)
[ info ] [ BEHAVIOR ] Run \addons\cms\Cms @response_send [ RunTime:0.000049s ]
[ info ] [ BEHAVIOR ] Run \addons\loginbgindex\Loginbgindex @response_send [ RunTime:0.000021s ]
[ info ] [ LOG ] INIT File
---------------------------------------------------------------
[ 2020-01-02T16:51:49+08:00 ] 127.0.0.1 GET myone.com/assets/css/bootstrap.css.map
[运行时间：0.083527s] [吞吐率：11.97req/s] [内存消耗：2,361.43kb] [文件加载：115]
[ info ] [ BEHAVIOR ] Run Closure @app_init [ RunTime:0.000017s ]
[ info ] [ CACHE ] INIT File
[ info ] [ BEHAVIOR ] Run \addons\cms\Cms @app_init [ RunTime:0.002964s ]
[ info ] [ BEHAVIOR ] Run Closure @app_init [ RunTime:0.002998s ]
[ info ] [ LANG ] F:\WorkProgram\laragon\www\myone\thinkphp\lang\zh-cn.php
[ info ] [ ROUTE ] array (
  'type' => 'module',
  'module' => 
  array (
    0 => 'assets',
    1 => 'css',
    2 => 'bootstrap.css.map',
  ),
)
[ info ] [ HEADER ] array (
  'host' => 'myone.com',
  'connection' => 'keep-alive',
  'user-agent' => 'Mozilla/5.0 (Windows NT 10.0; WOW64) AppleWebKit/537.36 (KHTML, like Gecko) Chrome/79.0.3945.79 Safari/537.36',
  'accept-encoding' => 'gzip, deflate',
  'accept-language' => 'zh-CN,zh;q=0.9',
  'cookie' => 'uid=2; token=9d2c3d3d-6b1a-4c23-a050-8c2f1a775a78; Hm_lvt_f8d0a8c400404989e195270b0bbf060a=1577496098,1577509827,1577700733,1577954728; Hm_lpvt_f8d0a8c400404989e195270b0bbf060a=1577954728; PHPSESSID=unpfu88dv64cjfsghc1r33d37v',
)
[ info ] [ PARAM ] array (
)
[ info ] [ BEHAVIOR ] Run \addons\cms\Cms @response_send [ RunTime:0.000049s ]
[ info ] [ BEHAVIOR ] Run \addons\loginbgindex\Loginbgindex @response_send [ RunTime:0.000022s ]
[ info ] [ LOG ] INIT File
---------------------------------------------------------------
[ 2020-01-02T16:51:49+08:00 ] 127.0.0.1 GET myone.com/assets/css/backend.css.map
[运行时间：0.030975s] [吞吐率：32.28req/s] [内存消耗：2,361.39kb] [文件加载：115]
[ info ] [ BEHAVIOR ] Run Closure @app_init [ RunTime:0.000016s ]
[ info ] [ CACHE ] INIT File
[ info ] [ BEHAVIOR ] Run \addons\cms\Cms @app_init [ RunTime:0.002277s ]
[ info ] [ BEHAVIOR ] Run Closure @app_init [ RunTime:0.002301s ]
[ info ] [ LANG ] F:\WorkProgram\laragon\www\myone\thinkphp\lang\zh-cn.php
[ info ] [ ROUTE ] array (
  'type' => 'module',
  'module' => 
  array (
    0 => 'assets',
    1 => 'css',
    2 => 'backend.css.map',
  ),
)
[ info ] [ HEADER ] array (
  'host' => 'myone.com',
  'connection' => 'keep-alive',
  'user-agent' => 'Mozilla/5.0 (Windows NT 10.0; WOW64) AppleWebKit/537.36 (KHTML, like Gecko) Chrome/79.0.3945.79 Safari/537.36',
  'accept-encoding' => 'gzip, deflate',
  'accept-language' => 'zh-CN,zh;q=0.9',
  'cookie' => 'uid=2; token=9d2c3d3d-6b1a-4c23-a050-8c2f1a775a78; Hm_lvt_f8d0a8c400404989e195270b0bbf060a=1577496098,1577509827,1577700733,1577954728; Hm_lpvt_f8d0a8c400404989e195270b0bbf060a=1577954728; PHPSESSID=unpfu88dv64cjfsghc1r33d37v',
)
[ info ] [ PARAM ] array (
)
[ info ] [ BEHAVIOR ] Run \addons\cms\Cms @response_send [ RunTime:0.000093s ]
[ info ] [ BEHAVIOR ] Run \addons\loginbgindex\Loginbgindex @response_send [ RunTime:0.000045s ]
[ info ] [ LOG ] INIT File
---------------------------------------------------------------
[ 2020-01-02T16:51:49+08:00 ] 127.0.0.1 GET myone.com/assets/css/backend.css.map
[运行时间：0.034944s] [吞吐率：28.62req/s] [内存消耗：2,361.39kb] [文件加载：115]
[ info ] [ BEHAVIOR ] Run Closure @app_init [ RunTime:0.000025s ]
[ info ] [ CACHE ] INIT File
[ info ] [ BEHAVIOR ] Run \addons\cms\Cms @app_init [ RunTime:0.002616s ]
[ info ] [ BEHAVIOR ] Run Closure @app_init [ RunTime:0.002642s ]
[ info ] [ LANG ] F:\WorkProgram\laragon\www\myone\thinkphp\lang\zh-cn.php
[ info ] [ ROUTE ] array (
  'type' => 'module',
  'module' => 
  array (
    0 => 'assets',
    1 => 'css',
    2 => 'backend.css.map',
  ),
)
[ info ] [ HEADER ] array (
  'host' => 'myone.com',
  'connection' => 'keep-alive',
  'user-agent' => 'Mozilla/5.0 (Windows NT 10.0; WOW64) AppleWebKit/537.36 (KHTML, like Gecko) Chrome/79.0.3945.79 Safari/537.36',
  'accept-encoding' => 'gzip, deflate',
  'accept-language' => 'zh-CN,zh;q=0.9',
  'cookie' => 'uid=2; token=9d2c3d3d-6b1a-4c23-a050-8c2f1a775a78; Hm_lvt_f8d0a8c400404989e195270b0bbf060a=1577496098,1577509827,1577700733,1577954728; Hm_lpvt_f8d0a8c400404989e195270b0bbf060a=1577954728; PHPSESSID=unpfu88dv64cjfsghc1r33d37v',
)
[ info ] [ PARAM ] array (
)
[ info ] [ BEHAVIOR ] Run \addons\cms\Cms @response_send [ RunTime:0.000051s ]
[ info ] [ BEHAVIOR ] Run \addons\loginbgindex\Loginbgindex @response_send [ RunTime:0.000021s ]
[ info ] [ LOG ] INIT File
---------------------------------------------------------------
[ 2020-01-02T16:51:49+08:00 ] 127.0.0.1 GET myone.com/assets/css/backend.css.map
[运行时间：0.032190s] [吞吐率：31.07req/s] [内存消耗：2,361.39kb] [文件加载：115]
[ info ] [ BEHAVIOR ] Run Closure @app_init [ RunTime:0.000021s ]
[ info ] [ CACHE ] INIT File
[ info ] [ BEHAVIOR ] Run \addons\cms\Cms @app_init [ RunTime:0.002181s ]
[ info ] [ BEHAVIOR ] Run Closure @app_init [ RunTime:0.002209s ]
[ info ] [ LANG ] F:\WorkProgram\laragon\www\myone\thinkphp\lang\zh-cn.php
[ info ] [ ROUTE ] array (
  'type' => 'module',
  'module' => 
  array (
    0 => 'assets',
    1 => 'css',
    2 => 'backend.css.map',
  ),
)
[ info ] [ HEADER ] array (
  'host' => 'myone.com',
  'connection' => 'keep-alive',
  'user-agent' => 'Mozilla/5.0 (Windows NT 10.0; WOW64) AppleWebKit/537.36 (KHTML, like Gecko) Chrome/79.0.3945.79 Safari/537.36',
  'accept-encoding' => 'gzip, deflate',
  'accept-language' => 'zh-CN,zh;q=0.9',
  'cookie' => 'uid=2; token=9d2c3d3d-6b1a-4c23-a050-8c2f1a775a78; Hm_lvt_f8d0a8c400404989e195270b0bbf060a=1577496098,1577509827,1577700733,1577954728; Hm_lpvt_f8d0a8c400404989e195270b0bbf060a=1577954728; PHPSESSID=unpfu88dv64cjfsghc1r33d37v',
)
[ info ] [ PARAM ] array (
)
[ info ] [ BEHAVIOR ] Run \addons\cms\Cms @response_send [ RunTime:0.000084s ]
[ info ] [ BEHAVIOR ] Run \addons\loginbgindex\Loginbgindex @response_send [ RunTime:0.000022s ]
[ info ] [ LOG ] INIT File
---------------------------------------------------------------
[ 2020-01-02T16:51:49+08:00 ] 127.0.0.1 GET myone.com/assets/css/backend.css.map
[运行时间：0.029132s] [吞吐率：34.33req/s] [内存消耗：2,361.39kb] [文件加载：115]
[ info ] [ BEHAVIOR ] Run Closure @app_init [ RunTime:0.000038s ]
[ info ] [ CACHE ] INIT File
[ info ] [ BEHAVIOR ] Run \addons\cms\Cms @app_init [ RunTime:0.002129s ]
[ info ] [ BEHAVIOR ] Run Closure @app_init [ RunTime:0.002167s ]
[ info ] [ LANG ] F:\WorkProgram\laragon\www\myone\thinkphp\lang\zh-cn.php
[ info ] [ ROUTE ] array (
  'type' => 'module',
  'module' => 
  array (
    0 => 'assets',
    1 => 'css',
    2 => 'backend.css.map',
  ),
)
[ info ] [ HEADER ] array (
  'host' => 'myone.com',
  'connection' => 'keep-alive',
  'user-agent' => 'Mozilla/5.0 (Windows NT 10.0; WOW64) AppleWebKit/537.36 (KHTML, like Gecko) Chrome/79.0.3945.79 Safari/537.36',
  'accept-encoding' => 'gzip, deflate',
  'accept-language' => 'zh-CN,zh;q=0.9',
  'cookie' => 'uid=2; token=9d2c3d3d-6b1a-4c23-a050-8c2f1a775a78; Hm_lvt_f8d0a8c400404989e195270b0bbf060a=1577496098,1577509827,1577700733,1577954728; Hm_lpvt_f8d0a8c400404989e195270b0bbf060a=1577954728; PHPSESSID=unpfu88dv64cjfsghc1r33d37v',
)
[ info ] [ PARAM ] array (
)
[ info ] [ BEHAVIOR ] Run \addons\cms\Cms @response_send [ RunTime:0.000053s ]
[ info ] [ BEHAVIOR ] Run \addons\loginbgindex\Loginbgindex @response_send [ RunTime:0.000023s ]
[ info ] [ LOG ] INIT File
---------------------------------------------------------------
[ 2020-01-02T17:01:55+08:00 ] 127.0.0.1 GET myone.com/zmq.php/auth/admin/index?sort=id&order=desc&offset=0&limit=10&filter=%7B%7D&op=%7B%7D&_=1577954748006
[运行时间：0.506901s] [吞吐率：1.97req/s] [内存消耗：4,592.53kb] [文件加载：143]
[ info ] [ BEHAVIOR ] Run Closure @app_init [ RunTime:0.000023s ]
[ info ] [ CACHE ] INIT File
[ info ] [ BEHAVIOR ] Run \addons\cms\Cms @app_init [ RunTime:0.002308s ]
[ info ] [ BEHAVIOR ] Run Closure @app_init [ RunTime:0.002327s ]
[ info ] [ LANG ] F:\WorkProgram\laragon\www\myone\thinkphp\lang\zh-cn.php
[ info ] [ ROUTE ] array (
  'type' => 'module',
  'module' => 
  array (
    0 => 'admin',
    1 => 'auth.admin',
    2 => 'index',
  ),
)
[ info ] [ HEADER ] array (
  'host' => 'myone.com',
  'connection' => 'keep-alive',
  'accept' => 'application/json, text/javascript, */*; q=0.01',
  'x-requested-with' => 'XMLHttpRequest',
  'user-agent' => 'Mozilla/5.0 (Windows NT 10.0; WOW64) AppleWebKit/537.36 (KHTML, like Gecko) Chrome/79.0.3945.79 Safari/537.36',
  'content-type' => 'application/json',
  'referer' => 'http://myone.com/zmq.php/auth/admin?addtabs=1',
  'accept-encoding' => 'gzip, deflate',
  'accept-language' => 'zh-CN,zh;q=0.9',
  'cookie' => 'uid=2; token=9d2c3d3d-6b1a-4c23-a050-8c2f1a775a78; Hm_lvt_f8d0a8c400404989e195270b0bbf060a=1577496098,1577509827,1577700733,1577954728; Hm_lpvt_f8d0a8c400404989e195270b0bbf060a=1577954728; PHPSESSID=unpfu88dv64cjfsghc1r33d37v',
)
[ info ] [ PARAM ] array (
  'sort' => 'id',
  'order' => 'desc',
  'offset' => '0',
  'limit' => '10',
  'filter' => '{}',
  'op' => '{}',
  '_' => '1577954748006',
)
[ info ] [ LANG ] F:\WorkProgram\laragon\www\myone\public/../application/admin\lang\zh-cn.php
[ info ] [ BEHAVIOR ] Run app\common\behavior\Common @module_init [ RunTime:0.001638s ]
[ info ] [ SESSION ] INIT array (
  'id' => '',
  'var_session_id' => '',
  'prefix' => 'think',
  'type' => '',
  'auto_start' => true,
)
[ info ] [ DB ] INIT mysql
[ info ] [ BEHAVIOR ] Run \addons\geetest\Geetest @config_init [ RunTime:0.000618s ]
[ info ] [ LANG ] F:\WorkProgram\laragon\www\myone\public/../application/admin/lang/zh-cn/auth/admin.php
[ info ] [ BEHAVIOR ] Run \addons\geetest\Geetest @action_begin [ RunTime:0.000086s ]
[ info ] [ RUN ] app\admin\controller\auth\Admin->index[ F:\WorkProgram\laragon\www\myone\application\admin\controller\auth\Admin.php ]
[ info ] [ BEHAVIOR ] Run app\admin\behavior\AdminLog @app_end [ RunTime:0.000607s ]
[ info ] [ BEHAVIOR ] Run \addons\cms\Cms @response_send [ RunTime:0.000219s ]
[ info ] [ BEHAVIOR ] Run \addons\loginbgindex\Loginbgindex @response_send [ RunTime:0.000054s ]
[ info ] [ LOG ] INIT File
[ sql ] [ DB ] CONNECT:[ UseTime:0.042217s ] mysql:host=114.55.147.127;dbname=myone;charset=utf8
[ sql ] [ SQL ] SHOW COLUMNS FROM `one_auth_group_access` [ RunTime:0.027834s ]
[ sql ] [ SQL ] SELECT `aga`.`uid`,`aga`.`group_id`,`ag`.`id`,`ag`.`pid`,`ag`.`name`,`ag`.`rules` FROM `one_auth_group_access` `aga` LEFT JOIN `one_auth_group` `ag` ON `aga`.`group_id`=`ag`.`id` WHERE  (  aga.uid='1' and ag.status='normal' ) [ RunTime:0.028444s ]
[ sql ] [ SQL ] SHOW COLUMNS FROM `one_auth_rule` [ RunTime:0.033674s ]
[ sql ] [ SQL ] SELECT `id`,`pid`,`condition`,`icon`,`name`,`title`,`ismenu` FROM `one_auth_rule` WHERE  `status` = 'normal' [ RunTime:0.030724s ]
[ sql ] [ SQL ] SHOW COLUMNS FROM `one_admin` [ RunTime:0.028551s ]
[ sql ] [ SQL ] SELECT `id` FROM `one_admin` [ RunTime:0.028561s ]
[ sql ] [ SQL ] SHOW COLUMNS FROM `one_auth_group` [ RunTime:0.028417s ]
[ sql ] [ SQL ] SELECT * FROM `one_auth_group` WHERE  `status` = 'normal' [ RunTime:0.028640s ]
[ sql ] [ SQL ] SELECT * FROM `one_auth_group` WHERE  `id` IN (1) [ RunTime:0.028470s ]
[ sql ] [ SQL ] SELECT `id`,`name` FROM `one_auth_group` WHERE  `id` IN (1) [ RunTime:0.028302s ]
[ sql ] [ SQL ] SELECT `uid`,`group_id` FROM `one_auth_group_access` WHERE  `group_id` IN (1) [ RunTime:0.029623s ]
[ sql ] [ SQL ] SELECT COUNT(*) AS tp_count FROM `one_admin` WHERE  `id` IN (1,2) ORDER BY `id` DESC LIMIT 1 [ RunTime:0.028816s ]
[ sql ] [ SQL ] SELECT `id`,`username`,`nickname`,`avatar`,`email`,`loginfailure`,`logintime`,`createtime`,`updatetime`,`status` FROM `one_admin` WHERE  `id` IN (1,2) ORDER BY `id` DESC LIMIT 0,10 [ RunTime:0.028859s ]
