---------------------------------------------------------------
[ 2020-03-12T08:33:24+08:00 ] 127.0.0.1 GET myone.com/zmq.php/test/bootstraptable?ref=addtabs
[运行时间：1.205942s] [吞吐率：0.83req/s] [内存消耗：4,117.82kb] [文件加载：135]
[ info ] [ BEHAVIOR ] Run Closure @app_init [ RunTime:0.000151s ]
[ info ] [ CACHE ] INIT File
[ info ] [ BEHAVIOR ] Run \addons\cms\Cms @app_init [ RunTime:0.026266s ]
[ info ] [ BEHAVIOR ] Run \addons\epay\Epay @app_init [ RunTime:0.000038s ]
[ info ] [ BEHAVIOR ] Run Closure @app_init [ RunTime:0.000057s ]
[ info ] [ LANG ] F:\WorkProgram\laragon\www\myone\thinkphp\lang\zh-cn.php
[ info ] [ ROUTE ] array (
  'type' => 'module',
  'module' => 
  array (
    0 => 'admin',
    1 => 'test.bootstraptable',
    2 => NULL,
  ),
)
[ info ] [ HEADER ] array (
  'host' => 'myone.com',
  'connection' => 'keep-alive',
  'cache-control' => 'max-age=0',
  'upgrade-insecure-requests' => '1',
  'user-agent' => 'Mozilla/5.0 (Windows NT 10.0; Win64; x64) AppleWebKit/537.36 (KHTML, like Gecko) Chrome/80.0.3987.132 Safari/537.36',
  'accept' => 'text/html,application/xhtml+xml,application/xml;q=0.9,image/webp,image/apng,*/*;q=0.8,application/signed-exchange;v=b3;q=0.9',
  'accept-encoding' => 'gzip, deflate',
  'accept-language' => 'zh-CN,zh;q=0.9',
  'cookie' => 'PHPSESSID=a9ehrv32gp1u8f289k0abf10rs',
)
[ info ] [ PARAM ] array (
  'ref' => 'addtabs',
)
[ info ] [ LANG ] F:\WorkProgram\laragon\www\myone\public/../application/admin\lang\zh-cn.php
[ info ] [ BEHAVIOR ] Run app\common\behavior\Common @module_init [ RunTime:0.062707s ]
[ info ] [ SESSION ] INIT array (
  'id' => '',
  'var_session_id' => '',
  'prefix' => 'think',
  'type' => '',
  'auto_start' => true,
)
[ info ] [ DB ] INIT mysql
[ info ] [ BEHAVIOR ] Run app\admin\behavior\AdminLog @app_end [ RunTime:0.000653s ]
[ info ] [ BEHAVIOR ] Run \addons\cms\Cms @response_send [ RunTime:0.000151s ]
[ info ] [ BEHAVIOR ] Run \addons\loginbgindex\Loginbgindex @response_send [ RunTime:0.000026s ]
[ info ] [ LOG ] INIT File
[ sql ] [ DB ] CONNECT:[ UseTime:0.115835s ] mysql:host=114.55.147.127;dbname=myone;charset=utf8
[ sql ] [ SQL ] SHOW COLUMNS FROM `one_auth_group_access` [ RunTime:0.028633s ]
[ sql ] [ SQL ] SELECT `aga`.`uid`,`aga`.`group_id`,`ag`.`id`,`ag`.`pid`,`ag`.`name`,`ag`.`rules` FROM `one_auth_group_access` `aga` LEFT JOIN `one_auth_group` `ag` ON `aga`.`group_id`=`ag`.`id` WHERE  (  aga.uid='1' and ag.status='normal' ) [ RunTime:0.042412s ]
[ sql ] [ SQL ] SHOW COLUMNS FROM `one_auth_rule` [ RunTime:0.027450s ]
[ sql ] [ SQL ] SELECT `id`,`pid`,`condition`,`icon`,`name`,`title`,`ismenu` FROM `one_auth_rule` WHERE  `status` = 'normal' [ RunTime:0.040130s ]
---------------------------------------------------------------
[ 2020-03-12T08:33:25+08:00 ] 127.0.0.1 GET myone.com/zmq.php/index/index
[运行时间：0.670399s] [吞吐率：1.49req/s] [内存消耗：4,722.51kb] [文件加载：151]
[ info ] [ BEHAVIOR ] Run Closure @app_init [ RunTime:0.000019s ]
[ info ] [ CACHE ] INIT File
[ info ] [ BEHAVIOR ] Run \addons\cms\Cms @app_init [ RunTime:0.003447s ]
[ info ] [ BEHAVIOR ] Run \addons\epay\Epay @app_init [ RunTime:0.000033s ]
[ info ] [ BEHAVIOR ] Run Closure @app_init [ RunTime:0.000052s ]
[ info ] [ LANG ] F:\WorkProgram\laragon\www\myone\thinkphp\lang\zh-cn.php
[ info ] [ ROUTE ] array (
  'type' => 'module',
  'module' => 
  array (
    0 => 'admin',
    1 => 'index',
    2 => 'index',
  ),
)
[ info ] [ HEADER ] array (
  'host' => 'myone.com',
  'connection' => 'keep-alive',
  'cache-control' => 'max-age=0',
  'upgrade-insecure-requests' => '1',
  'user-agent' => 'Mozilla/5.0 (Windows NT 10.0; Win64; x64) AppleWebKit/537.36 (KHTML, like Gecko) Chrome/80.0.3987.132 Safari/537.36',
  'accept' => 'text/html,application/xhtml+xml,application/xml;q=0.9,image/webp,image/apng,*/*;q=0.8,application/signed-exchange;v=b3;q=0.9',
  'accept-encoding' => 'gzip, deflate',
  'accept-language' => 'zh-CN,zh;q=0.9',
  'cookie' => 'PHPSESSID=a9ehrv32gp1u8f289k0abf10rs',
)
[ info ] [ PARAM ] array (
)
[ info ] [ LANG ] F:\WorkProgram\laragon\www\myone\public/../application/admin\lang\zh-cn.php
[ info ] [ BEHAVIOR ] Run app\common\behavior\Common @module_init [ RunTime:0.001987s ]
[ info ] [ SESSION ] INIT array (
  'id' => '',
  'var_session_id' => '',
  'prefix' => 'think',
  'type' => '',
  'auto_start' => true,
)
[ info ] [ BEHAVIOR ] Run \addons\geetest\Geetest @config_init [ RunTime:0.019055s ]
[ info ] [ LANG ] F:\WorkProgram\laragon\www\myone\public/../application/admin/lang/zh-cn/index.php
[ info ] [ BEHAVIOR ] Run \addons\geetest\Geetest @action_begin [ RunTime:0.000049s ]
[ info ] [ RUN ] app\admin\controller\Index->index[ F:\WorkProgram\laragon\www\myone\application\admin\controller\Index.php ]
[ info ] [ DB ] INIT mysql
[ info ] [ VIEW ] F:\WorkProgram\laragon\www\myone\public/../application/admin\view\index\index.html [ array (
  0 => 'breadcrumb',
  1 => 'site',
  2 => 'config',
  3 => 'auth',
  4 => 'admin',
  5 => 'menulist',
  6 => 'navlist',
  7 => 'fixedmenu',
  8 => 'referermenu',
  9 => 'title',
) ]
[ info ] [ BEHAVIOR ] Run app\admin\behavior\AdminLog @app_end [ RunTime:0.000363s ]
[ info ] [ BEHAVIOR ] Run \addons\cms\Cms @response_send [ RunTime:0.000082s ]
[ info ] [ BEHAVIOR ] Run \addons\loginbgindex\Loginbgindex @response_send [ RunTime:0.000024s ]
[ info ] [ LOG ] INIT File
[ sql ] [ DB ] CONNECT:[ UseTime:0.043228s ] mysql:host=114.55.147.127;dbname=myone;charset=utf8
[ sql ] [ SQL ] SHOW COLUMNS FROM `one_auth_group_access` [ RunTime:0.030063s ]
[ sql ] [ SQL ] SELECT `aga`.`uid`,`aga`.`group_id`,`ag`.`id`,`ag`.`pid`,`ag`.`name`,`ag`.`rules` FROM `one_auth_group_access` `aga` LEFT JOIN `one_auth_group` `ag` ON `aga`.`group_id`=`ag`.`id` WHERE  (  aga.uid='1' and ag.status='normal' ) [ RunTime:0.029779s ]
[ sql ] [ SQL ] SHOW COLUMNS FROM `one_auth_rule` [ RunTime:0.033589s ]
[ sql ] [ SQL ] SELECT `id`,`pid`,`condition`,`icon`,`name`,`title`,`ismenu` FROM `one_auth_rule` WHERE  `status` = 'normal' [ RunTime:0.058674s ]
[ sql ] [ SQL ] SELECT `name`,`pid` FROM `one_auth_rule` WHERE  `status` = 'normal'  AND `ismenu` = 0  AND `name` LIKE '%/index' [ RunTime:0.044017s ]
---------------------------------------------------------------
[ 2020-03-12T08:33:26+08:00 ] 127.0.0.1 GET myone.com/zmq.php/dashboard?addtabs=1
[运行时间：0.351894s] [吞吐率：2.84req/s] [内存消耗：4,492.34kb] [文件加载：141]
[ info ] [ BEHAVIOR ] Run Closure @app_init [ RunTime:0.000018s ]
[ info ] [ CACHE ] INIT File
[ info ] [ BEHAVIOR ] Run \addons\cms\Cms @app_init [ RunTime:0.003870s ]
[ info ] [ BEHAVIOR ] Run \addons\epay\Epay @app_init [ RunTime:0.000037s ]
[ info ] [ BEHAVIOR ] Run Closure @app_init [ RunTime:0.000055s ]
[ info ] [ LANG ] F:\WorkProgram\laragon\www\myone\thinkphp\lang\zh-cn.php
[ info ] [ ROUTE ] array (
  'type' => 'module',
  'module' => 
  array (
    0 => 'admin',
    1 => 'dashboard',
    2 => NULL,
  ),
)
[ info ] [ HEADER ] array (
  'host' => 'myone.com',
  'connection' => 'keep-alive',
  'upgrade-insecure-requests' => '1',
  'user-agent' => 'Mozilla/5.0 (Windows NT 10.0; Win64; x64) AppleWebKit/537.36 (KHTML, like Gecko) Chrome/80.0.3987.132 Safari/537.36',
  'accept' => 'text/html,application/xhtml+xml,application/xml;q=0.9,image/webp,image/apng,*/*;q=0.8,application/signed-exchange;v=b3;q=0.9',
  'referer' => 'http://myone.com/zmq.php/index/index',
  'accept-encoding' => 'gzip, deflate',
  'accept-language' => 'zh-CN,zh;q=0.9',
  'cookie' => 'PHPSESSID=a9ehrv32gp1u8f289k0abf10rs',
)
[ info ] [ PARAM ] array (
  'addtabs' => '1',
)
[ info ] [ LANG ] F:\WorkProgram\laragon\www\myone\public/../application/admin\lang\zh-cn.php
[ info ] [ BEHAVIOR ] Run app\common\behavior\Common @module_init [ RunTime:0.001839s ]
[ info ] [ SESSION ] INIT array (
  'id' => '',
  'var_session_id' => '',
  'prefix' => 'think',
  'type' => '',
  'auto_start' => true,
)
[ info ] [ DB ] INIT mysql
[ info ] [ BEHAVIOR ] Run \addons\geetest\Geetest @config_init [ RunTime:0.000380s ]
[ info ] [ LANG ] F:\WorkProgram\laragon\www\myone\public/../application/admin/lang/zh-cn/dashboard.php
[ info ] [ BEHAVIOR ] Run \addons\geetest\Geetest @action_begin [ RunTime:0.000038s ]
[ info ] [ RUN ] app\admin\controller\Dashboard->index[ F:\WorkProgram\laragon\www\myone\application\admin\controller\Dashboard.php ]
[ info ] [ VIEW ] F:\WorkProgram\laragon\www\myone\public/../application/admin\view\dashboard\index.html [ array (
  0 => 'breadcrumb',
  1 => 'site',
  2 => 'config',
  3 => 'auth',
  4 => 'admin',
  5 => 'totaluser',
  6 => 'totalviews',
  7 => 'totalorder',
  8 => 'totalorderamount',
  9 => 'todayuserlogin',
  10 => 'todayusersignup',
  11 => 'todayorder',
  12 => 'unsettleorder',
  13 => 'sevendnu',
  14 => 'sevendau',
  15 => 'paylist',
  16 => 'createlist',
  17 => 'addonversion',
  18 => 'uploadmode',
) ]
[ info ] [ BEHAVIOR ] Run app\admin\behavior\AdminLog @app_end [ RunTime:0.000418s ]
[ info ] [ BEHAVIOR ] Run \addons\cms\Cms @response_send [ RunTime:0.000083s ]
[ info ] [ BEHAVIOR ] Run \addons\loginbgindex\Loginbgindex @response_send [ RunTime:0.000022s ]
[ info ] [ LOG ] INIT File
[ sql ] [ DB ] CONNECT:[ UseTime:0.036420s ] mysql:host=114.55.147.127;dbname=myone;charset=utf8
[ sql ] [ SQL ] SHOW COLUMNS FROM `one_auth_group_access` [ RunTime:0.025319s ]
[ sql ] [ SQL ] SELECT `aga`.`uid`,`aga`.`group_id`,`ag`.`id`,`ag`.`pid`,`ag`.`name`,`ag`.`rules` FROM `one_auth_group_access` `aga` LEFT JOIN `one_auth_group` `ag` ON `aga`.`group_id`=`ag`.`id` WHERE  (  aga.uid='1' and ag.status='normal' ) [ RunTime:0.025411s ]
[ sql ] [ SQL ] SHOW COLUMNS FROM `one_auth_rule` [ RunTime:0.027477s ]
[ sql ] [ SQL ] SELECT `id`,`pid`,`condition`,`icon`,`name`,`title`,`ismenu` FROM `one_auth_rule` WHERE  `status` = 'normal' [ RunTime:0.038284s ]
[ sql ] [ SQL ] SELECT `title`,`remark` FROM `one_auth_rule` WHERE  `name` = 'dashboard' LIMIT 1 [ RunTime:0.025922s ]
---------------------------------------------------------------
[ 2020-03-12T08:33:26+08:00 ] 127.0.0.1 GET myone.com/zmq.php/test/bootstraptable?addtabs=1
[运行时间：0.744085s] [吞吐率：1.34req/s] [内存消耗：4,432.75kb] [文件加载：141]
[ info ] [ BEHAVIOR ] Run Closure @app_init [ RunTime:0.000064s ]
[ info ] [ CACHE ] INIT File
[ info ] [ BEHAVIOR ] Run \addons\cms\Cms @app_init [ RunTime:0.004034s ]
[ info ] [ BEHAVIOR ] Run \addons\epay\Epay @app_init [ RunTime:0.000034s ]
[ info ] [ BEHAVIOR ] Run Closure @app_init [ RunTime:0.000052s ]
[ info ] [ LANG ] F:\WorkProgram\laragon\www\myone\thinkphp\lang\zh-cn.php
[ info ] [ ROUTE ] array (
  'type' => 'module',
  'module' => 
  array (
    0 => 'admin',
    1 => 'test.bootstraptable',
    2 => NULL,
  ),
)
[ info ] [ HEADER ] array (
  'host' => 'myone.com',
  'connection' => 'keep-alive',
  'upgrade-insecure-requests' => '1',
  'user-agent' => 'Mozilla/5.0 (Windows NT 10.0; Win64; x64) AppleWebKit/537.36 (KHTML, like Gecko) Chrome/80.0.3987.132 Safari/537.36',
  'accept' => 'text/html,application/xhtml+xml,application/xml;q=0.9,image/webp,image/apng,*/*;q=0.8,application/signed-exchange;v=b3;q=0.9',
  'referer' => 'http://myone.com/zmq.php/index/index',
  'accept-encoding' => 'gzip, deflate',
  'accept-language' => 'zh-CN,zh;q=0.9',
  'cookie' => 'PHPSESSID=a9ehrv32gp1u8f289k0abf10rs',
)
[ info ] [ PARAM ] array (
  'addtabs' => '1',
)
[ info ] [ LANG ] F:\WorkProgram\laragon\www\myone\public/../application/admin\lang\zh-cn.php
[ info ] [ BEHAVIOR ] Run app\common\behavior\Common @module_init [ RunTime:0.002828s ]
[ info ] [ SESSION ] INIT array (
  'id' => '',
  'var_session_id' => '',
  'prefix' => 'think',
  'type' => '',
  'auto_start' => true,
)
[ info ] [ DB ] INIT mysql
[ info ] [ BEHAVIOR ] Run \addons\geetest\Geetest @config_init [ RunTime:0.000435s ]
[ info ] [ LANG ] F:\WorkProgram\laragon\www\myone\public/../application/admin/lang/zh-cn/test/bootstraptable.php
[ info ] [ BEHAVIOR ] Run \addons\geetest\Geetest @action_begin [ RunTime:0.000040s ]
[ info ] [ RUN ] app\admin\controller\test\Bootstraptable->index[ F:\WorkProgram\laragon\www\myone\application\admin\controller\test\Bootstraptable.php ]
[ info ] [ VIEW ] F:\WorkProgram\laragon\www\myone\public/../application/admin\view\test\bootstraptable\index.html [ array (
  0 => 'breadcrumb',
  1 => 'site',
  2 => 'config',
  3 => 'auth',
  4 => 'admin',
  5 => 'ipList',
) ]
[ info ] [ BEHAVIOR ] Run app\admin\behavior\AdminLog @app_end [ RunTime:0.000482s ]
[ info ] [ BEHAVIOR ] Run \addons\cms\Cms @response_send [ RunTime:0.000145s ]
[ info ] [ BEHAVIOR ] Run \addons\loginbgindex\Loginbgindex @response_send [ RunTime:0.000034s ]
[ info ] [ LOG ] INIT File
[ sql ] [ DB ] CONNECT:[ UseTime:0.046438s ] mysql:host=114.55.147.127;dbname=myone;charset=utf8
[ sql ] [ SQL ] SHOW COLUMNS FROM `one_auth_group_access` [ RunTime:0.031232s ]
[ sql ] [ SQL ] SELECT `aga`.`uid`,`aga`.`group_id`,`ag`.`id`,`ag`.`pid`,`ag`.`name`,`ag`.`rules` FROM `one_auth_group_access` `aga` LEFT JOIN `one_auth_group` `ag` ON `aga`.`group_id`=`ag`.`id` WHERE  (  aga.uid='1' and ag.status='normal' ) [ RunTime:0.031052s ]
[ sql ] [ SQL ] SHOW COLUMNS FROM `one_auth_rule` [ RunTime:0.038151s ]
[ sql ] [ SQL ] SELECT `id`,`pid`,`condition`,`icon`,`name`,`title`,`ismenu` FROM `one_auth_rule` WHERE  `status` = 'normal' [ RunTime:0.046934s ]
[ sql ] [ SQL ] SHOW COLUMNS FROM `one_admin_log` [ RunTime:0.036987s ]
[ sql ] [ SQL ] SELECT `ip`,ip as aa FROM `one_admin_log` WHERE  `createtime` >  1580776406 GROUP BY `ip` [ RunTime:0.038448s ]
---------------------------------------------------------------
[ 2020-03-12T08:33:26+08:00 ] 127.0.0.1 GET myone.com/zmq.php/ajax/lang?callback=define&controllername=index&v=1583973204
[运行时间：0.230486s] [吞吐率：4.34req/s] [内存消耗：3,471.98kb] [文件加载：132]
[ info ] [ BEHAVIOR ] Run Closure @app_init [ RunTime:0.000058s ]
[ info ] [ CACHE ] INIT File
[ info ] [ BEHAVIOR ] Run \addons\cms\Cms @app_init [ RunTime:0.004559s ]
[ info ] [ BEHAVIOR ] Run \addons\epay\Epay @app_init [ RunTime:0.000037s ]
[ info ] [ BEHAVIOR ] Run Closure @app_init [ RunTime:0.000056s ]
[ info ] [ LANG ] F:\WorkProgram\laragon\www\myone\thinkphp\lang\zh-cn.php
[ info ] [ ROUTE ] array (
  'type' => 'module',
  'module' => 
  array (
    0 => 'admin',
    1 => 'ajax',
    2 => 'lang',
  ),
)
[ info ] [ HEADER ] array (
  'host' => 'myone.com',
  'connection' => 'keep-alive',
  'user-agent' => 'Mozilla/5.0 (Windows NT 10.0; Win64; x64) AppleWebKit/537.36 (KHTML, like Gecko) Chrome/80.0.3987.132 Safari/537.36',
  'accept' => '*/*',
  'referer' => 'http://myone.com/zmq.php/index/index',
  'accept-encoding' => 'gzip, deflate',
  'accept-language' => 'zh-CN,zh;q=0.9',
  'cookie' => 'PHPSESSID=a9ehrv32gp1u8f289k0abf10rs',
)
[ info ] [ PARAM ] array (
  'callback' => 'define',
  'controllername' => 'index',
  'v' => '1583973204',
)
[ info ] [ LANG ] F:\WorkProgram\laragon\www\myone\public/../application/admin\lang\zh-cn.php
[ info ] [ BEHAVIOR ] Run app\common\behavior\Common @module_init [ RunTime:0.003303s ]
[ info ] [ SESSION ] INIT array (
  'id' => '',
  'var_session_id' => '',
  'prefix' => 'think',
  'type' => '',
  'auto_start' => true,
)
[ info ] [ BEHAVIOR ] Run \addons\geetest\Geetest @config_init [ RunTime:0.000552s ]
[ info ] [ LANG ] F:\WorkProgram\laragon\www\myone\public/../application/admin/lang/zh-cn/ajax.php
[ info ] [ BEHAVIOR ] Run \addons\geetest\Geetest @action_begin [ RunTime:0.000042s ]
[ info ] [ RUN ] app\admin\controller\Ajax->lang[ F:\WorkProgram\laragon\www\myone\application\admin\controller\Ajax.php ]
[ info ] [ LANG ] F:\WorkProgram\laragon\www\myone\public/../application/admin/lang/zh-cn/index.php
[ info ] [ BEHAVIOR ] Run app\admin\behavior\AdminLog @app_end [ RunTime:0.001609s ]
[ info ] [ BEHAVIOR ] Run \addons\cms\Cms @response_send [ RunTime:0.000215s ]
[ info ] [ BEHAVIOR ] Run \addons\loginbgindex\Loginbgindex @response_send [ RunTime:0.000027s ]
[ info ] [ LOG ] INIT File
---------------------------------------------------------------
[ 2020-03-12T08:33:26+08:00 ] 127.0.0.1 GET myone.com/zmq.php/ajax/lang?callback=define&controllername=dashboard&v=1583973205
[运行时间：0.124702s] [吞吐率：8.02req/s] [内存消耗：3,470.71kb] [文件加载：132]
[ info ] [ BEHAVIOR ] Run Closure @app_init [ RunTime:0.000052s ]
[ info ] [ CACHE ] INIT File
[ info ] [ BEHAVIOR ] Run \addons\cms\Cms @app_init [ RunTime:0.003445s ]
[ info ] [ BEHAVIOR ] Run \addons\epay\Epay @app_init [ RunTime:0.000035s ]
[ info ] [ BEHAVIOR ] Run Closure @app_init [ RunTime:0.000053s ]
[ info ] [ LANG ] F:\WorkProgram\laragon\www\myone\thinkphp\lang\zh-cn.php
[ info ] [ ROUTE ] array (
  'type' => 'module',
  'module' => 
  array (
    0 => 'admin',
    1 => 'ajax',
    2 => 'lang',
  ),
)
[ info ] [ HEADER ] array (
  'host' => 'myone.com',
  'connection' => 'keep-alive',
  'user-agent' => 'Mozilla/5.0 (Windows NT 10.0; Win64; x64) AppleWebKit/537.36 (KHTML, like Gecko) Chrome/80.0.3987.132 Safari/537.36',
  'accept' => '*/*',
  'referer' => 'http://myone.com/zmq.php/dashboard?addtabs=1',
  'accept-encoding' => 'gzip, deflate',
  'accept-language' => 'zh-CN,zh;q=0.9',
  'cookie' => 'PHPSESSID=a9ehrv32gp1u8f289k0abf10rs',
)
[ info ] [ PARAM ] array (
  'callback' => 'define',
  'controllername' => 'dashboard',
  'v' => '1583973205',
)
[ info ] [ LANG ] F:\WorkProgram\laragon\www\myone\public/../application/admin\lang\zh-cn.php
[ info ] [ BEHAVIOR ] Run app\common\behavior\Common @module_init [ RunTime:0.002155s ]
[ info ] [ SESSION ] INIT array (
  'id' => '',
  'var_session_id' => '',
  'prefix' => 'think',
  'type' => '',
  'auto_start' => true,
)
[ info ] [ BEHAVIOR ] Run \addons\geetest\Geetest @config_init [ RunTime:0.001051s ]
[ info ] [ LANG ] F:\WorkProgram\laragon\www\myone\public/../application/admin/lang/zh-cn/ajax.php
[ info ] [ BEHAVIOR ] Run \addons\geetest\Geetest @action_begin [ RunTime:0.000047s ]
[ info ] [ RUN ] app\admin\controller\Ajax->lang[ F:\WorkProgram\laragon\www\myone\application\admin\controller\Ajax.php ]
[ info ] [ LANG ] F:\WorkProgram\laragon\www\myone\public/../application/admin/lang/zh-cn/dashboard.php
[ info ] [ BEHAVIOR ] Run app\admin\behavior\AdminLog @app_end [ RunTime:0.000733s ]
[ info ] [ BEHAVIOR ] Run \addons\cms\Cms @response_send [ RunTime:0.000202s ]
[ info ] [ BEHAVIOR ] Run \addons\loginbgindex\Loginbgindex @response_send [ RunTime:0.000025s ]
[ info ] [ LOG ] INIT File
---------------------------------------------------------------
[ 2020-03-12T08:33:26+08:00 ] 127.0.0.1 GET myone.com/zmq.php/ajax/lang?callback=define&controllername=test.bootstraptable&v=1583973205
[运行时间：0.099092s] [吞吐率：10.09req/s] [内存消耗：3,474.41kb] [文件加载：132]
[ info ] [ BEHAVIOR ] Run Closure @app_init [ RunTime:0.000062s ]
[ info ] [ CACHE ] INIT File
[ info ] [ BEHAVIOR ] Run \addons\cms\Cms @app_init [ RunTime:0.010425s ]
[ info ] [ BEHAVIOR ] Run \addons\epay\Epay @app_init [ RunTime:0.000038s ]
[ info ] [ BEHAVIOR ] Run Closure @app_init [ RunTime:0.000058s ]
[ info ] [ LANG ] F:\WorkProgram\laragon\www\myone\thinkphp\lang\zh-cn.php
[ info ] [ ROUTE ] array (
  'type' => 'module',
  'module' => 
  array (
    0 => 'admin',
    1 => 'ajax',
    2 => 'lang',
  ),
)
[ info ] [ HEADER ] array (
  'host' => 'myone.com',
  'connection' => 'keep-alive',
  'user-agent' => 'Mozilla/5.0 (Windows NT 10.0; Win64; x64) AppleWebKit/537.36 (KHTML, like Gecko) Chrome/80.0.3987.132 Safari/537.36',
  'accept' => '*/*',
  'referer' => 'http://myone.com/zmq.php/test/bootstraptable?addtabs=1',
  'accept-encoding' => 'gzip, deflate',
  'accept-language' => 'zh-CN,zh;q=0.9',
  'cookie' => 'PHPSESSID=a9ehrv32gp1u8f289k0abf10rs',
)
[ info ] [ PARAM ] array (
  'callback' => 'define',
  'controllername' => 'test.bootstraptable',
  'v' => '1583973205',
)
[ info ] [ LANG ] F:\WorkProgram\laragon\www\myone\public/../application/admin\lang\zh-cn.php
[ info ] [ BEHAVIOR ] Run app\common\behavior\Common @module_init [ RunTime:0.002730s ]
[ info ] [ SESSION ] INIT array (
  'id' => '',
  'var_session_id' => '',
  'prefix' => 'think',
  'type' => '',
  'auto_start' => true,
)
[ info ] [ BEHAVIOR ] Run \addons\geetest\Geetest @config_init [ RunTime:0.000681s ]
[ info ] [ LANG ] F:\WorkProgram\laragon\www\myone\public/../application/admin/lang/zh-cn/ajax.php
[ info ] [ BEHAVIOR ] Run \addons\geetest\Geetest @action_begin [ RunTime:0.000053s ]
[ info ] [ RUN ] app\admin\controller\Ajax->lang[ F:\WorkProgram\laragon\www\myone\application\admin\controller\Ajax.php ]
[ info ] [ LANG ] F:\WorkProgram\laragon\www\myone\public/../application/admin/lang/zh-cn/test/bootstraptable.php
[ info ] [ BEHAVIOR ] Run app\admin\behavior\AdminLog @app_end [ RunTime:0.000727s ]
[ info ] [ BEHAVIOR ] Run \addons\cms\Cms @response_send [ RunTime:0.000227s ]
[ info ] [ BEHAVIOR ] Run \addons\loginbgindex\Loginbgindex @response_send [ RunTime:0.000031s ]
[ info ] [ LOG ] INIT File
---------------------------------------------------------------
[ 2020-03-12T08:33:27+08:00 ] 127.0.0.1 GET myone.com/zmq.php/test/bootstraptable/searchlist
[运行时间：0.230497s] [吞吐率：4.34req/s] [内存消耗：4,230.33kb] [文件加载：139]
[ info ] [ BEHAVIOR ] Run Closure @app_init [ RunTime:0.000023s ]
[ info ] [ CACHE ] INIT File
[ info ] [ BEHAVIOR ] Run \addons\cms\Cms @app_init [ RunTime:0.009088s ]
[ info ] [ BEHAVIOR ] Run \addons\epay\Epay @app_init [ RunTime:0.000037s ]
[ info ] [ BEHAVIOR ] Run Closure @app_init [ RunTime:0.000056s ]
[ info ] [ LANG ] F:\WorkProgram\laragon\www\myone\thinkphp\lang\zh-cn.php
[ info ] [ ROUTE ] array (
  'type' => 'module',
  'module' => 
  array (
    0 => 'admin',
    1 => 'test.bootstraptable',
    2 => 'searchlist',
  ),
)
[ info ] [ HEADER ] array (
  'host' => 'myone.com',
  'connection' => 'keep-alive',
  'accept' => 'application/json, text/javascript, */*; q=0.01',
  'x-requested-with' => 'XMLHttpRequest',
  'user-agent' => 'Mozilla/5.0 (Windows NT 10.0; Win64; x64) AppleWebKit/537.36 (KHTML, like Gecko) Chrome/80.0.3987.132 Safari/537.36',
  'referer' => 'http://myone.com/zmq.php/test/bootstraptable?addtabs=1',
  'accept-encoding' => 'gzip, deflate',
  'accept-language' => 'zh-CN,zh;q=0.9',
  'cookie' => 'PHPSESSID=a9ehrv32gp1u8f289k0abf10rs',
)
[ info ] [ PARAM ] array (
)
[ info ] [ LANG ] F:\WorkProgram\laragon\www\myone\public/../application/admin\lang\zh-cn.php
[ info ] [ BEHAVIOR ] Run app\common\behavior\Common @module_init [ RunTime:0.001899s ]
[ info ] [ SESSION ] INIT array (
  'id' => '',
  'var_session_id' => '',
  'prefix' => 'think',
  'type' => '',
  'auto_start' => true,
)
[ info ] [ BEHAVIOR ] Run \addons\geetest\Geetest @config_init [ RunTime:0.000492s ]
[ info ] [ LANG ] F:\WorkProgram\laragon\www\myone\public/../application/admin/lang/zh-cn/test/bootstraptable.php
[ info ] [ DB ] INIT mysql
[ info ] [ BEHAVIOR ] Run \addons\geetest\Geetest @action_begin [ RunTime:0.000047s ]
[ info ] [ RUN ] app\admin\controller\test\Bootstraptable->searchlist[ F:\WorkProgram\laragon\www\myone\application\admin\controller\test\Bootstraptable.php ]
[ info ] [ BEHAVIOR ] Run app\admin\behavior\AdminLog @app_end [ RunTime:0.000409s ]
[ info ] [ BEHAVIOR ] Run \addons\cms\Cms @response_send [ RunTime:0.000068s ]
[ info ] [ BEHAVIOR ] Run \addons\loginbgindex\Loginbgindex @response_send [ RunTime:0.000023s ]
[ info ] [ LOG ] INIT File
[ sql ] [ DB ] CONNECT:[ UseTime:0.037253s ] mysql:host=114.55.147.127;dbname=myone;charset=utf8
[ sql ] [ SQL ] SHOW COLUMNS FROM `one_admin_log` [ RunTime:0.026156s ]
[ sql ] [ SQL ] SELECT `ip`,ip as aa FROM `one_admin_log` WHERE  `createtime` >  1580776407 GROUP BY `ip` [ RunTime:0.025574s ]
[ sql ] [ SQL ] SELECT * FROM `one_admin_log` LIMIT 10 [ RunTime:0.024874s ]
---------------------------------------------------------------
[ 2020-03-12T08:33:27+08:00 ] 127.0.0.1 GET myone.com/zmq.php/test/bootstraptable/index?sort=id&order=desc&offset=0&limit=12&filter=%7B%7D&op=%7B%7D&_=1583973206546
[运行时间：0.644891s] [吞吐率：1.55req/s] [内存消耗：4,584.57kb] [文件加载：143]
[ info ] [ BEHAVIOR ] Run Closure @app_init [ RunTime:0.000020s ]
[ info ] [ CACHE ] INIT File
[ info ] [ BEHAVIOR ] Run \addons\cms\Cms @app_init [ RunTime:0.014180s ]
[ info ] [ BEHAVIOR ] Run \addons\epay\Epay @app_init [ RunTime:0.000368s ]
[ info ] [ BEHAVIOR ] Run Closure @app_init [ RunTime:0.000393s ]
[ info ] [ LANG ] F:\WorkProgram\laragon\www\myone\thinkphp\lang\zh-cn.php
[ info ] [ ROUTE ] array (
  'type' => 'module',
  'module' => 
  array (
    0 => 'admin',
    1 => 'test.bootstraptable',
    2 => 'index',
  ),
)
[ info ] [ HEADER ] array (
  'host' => 'myone.com',
  'connection' => 'keep-alive',
  'accept' => 'application/json, text/javascript, */*; q=0.01',
  'x-requested-with' => 'XMLHttpRequest',
  'user-agent' => 'Mozilla/5.0 (Windows NT 10.0; Win64; x64) AppleWebKit/537.36 (KHTML, like Gecko) Chrome/80.0.3987.132 Safari/537.36',
  'content-type' => 'application/json',
  'referer' => 'http://myone.com/zmq.php/test/bootstraptable?addtabs=1',
  'accept-encoding' => 'gzip, deflate',
  'accept-language' => 'zh-CN,zh;q=0.9',
  'cookie' => 'PHPSESSID=a9ehrv32gp1u8f289k0abf10rs',
)
[ info ] [ PARAM ] array (
  'sort' => 'id',
  'order' => 'desc',
  'offset' => '0',
  'limit' => '12',
  'filter' => '{}',
  'op' => '{}',
  '_' => '1583973206546',
)
[ info ] [ LANG ] F:\WorkProgram\laragon\www\myone\public/../application/admin\lang\zh-cn.php
[ info ] [ BEHAVIOR ] Run app\common\behavior\Common @module_init [ RunTime:0.004906s ]
[ info ] [ SESSION ] INIT array (
  'id' => '',
  'var_session_id' => '',
  'prefix' => 'think',
  'type' => '',
  'auto_start' => true,
)
[ info ] [ DB ] INIT mysql
[ info ] [ BEHAVIOR ] Run \addons\geetest\Geetest @config_init [ RunTime:0.000452s ]
[ info ] [ LANG ] F:\WorkProgram\laragon\www\myone\public/../application/admin/lang/zh-cn/test/bootstraptable.php
[ info ] [ BEHAVIOR ] Run \addons\geetest\Geetest @action_begin [ RunTime:0.000043s ]
[ info ] [ RUN ] app\admin\controller\test\Bootstraptable->index[ F:\WorkProgram\laragon\www\myone\application\admin\controller\test\Bootstraptable.php ]
[ info ] [ BEHAVIOR ] Run app\admin\behavior\AdminLog @app_end [ RunTime:0.000348s ]
[ info ] [ BEHAVIOR ] Run \addons\cms\Cms @response_send [ RunTime:0.000536s ]
[ info ] [ BEHAVIOR ] Run \addons\loginbgindex\Loginbgindex @response_send [ RunTime:0.000038s ]
[ info ] [ LOG ] INIT File
[ sql ] [ DB ] CONNECT:[ UseTime:0.061902s ] mysql:host=114.55.147.127;dbname=myone;charset=utf8
[ sql ] [ SQL ] SHOW COLUMNS FROM `one_auth_group_access` [ RunTime:0.031967s ]
[ sql ] [ SQL ] SELECT `aga`.`uid`,`aga`.`group_id`,`ag`.`id`,`ag`.`pid`,`ag`.`name`,`ag`.`rules` FROM `one_auth_group_access` `aga` LEFT JOIN `one_auth_group` `ag` ON `aga`.`group_id`=`ag`.`id` WHERE  (  aga.uid='1' and ag.status='normal' ) [ RunTime:0.031871s ]
[ sql ] [ SQL ] SHOW COLUMNS FROM `one_auth_rule` [ RunTime:0.032182s ]
[ sql ] [ SQL ] SELECT `id`,`pid`,`condition`,`icon`,`name`,`title`,`ismenu` FROM `one_auth_rule` WHERE  `status` = 'normal' [ RunTime:0.047309s ]
[ sql ] [ SQL ] SHOW COLUMNS FROM `one_admin_log` [ RunTime:0.032081s ]
[ sql ] [ SQL ] SELECT `ip`,ip as aa FROM `one_admin_log` WHERE  `createtime` >  1580776407 GROUP BY `ip` [ RunTime:0.036631s ]
[ sql ] [ SQL ] SHOW COLUMNS FROM `one_admin` [ RunTime:0.034744s ]
[ sql ] [ SQL ] SELECT COUNT(*) AS tp_count FROM `one_admin_log` `admin_log` INNER JOIN `one_admin` `admin` ON `admin_log`.`admin_id`=`admin`.`id` ORDER BY `admin_log`.`id` DESC LIMIT 1 [ RunTime:0.031460s ]
[ sql ] [ SQL ] SELECT `admin_log`.`id`,`admin_log`.`admin_id`,`admin_log`.`username`,`admin_log`.`url`,`admin_log`.`title`,`admin_log`.`content`,`admin_log`.`ip`,`admin_log`.`useragent`,`admin_log`.`createtime`,`admin_log`.`image`,admin.id AS admin__id,admin.username AS admin__username,admin.nickname AS admin__nickname,admin.password AS admin__password,admin.salt AS admin__salt,admin.avatar AS admin__avatar,admin.email AS admin__email,admin.loginfailure AS admin__loginfailure,admin.logintime AS admin__logintime,admin.createtime AS admin__createtime,admin.updatetime AS admin__updatetime,admin.token AS admin__token,admin.status AS admin__status FROM `one_admin_log` `admin_log` INNER JOIN `one_admin` `admin` ON `admin_log`.`admin_id`=`admin`.`id` ORDER BY `admin_log`.`id` DESC LIMIT 0,12 [ RunTime:0.034673s ]
---------------------------------------------------------------
[ 2020-03-12T08:33:28+08:00 ] 127.0.0.1 GET myone.com/zmq.php/test/bootstraptable/cxselect?type=group
[运行时间：0.714275s] [吞吐率：1.40req/s] [内存消耗：4,254.13kb] [文件加载：141]
[ info ] [ BEHAVIOR ] Run Closure @app_init [ RunTime:0.000024s ]
[ info ] [ CACHE ] INIT File
[ info ] [ BEHAVIOR ] Run \addons\cms\Cms @app_init [ RunTime:0.003161s ]
[ info ] [ BEHAVIOR ] Run \addons\epay\Epay @app_init [ RunTime:0.000034s ]
[ info ] [ BEHAVIOR ] Run Closure @app_init [ RunTime:0.000051s ]
[ info ] [ LANG ] F:\WorkProgram\laragon\www\myone\thinkphp\lang\zh-cn.php
[ info ] [ ROUTE ] array (
  'type' => 'module',
  'module' => 
  array (
    0 => 'admin',
    1 => 'test.bootstraptable',
    2 => 'cxselect',
  ),
)
[ info ] [ HEADER ] array (
  'host' => 'myone.com',
  'connection' => 'keep-alive',
  'accept' => 'application/json, text/javascript, */*; q=0.01',
  'x-requested-with' => 'XMLHttpRequest',
  'user-agent' => 'Mozilla/5.0 (Windows NT 10.0; Win64; x64) AppleWebKit/537.36 (KHTML, like Gecko) Chrome/80.0.3987.132 Safari/537.36',
  'referer' => 'http://myone.com/zmq.php/test/bootstraptable?addtabs=1',
  'accept-encoding' => 'gzip, deflate',
  'accept-language' => 'zh-CN,zh;q=0.9',
  'cookie' => 'PHPSESSID=a9ehrv32gp1u8f289k0abf10rs',
)
[ info ] [ PARAM ] array (
  'type' => 'group',
)
[ info ] [ LANG ] F:\WorkProgram\laragon\www\myone\public/../application/admin\lang\zh-cn.php
[ info ] [ BEHAVIOR ] Run app\common\behavior\Common @module_init [ RunTime:0.002556s ]
[ info ] [ SESSION ] INIT array (
  'id' => '',
  'var_session_id' => '',
  'prefix' => 'think',
  'type' => '',
  'auto_start' => true,
)
[ info ] [ BEHAVIOR ] Run \addons\geetest\Geetest @config_init [ RunTime:0.000399s ]
[ info ] [ LANG ] F:\WorkProgram\laragon\www\myone\public/../application/admin/lang/zh-cn/test/bootstraptable.php
[ info ] [ DB ] INIT mysql
[ info ] [ BEHAVIOR ] Run \addons\geetest\Geetest @action_begin [ RunTime:0.000044s ]
[ info ] [ RUN ] app\admin\controller\test\Bootstraptable->cxselect[ F:\WorkProgram\laragon\www\myone\application\admin\controller\test\Bootstraptable.php ]
[ info ] [ BEHAVIOR ] Run app\admin\behavior\AdminLog @app_end [ RunTime:0.000322s ]
[ info ] [ BEHAVIOR ] Run \addons\cms\Cms @response_send [ RunTime:0.000070s ]
[ info ] [ BEHAVIOR ] Run \addons\loginbgindex\Loginbgindex @response_send [ RunTime:0.000022s ]
[ info ] [ LOG ] INIT File
[ sql ] [ DB ] CONNECT:[ UseTime:0.034960s ] mysql:host=114.55.147.127;dbname=myone;charset=utf8
[ sql ] [ SQL ] SHOW COLUMNS FROM `one_admin_log` [ RunTime:0.023901s ]
[ sql ] [ SQL ] SELECT `ip`,ip as aa FROM `one_admin_log` WHERE  `createtime` >  1580776407 GROUP BY `ip` [ RunTime:0.022764s ]
[ sql ] [ SQL ] SHOW COLUMNS FROM `one_auth_group_access` [ RunTime:0.025353s ]
[ sql ] [ SQL ] SELECT `aga`.`uid`,`aga`.`group_id`,`ag`.`id`,`ag`.`pid`,`ag`.`name`,`ag`.`rules` FROM `one_auth_group_access` `aga` LEFT JOIN `one_auth_group` `ag` ON `aga`.`group_id`=`ag`.`id` WHERE  (  aga.uid='1' and ag.status='normal' ) [ RunTime:0.022850s ]
[ sql ] [ SQL ] SHOW COLUMNS FROM `one_auth_group` [ RunTime:0.024440s ]
[ sql ] [ SQL ] SELECT * FROM `one_auth_group` WHERE  `status` = 'normal' [ RunTime:0.022798s ]
[ sql ] [ SQL ] SELECT id as value,`name` FROM `one_auth_group` WHERE  `id` IN (1) [ RunTime:0.023316s ]
---------------------------------------------------------------
[ 2020-03-12T08:33:28+08:00 ] 127.0.0.1 GET myone.com/zmq.php/test/bootstraptable/cxselect?type=group
[运行时间：0.293045s] [吞吐率：3.41req/s] [内存消耗：4,254.13kb] [文件加载：141]
[ info ] [ BEHAVIOR ] Run Closure @app_init [ RunTime:0.000020s ]
[ info ] [ CACHE ] INIT File
[ info ] [ BEHAVIOR ] Run \addons\cms\Cms @app_init [ RunTime:0.003003s ]
[ info ] [ BEHAVIOR ] Run \addons\epay\Epay @app_init [ RunTime:0.000032s ]
[ info ] [ BEHAVIOR ] Run Closure @app_init [ RunTime:0.000050s ]
[ info ] [ LANG ] F:\WorkProgram\laragon\www\myone\thinkphp\lang\zh-cn.php
[ info ] [ ROUTE ] array (
  'type' => 'module',
  'module' => 
  array (
    0 => 'admin',
    1 => 'test.bootstraptable',
    2 => 'cxselect',
  ),
)
[ info ] [ HEADER ] array (
  'host' => 'myone.com',
  'connection' => 'keep-alive',
  'accept' => 'application/json, text/javascript, */*; q=0.01',
  'x-requested-with' => 'XMLHttpRequest',
  'user-agent' => 'Mozilla/5.0 (Windows NT 10.0; Win64; x64) AppleWebKit/537.36 (KHTML, like Gecko) Chrome/80.0.3987.132 Safari/537.36',
  'referer' => 'http://myone.com/zmq.php/test/bootstraptable?addtabs=1',
  'accept-encoding' => 'gzip, deflate',
  'accept-language' => 'zh-CN,zh;q=0.9',
  'cookie' => 'PHPSESSID=a9ehrv32gp1u8f289k0abf10rs',
)
[ info ] [ PARAM ] array (
  'type' => 'group',
)
[ info ] [ LANG ] F:\WorkProgram\laragon\www\myone\public/../application/admin\lang\zh-cn.php
[ info ] [ BEHAVIOR ] Run app\common\behavior\Common @module_init [ RunTime:0.001749s ]
[ info ] [ SESSION ] INIT array (
  'id' => '',
  'var_session_id' => '',
  'prefix' => 'think',
  'type' => '',
  'auto_start' => true,
)
[ info ] [ BEHAVIOR ] Run \addons\geetest\Geetest @config_init [ RunTime:0.000364s ]
[ info ] [ LANG ] F:\WorkProgram\laragon\www\myone\public/../application/admin/lang/zh-cn/test/bootstraptable.php
[ info ] [ DB ] INIT mysql
[ info ] [ BEHAVIOR ] Run \addons\geetest\Geetest @action_begin [ RunTime:0.000042s ]
[ info ] [ RUN ] app\admin\controller\test\Bootstraptable->cxselect[ F:\WorkProgram\laragon\www\myone\application\admin\controller\test\Bootstraptable.php ]
[ info ] [ BEHAVIOR ] Run app\admin\behavior\AdminLog @app_end [ RunTime:0.000399s ]
[ info ] [ BEHAVIOR ] Run \addons\cms\Cms @response_send [ RunTime:0.000067s ]
[ info ] [ BEHAVIOR ] Run \addons\loginbgindex\Loginbgindex @response_send [ RunTime:0.000021s ]
[ info ] [ LOG ] INIT File
[ sql ] [ DB ] CONNECT:[ UseTime:0.039395s ] mysql:host=114.55.147.127;dbname=myone;charset=utf8
[ sql ] [ SQL ] SHOW COLUMNS FROM `one_admin_log` [ RunTime:0.026119s ]
[ sql ] [ SQL ] SELECT `ip`,ip as aa FROM `one_admin_log` WHERE  `createtime` >  1580776408 GROUP BY `ip` [ RunTime:0.026799s ]
[ sql ] [ SQL ] SHOW COLUMNS FROM `one_auth_group_access` [ RunTime:0.026280s ]
[ sql ] [ SQL ] SELECT `aga`.`uid`,`aga`.`group_id`,`ag`.`id`,`ag`.`pid`,`ag`.`name`,`ag`.`rules` FROM `one_auth_group_access` `aga` LEFT JOIN `one_auth_group` `ag` ON `aga`.`group_id`=`ag`.`id` WHERE  (  aga.uid='1' and ag.status='normal' ) [ RunTime:0.026354s ]
[ sql ] [ SQL ] SHOW COLUMNS FROM `one_auth_group` [ RunTime:0.025874s ]
[ sql ] [ SQL ] SELECT * FROM `one_auth_group` WHERE  `status` = 'normal' [ RunTime:0.025926s ]
[ sql ] [ SQL ] SELECT id as value,`name` FROM `one_auth_group` WHERE  `id` IN (1) [ RunTime:0.025162s ]
---------------------------------------------------------------
[ 2020-03-12T10:54:13+08:00 ] 127.0.0.1 POST myone.com/api/demo/aes_encode
[运行时间：0.171055s] [吞吐率：5.85req/s] [内存消耗：2,990.06kb] [文件加载：126]
[ info ] [ BEHAVIOR ] Run Closure @app_init [ RunTime:0.000015s ]
[ info ] [ CACHE ] INIT File
[ info ] [ BEHAVIOR ] Run \addons\cms\Cms @app_init [ RunTime:0.002495s ]
[ info ] [ BEHAVIOR ] Run \addons\epay\Epay @app_init [ RunTime:0.000028s ]
[ info ] [ BEHAVIOR ] Run Closure @app_init [ RunTime:0.000043s ]
[ info ] [ LANG ] F:\WorkProgram\laragon\www\myone\thinkphp\lang\zh-cn.php
[ info ] [ ROUTE ] array (
  'type' => 'module',
  'module' => 
  array (
    0 => 'api',
    1 => 'demo',
    2 => 'aes_encode',
  ),
)
[ info ] [ HEADER ] array (
  'host' => 'myone.com',
  'connection' => 'keep-alive',
  'content-length' => '146',
  'accept' => '*/*',
  'user-agent' => 'apizza-extension',
  'content-type' => 'multipart/form-data; boundary=----WebKitFormBoundaryRGARqH77W59CMu5V',
  'accept-encoding' => 'gzip, deflate',
  'cookie' => 'PHPSESSID=a9ehrv32gp1u8f289k0abf10rs',
)
[ info ] [ PARAM ] array (
  'data' => 'ab邹敏强',
)
[ info ] [ LANG ] F:\WorkProgram\laragon\www\myone\public/../application/api\lang\zh-cn.php
[ info ] [ BEHAVIOR ] Run app\common\behavior\Common @module_init [ RunTime:0.004718s ]
[ info ] [ BEHAVIOR ] Run \addons\geetest\Geetest @action_begin [ RunTime:0.000083s ]
[ info ] [ RUN ] app\api\controller\Demo->aes_encode[ F:\WorkProgram\laragon\www\myone\application\api\controller\Demo.php ]
[ info ] [ BEHAVIOR ] Run \addons\cms\Cms @response_send [ RunTime:0.000215s ]
[ info ] [ BEHAVIOR ] Run \addons\loginbgindex\Loginbgindex @response_send [ RunTime:0.000053s ]
[ info ] [ LOG ] INIT File
---------------------------------------------------------------
[ 2020-03-12T10:54:21+08:00 ] 127.0.0.1 GET myone.com/api/demo/aes_encode%E3%80%81
[运行时间：0.087503s] [吞吐率：11.43req/s] [内存消耗：3,023.67kb] [文件加载：128]
[ info ] [ BEHAVIOR ] Run Closure @app_init [ RunTime:0.000017s ]
[ info ] [ CACHE ] INIT File
[ info ] [ BEHAVIOR ] Run \addons\cms\Cms @app_init [ RunTime:0.004009s ]
[ info ] [ BEHAVIOR ] Run \addons\epay\Epay @app_init [ RunTime:0.000050s ]
[ info ] [ BEHAVIOR ] Run Closure @app_init [ RunTime:0.000098s ]
[ info ] [ LANG ] F:\WorkProgram\laragon\www\myone\thinkphp\lang\zh-cn.php
[ info ] [ ROUTE ] array (
  'type' => 'module',
  'module' => 
  array (
    0 => 'api',
    1 => 'demo',
    2 => 'aes_encode、',
  ),
)
[ info ] [ HEADER ] array (
  'host' => 'myone.com',
  'connection' => 'keep-alive',
  'upgrade-insecure-requests' => '1',
  'user-agent' => 'Mozilla/5.0 (Windows NT 10.0; Win64; x64) AppleWebKit/537.36 (KHTML, like Gecko) Chrome/80.0.3987.132 Safari/537.36',
  'accept' => 'text/html,application/xhtml+xml,application/xml;q=0.9,image/webp,image/apng,*/*;q=0.8,application/signed-exchange;v=b3;q=0.9',
  'accept-encoding' => 'gzip, deflate',
  'accept-language' => 'zh-CN,zh;q=0.9',
  'cookie' => 'PHPSESSID=a9ehrv32gp1u8f289k0abf10rs',
)
[ info ] [ PARAM ] array (
)
[ info ] [ LANG ] F:\WorkProgram\laragon\www\myone\public/../application/api\lang\zh-cn.php
[ info ] [ BEHAVIOR ] Run app\common\behavior\Common @module_init [ RunTime:0.002744s ]
[ info ] [ BEHAVIOR ] Run \addons\cms\Cms @response_send [ RunTime:0.000156s ]
[ info ] [ BEHAVIOR ] Run \addons\loginbgindex\Loginbgindex @response_send [ RunTime:0.000024s ]
[ info ] [ LOG ] INIT File
---------------------------------------------------------------
[ 2020-03-12T10:54:21+08:00 ] 127.0.0.1 GET myone.com/favicon.ico
[运行时间：0.041140s] [吞吐率：24.31req/s] [内存消耗：2,368.43kb] [文件加载：116]
[ info ] [ BEHAVIOR ] Run Closure @app_init [ RunTime:0.000014s ]
[ info ] [ CACHE ] INIT File
[ info ] [ BEHAVIOR ] Run \addons\cms\Cms @app_init [ RunTime:0.002933s ]
[ info ] [ BEHAVIOR ] Run \addons\epay\Epay @app_init [ RunTime:0.000073s ]
[ info ] [ BEHAVIOR ] Run Closure @app_init [ RunTime:0.000094s ]
[ info ] [ LANG ] F:\WorkProgram\laragon\www\myone\thinkphp\lang\zh-cn.php
[ info ] [ ROUTE ] array (
  'type' => 'module',
  'module' => 
  array (
    0 => 'favicon.ico',
    1 => NULL,
    2 => NULL,
  ),
)
[ info ] [ HEADER ] array (
  'host' => 'myone.com',
  'connection' => 'keep-alive',
  'user-agent' => 'Mozilla/5.0 (Windows NT 10.0; Win64; x64) AppleWebKit/537.36 (KHTML, like Gecko) Chrome/80.0.3987.132 Safari/537.36',
  'accept' => 'image/webp,image/apng,image/*,*/*;q=0.8',
  'referer' => 'http://myone.com/api/demo/aes_encode%E3%80%81',
  'accept-encoding' => 'gzip, deflate',
  'accept-language' => 'zh-CN,zh;q=0.9',
  'cookie' => 'PHPSESSID=a9ehrv32gp1u8f289k0abf10rs',
)
[ info ] [ PARAM ] array (
)
[ info ] [ BEHAVIOR ] Run \addons\cms\Cms @response_send [ RunTime:0.000052s ]
[ info ] [ BEHAVIOR ] Run \addons\loginbgindex\Loginbgindex @response_send [ RunTime:0.000020s ]
[ info ] [ LOG ] INIT File
---------------------------------------------------------------
[ 2020-03-12T10:54:23+08:00 ] 127.0.0.1 GET myone.com/api/demo/aes_encode
[运行时间：0.064126s] [吞吐率：15.59req/s] [内存消耗：3,042.10kb] [文件加载：129]
[ info ] [ BEHAVIOR ] Run Closure @app_init [ RunTime:0.000015s ]
[ info ] [ CACHE ] INIT File
[ info ] [ BEHAVIOR ] Run \addons\cms\Cms @app_init [ RunTime:0.002204s ]
[ info ] [ BEHAVIOR ] Run \addons\epay\Epay @app_init [ RunTime:0.000026s ]
[ info ] [ BEHAVIOR ] Run Closure @app_init [ RunTime:0.000039s ]
[ info ] [ LANG ] F:\WorkProgram\laragon\www\myone\thinkphp\lang\zh-cn.php
[ info ] [ ROUTE ] array (
  'type' => 'module',
  'module' => 
  array (
    0 => 'api',
    1 => 'demo',
    2 => 'aes_encode',
  ),
)
[ info ] [ HEADER ] array (
  'host' => 'myone.com',
  'connection' => 'keep-alive',
  'upgrade-insecure-requests' => '1',
  'user-agent' => 'Mozilla/5.0 (Windows NT 10.0; Win64; x64) AppleWebKit/537.36 (KHTML, like Gecko) Chrome/80.0.3987.132 Safari/537.36',
  'accept' => 'text/html,application/xhtml+xml,application/xml;q=0.9,image/webp,image/apng,*/*;q=0.8,application/signed-exchange;v=b3;q=0.9',
  'accept-encoding' => 'gzip, deflate',
  'accept-language' => 'zh-CN,zh;q=0.9',
  'cookie' => 'PHPSESSID=a9ehrv32gp1u8f289k0abf10rs',
)
[ info ] [ PARAM ] array (
)
[ info ] [ LANG ] F:\WorkProgram\laragon\www\myone\public/../application/api\lang\zh-cn.php
[ info ] [ BEHAVIOR ] Run app\common\behavior\Common @module_init [ RunTime:0.001363s ]
[ info ] [ BEHAVIOR ] Run \addons\geetest\Geetest @action_begin [ RunTime:0.000040s ]
[ info ] [ RUN ] app\api\controller\Demo->aes_encode[ F:\WorkProgram\laragon\www\myone\application\api\controller\Demo.php ]
[ info ] [ BEHAVIOR ] Run \addons\cms\Cms @response_send [ RunTime:0.000081s ]
[ info ] [ BEHAVIOR ] Run \addons\loginbgindex\Loginbgindex @response_send [ RunTime:0.000021s ]
[ info ] [ LOG ] INIT File
[ error ] [8]未定义数组索引: data[F:\WorkProgram\laragon\www\myone\application\api\controller\Demo.php:190]
