---------------------------------------------------------------
[ 2019-12-28T13:14:15+08:00 ] 127.0.0.1 GET myone.com/
[运行时间：0.080639s] [吞吐率：12.40req/s] [内存消耗：4,206.60kb] [文件加载：140]
[ info ] [ BEHAVIOR ] Run Closure @app_init [ RunTime:0.000012s ]
[ info ] [ CACHE ] INIT File
[ info ] [ BEHAVIOR ] Run \addons\cms\Cms @app_init [ RunTime:0.002001s ]
[ info ] [ BEHAVIOR ] Run Closure @app_init [ RunTime:0.002019s ]
[ info ] [ LANG ] F:\WorkProgram\laragon\www\myone\thinkphp\lang\zh-cn.php
[ info ] [ ROUTE ] array (
  'type' => 'module',
  'module' => 
  array (
    0 => '',
    1 => NULL,
    2 => NULL,
  ),
)
[ info ] [ HEADER ] array (
  'host' => 'myone.com',
  'connection' => 'keep-alive',
  'cache-control' => 'max-age=0',
  'upgrade-insecure-requests' => '1',
  'user-agent' => 'Mozilla/5.0 (Windows NT 10.0; WOW64) AppleWebKit/537.36 (KHTML, like Gecko) Chrome/79.0.3945.79 Safari/537.36',
  'accept' => 'text/html,application/xhtml+xml,application/xml;q=0.9,image/webp,image/apng,*/*;q=0.8,application/signed-exchange;v=b3;q=0.9',
  'accept-encoding' => 'gzip, deflate',
  'accept-language' => 'zh-CN,zh;q=0.9',
  'cookie' => 'uid=2; token=f49d2d50-e19f-4b4e-9d12-c26f34f6d2b8; Hm_lvt_f8d0a8c400404989e195270b0bbf060a=1577155560,1577408652,1577496098,1577509827; Hm_lpvt_f8d0a8c400404989e195270b0bbf060a=1577509947',
)
[ info ] [ PARAM ] array (
)
[ info ] [ LANG ] F:\WorkProgram\laragon\www\myone\public/../application/index\lang\zh-cn.php
[ info ] [ BEHAVIOR ] Run app\common\behavior\Common @module_init [ RunTime:0.001288s ]
[ info ] [ TOKEN ] INIT Mysql
[ info ] [ DB ] INIT mysql
[ info ] [ BEHAVIOR ] Run \addons\geetest\Geetest @config_init [ RunTime:0.000166s ]
[ info ] [ LANG ] F:\WorkProgram\laragon\www\myone\public/../application/index/lang/zh-cn/index.php
[ info ] [ BEHAVIOR ] Run \addons\geetest\Geetest @action_begin [ RunTime:0.000025s ]
[ info ] [ RUN ] app\index\controller\Index->index[ F:\WorkProgram\laragon\www\myone\application\index\controller\Index.php ]
[ info ] [ VIEW ] F:\WorkProgram\laragon\www\myone\public/../application/index\view\index\index.html [ array (
  0 => 'user',
  1 => 'site',
  2 => 'config',
) ]
[ info ] [ BEHAVIOR ] Run \addons\cms\Cms @response_send [ RunTime:0.000045s ]
[ info ] [ BEHAVIOR ] Run \addons\loginbgindex\Loginbgindex @response_send [ RunTime:0.000020s ]
[ info ] [ LOG ] INIT File
[ sql ] [ DB ] CONNECT:[ UseTime:0.011531s ] mysql:host=127.0.0.1;dbname=myone;charset=utf8
[ sql ] [ SQL ] SHOW COLUMNS FROM `one_user_token` [ RunTime:0.000848s ]
[ sql ] [ SQL ] SELECT * FROM `one_user_token` WHERE  `token` = '8cc3cc25a89c922895f7f6532990e542a3cfc7d2' LIMIT 1 [ RunTime:0.000359s ]
[ sql ] [ SQL ] SHOW COLUMNS FROM `one_user` [ RunTime:0.001579s ]
[ sql ] [ SQL ] SELECT * FROM `one_user` WHERE  `id` = 2 LIMIT 1 [ RunTime:0.000770s ]
---------------------------------------------------------------
[ 2019-12-28T13:14:16+08:00 ] 127.0.0.1 GET myone.com/index/layim/index.html
[运行时间：0.038882s] [吞吐率：25.72req/s] [内存消耗：2,555.48kb] [文件加载：120]
[ info ] [ BEHAVIOR ] Run Closure @app_init [ RunTime:0.000014s ]
[ info ] [ CACHE ] INIT File
[ info ] [ BEHAVIOR ] Run \addons\cms\Cms @app_init [ RunTime:0.002347s ]
[ info ] [ BEHAVIOR ] Run Closure @app_init [ RunTime:0.002370s ]
[ info ] [ LANG ] F:\WorkProgram\laragon\www\myone\thinkphp\lang\zh-cn.php
[ info ] [ ROUTE ] array (
  'type' => 'module',
  'module' => 
  array (
    0 => 'index',
    1 => 'layim',
    2 => 'index',
  ),
)
[ info ] [ HEADER ] array (
  'host' => 'myone.com',
  'connection' => 'keep-alive',
  'upgrade-insecure-requests' => '1',
  'user-agent' => 'Mozilla/5.0 (Windows NT 10.0; WOW64) AppleWebKit/537.36 (KHTML, like Gecko) Chrome/79.0.3945.79 Safari/537.36',
  'accept' => 'text/html,application/xhtml+xml,application/xml;q=0.9,image/webp,image/apng,*/*;q=0.8,application/signed-exchange;v=b3;q=0.9',
  'referer' => 'http://myone.com/',
  'accept-encoding' => 'gzip, deflate',
  'accept-language' => 'zh-CN,zh;q=0.9',
  'cookie' => 'uid=2; token=f49d2d50-e19f-4b4e-9d12-c26f34f6d2b8; Hm_lvt_f8d0a8c400404989e195270b0bbf060a=1577155560,1577408652,1577496098,1577509827; Hm_lpvt_f8d0a8c400404989e195270b0bbf060a=1577510055',
)
[ info ] [ PARAM ] array (
)
[ info ] [ LANG ] F:\WorkProgram\laragon\www\myone\public/../application/index\lang\zh-cn.php
[ info ] [ BEHAVIOR ] Run app\common\behavior\Common @module_init [ RunTime:0.001416s ]
[ info ] [ BEHAVIOR ] Run \addons\cms\Cms @response_send [ RunTime:0.000078s ]
[ info ] [ BEHAVIOR ] Run \addons\loginbgindex\Loginbgindex @response_send [ RunTime:0.000023s ]
[ info ] [ LOG ] INIT File
---------------------------------------------------------------
[ 2019-12-28T13:14:25+08:00 ] 127.0.0.1 GET myone.com/index/layim/index.html
[运行时间：0.039560s] [吞吐率：25.28req/s] [内存消耗：2,555.48kb] [文件加载：120]
[ info ] [ BEHAVIOR ] Run Closure @app_init [ RunTime:0.000012s ]
[ info ] [ CACHE ] INIT File
[ info ] [ BEHAVIOR ] Run \addons\cms\Cms @app_init [ RunTime:0.002245s ]
[ info ] [ BEHAVIOR ] Run Closure @app_init [ RunTime:0.002279s ]
[ info ] [ LANG ] F:\WorkProgram\laragon\www\myone\thinkphp\lang\zh-cn.php
[ info ] [ ROUTE ] array (
  'type' => 'module',
  'module' => 
  array (
    0 => 'index',
    1 => 'layim',
    2 => 'index',
  ),
)
[ info ] [ HEADER ] array (
  'host' => 'myone.com',
  'connection' => 'keep-alive',
  'upgrade-insecure-requests' => '1',
  'user-agent' => 'Mozilla/5.0 (Windows NT 10.0; WOW64) AppleWebKit/537.36 (KHTML, like Gecko) Chrome/79.0.3945.79 Safari/537.36',
  'accept' => 'text/html,application/xhtml+xml,application/xml;q=0.9,image/webp,image/apng,*/*;q=0.8,application/signed-exchange;v=b3;q=0.9',
  'referer' => 'http://myone.com/',
  'accept-encoding' => 'gzip, deflate',
  'accept-language' => 'zh-CN,zh;q=0.9',
  'cookie' => 'uid=2; token=f49d2d50-e19f-4b4e-9d12-c26f34f6d2b8; Hm_lvt_f8d0a8c400404989e195270b0bbf060a=1577155560,1577408652,1577496098,1577509827; Hm_lpvt_f8d0a8c400404989e195270b0bbf060a=1577510055',
)
[ info ] [ PARAM ] array (
)
[ info ] [ LANG ] F:\WorkProgram\laragon\www\myone\public/../application/index\lang\zh-cn.php
[ info ] [ BEHAVIOR ] Run app\common\behavior\Common @module_init [ RunTime:0.001526s ]
[ info ] [ BEHAVIOR ] Run \addons\cms\Cms @response_send [ RunTime:0.000072s ]
[ info ] [ BEHAVIOR ] Run \addons\loginbgindex\Loginbgindex @response_send [ RunTime:0.000021s ]
[ info ] [ LOG ] INIT File
---------------------------------------------------------------
[ 2019-12-28T13:14:35+08:00 ] 127.0.0.1 GET myone.com/index/layim/index.html
[运行时间：0.039002s] [吞吐率：25.64req/s] [内存消耗：2,555.98kb] [文件加载：120]
[ info ] [ BEHAVIOR ] Run Closure @app_init [ RunTime:0.000013s ]
[ info ] [ CACHE ] INIT File
[ info ] [ BEHAVIOR ] Run \addons\cms\Cms @app_init [ RunTime:0.002397s ]
[ info ] [ BEHAVIOR ] Run Closure @app_init [ RunTime:0.002418s ]
[ info ] [ LANG ] F:\WorkProgram\laragon\www\myone\thinkphp\lang\zh-cn.php
[ info ] [ ROUTE ] array (
  'type' => 'module',
  'module' => 
  array (
    0 => 'index',
    1 => 'layim',
    2 => 'index',
  ),
)
[ info ] [ HEADER ] array (
  'host' => 'myone.com',
  'connection' => 'keep-alive',
  'cache-control' => 'max-age=0',
  'upgrade-insecure-requests' => '1',
  'user-agent' => 'Mozilla/5.0 (Windows NT 10.0; WOW64) AppleWebKit/537.36 (KHTML, like Gecko) Chrome/79.0.3945.79 Safari/537.36',
  'accept' => 'text/html,application/xhtml+xml,application/xml;q=0.9,image/webp,image/apng,*/*;q=0.8,application/signed-exchange;v=b3;q=0.9',
  'referer' => 'http://myone.com/',
  'accept-encoding' => 'gzip, deflate',
  'accept-language' => 'zh-CN,zh;q=0.9',
  'cookie' => 'uid=2; token=f49d2d50-e19f-4b4e-9d12-c26f34f6d2b8; Hm_lvt_f8d0a8c400404989e195270b0bbf060a=1577155560,1577408652,1577496098,1577509827; Hm_lpvt_f8d0a8c400404989e195270b0bbf060a=1577510055',
)
[ info ] [ PARAM ] array (
)
[ info ] [ LANG ] F:\WorkProgram\laragon\www\myone\public/../application/index\lang\zh-cn.php
[ info ] [ BEHAVIOR ] Run app\common\behavior\Common @module_init [ RunTime:0.001619s ]
[ info ] [ BEHAVIOR ] Run \addons\cms\Cms @response_send [ RunTime:0.000112s ]
[ info ] [ BEHAVIOR ] Run \addons\loginbgindex\Loginbgindex @response_send [ RunTime:0.000024s ]
[ info ] [ LOG ] INIT File
---------------------------------------------------------------
[ 2019-12-28T13:14:36+08:00 ] 127.0.0.1 GET myone.com/index/layim/index.html
[运行时间：0.032614s] [吞吐率：30.66req/s] [内存消耗：2,555.98kb] [文件加载：120]
[ info ] [ BEHAVIOR ] Run Closure @app_init [ RunTime:0.000012s ]
[ info ] [ CACHE ] INIT File
[ info ] [ BEHAVIOR ] Run \addons\cms\Cms @app_init [ RunTime:0.002810s ]
[ info ] [ BEHAVIOR ] Run Closure @app_init [ RunTime:0.002841s ]
[ info ] [ LANG ] F:\WorkProgram\laragon\www\myone\thinkphp\lang\zh-cn.php
[ info ] [ ROUTE ] array (
  'type' => 'module',
  'module' => 
  array (
    0 => 'index',
    1 => 'layim',
    2 => 'index',
  ),
)
[ info ] [ HEADER ] array (
  'host' => 'myone.com',
  'connection' => 'keep-alive',
  'cache-control' => 'max-age=0',
  'upgrade-insecure-requests' => '1',
  'user-agent' => 'Mozilla/5.0 (Windows NT 10.0; WOW64) AppleWebKit/537.36 (KHTML, like Gecko) Chrome/79.0.3945.79 Safari/537.36',
  'accept' => 'text/html,application/xhtml+xml,application/xml;q=0.9,image/webp,image/apng,*/*;q=0.8,application/signed-exchange;v=b3;q=0.9',
  'referer' => 'http://myone.com/',
  'accept-encoding' => 'gzip, deflate',
  'accept-language' => 'zh-CN,zh;q=0.9',
  'cookie' => 'uid=2; token=f49d2d50-e19f-4b4e-9d12-c26f34f6d2b8; Hm_lvt_f8d0a8c400404989e195270b0bbf060a=1577155560,1577408652,1577496098,1577509827; Hm_lpvt_f8d0a8c400404989e195270b0bbf060a=1577510055',
)
[ info ] [ PARAM ] array (
)
[ info ] [ LANG ] F:\WorkProgram\laragon\www\myone\public/../application/index\lang\zh-cn.php
[ info ] [ BEHAVIOR ] Run app\common\behavior\Common @module_init [ RunTime:0.001405s ]
[ info ] [ BEHAVIOR ] Run \addons\cms\Cms @response_send [ RunTime:0.000098s ]
[ info ] [ BEHAVIOR ] Run \addons\loginbgindex\Loginbgindex @response_send [ RunTime:0.000030s ]
[ info ] [ LOG ] INIT File
---------------------------------------------------------------
[ 2019-12-28T13:14:36+08:00 ] 127.0.0.1 GET myone.com/index/layim/index.html
[运行时间：0.031411s] [吞吐率：31.84req/s] [内存消耗：2,555.98kb] [文件加载：120]
[ info ] [ BEHAVIOR ] Run Closure @app_init [ RunTime:0.000013s ]
[ info ] [ CACHE ] INIT File
[ info ] [ BEHAVIOR ] Run \addons\cms\Cms @app_init [ RunTime:0.002114s ]
[ info ] [ BEHAVIOR ] Run Closure @app_init [ RunTime:0.002133s ]
[ info ] [ LANG ] F:\WorkProgram\laragon\www\myone\thinkphp\lang\zh-cn.php
[ info ] [ ROUTE ] array (
  'type' => 'module',
  'module' => 
  array (
    0 => 'index',
    1 => 'layim',
    2 => 'index',
  ),
)
[ info ] [ HEADER ] array (
  'host' => 'myone.com',
  'connection' => 'keep-alive',
  'cache-control' => 'max-age=0',
  'upgrade-insecure-requests' => '1',
  'user-agent' => 'Mozilla/5.0 (Windows NT 10.0; WOW64) AppleWebKit/537.36 (KHTML, like Gecko) Chrome/79.0.3945.79 Safari/537.36',
  'accept' => 'text/html,application/xhtml+xml,application/xml;q=0.9,image/webp,image/apng,*/*;q=0.8,application/signed-exchange;v=b3;q=0.9',
  'referer' => 'http://myone.com/',
  'accept-encoding' => 'gzip, deflate',
  'accept-language' => 'zh-CN,zh;q=0.9',
  'cookie' => 'uid=2; token=f49d2d50-e19f-4b4e-9d12-c26f34f6d2b8; Hm_lvt_f8d0a8c400404989e195270b0bbf060a=1577155560,1577408652,1577496098,1577509827; Hm_lpvt_f8d0a8c400404989e195270b0bbf060a=1577510055',
)
[ info ] [ PARAM ] array (
)
[ info ] [ LANG ] F:\WorkProgram\laragon\www\myone\public/../application/index\lang\zh-cn.php
[ info ] [ BEHAVIOR ] Run app\common\behavior\Common @module_init [ RunTime:0.001392s ]
[ info ] [ BEHAVIOR ] Run \addons\cms\Cms @response_send [ RunTime:0.000126s ]
[ info ] [ BEHAVIOR ] Run \addons\loginbgindex\Loginbgindex @response_send [ RunTime:0.000026s ]
[ info ] [ LOG ] INIT File
---------------------------------------------------------------
[ 2019-12-28T13:14:36+08:00 ] 127.0.0.1 GET myone.com/index/layim/index.html
[运行时间：0.033097s] [吞吐率：30.21req/s] [内存消耗：2,555.98kb] [文件加载：120]
[ info ] [ BEHAVIOR ] Run Closure @app_init [ RunTime:0.000012s ]
[ info ] [ CACHE ] INIT File
[ info ] [ BEHAVIOR ] Run \addons\cms\Cms @app_init [ RunTime:0.001986s ]
[ info ] [ BEHAVIOR ] Run Closure @app_init [ RunTime:0.002003s ]
[ info ] [ LANG ] F:\WorkProgram\laragon\www\myone\thinkphp\lang\zh-cn.php
[ info ] [ ROUTE ] array (
  'type' => 'module',
  'module' => 
  array (
    0 => 'index',
    1 => 'layim',
    2 => 'index',
  ),
)
[ info ] [ HEADER ] array (
  'host' => 'myone.com',
  'connection' => 'keep-alive',
  'cache-control' => 'max-age=0',
  'upgrade-insecure-requests' => '1',
  'user-agent' => 'Mozilla/5.0 (Windows NT 10.0; WOW64) AppleWebKit/537.36 (KHTML, like Gecko) Chrome/79.0.3945.79 Safari/537.36',
  'accept' => 'text/html,application/xhtml+xml,application/xml;q=0.9,image/webp,image/apng,*/*;q=0.8,application/signed-exchange;v=b3;q=0.9',
  'referer' => 'http://myone.com/',
  'accept-encoding' => 'gzip, deflate',
  'accept-language' => 'zh-CN,zh;q=0.9',
  'cookie' => 'uid=2; token=f49d2d50-e19f-4b4e-9d12-c26f34f6d2b8; Hm_lvt_f8d0a8c400404989e195270b0bbf060a=1577155560,1577408652,1577496098,1577509827; Hm_lpvt_f8d0a8c400404989e195270b0bbf060a=1577510055',
)
[ info ] [ PARAM ] array (
)
[ info ] [ LANG ] F:\WorkProgram\laragon\www\myone\public/../application/index\lang\zh-cn.php
[ info ] [ BEHAVIOR ] Run app\common\behavior\Common @module_init [ RunTime:0.002457s ]
[ info ] [ BEHAVIOR ] Run \addons\cms\Cms @response_send [ RunTime:0.000084s ]
[ info ] [ BEHAVIOR ] Run \addons\loginbgindex\Loginbgindex @response_send [ RunTime:0.000024s ]
[ info ] [ LOG ] INIT File
---------------------------------------------------------------
[ 2019-12-28T13:14:39+08:00 ] 127.0.0.1 GET myone.com/index/layim/index.html
[运行时间：0.032020s] [吞吐率：31.23req/s] [内存消耗：2,555.48kb] [文件加载：120]
[ info ] [ BEHAVIOR ] Run Closure @app_init [ RunTime:0.000013s ]
[ info ] [ CACHE ] INIT File
[ info ] [ BEHAVIOR ] Run \addons\cms\Cms @app_init [ RunTime:0.002396s ]
[ info ] [ BEHAVIOR ] Run Closure @app_init [ RunTime:0.002415s ]
[ info ] [ LANG ] F:\WorkProgram\laragon\www\myone\thinkphp\lang\zh-cn.php
[ info ] [ ROUTE ] array (
  'type' => 'module',
  'module' => 
  array (
    0 => 'index',
    1 => 'layim',
    2 => 'index',
  ),
)
[ info ] [ HEADER ] array (
  'host' => 'myone.com',
  'connection' => 'keep-alive',
  'upgrade-insecure-requests' => '1',
  'user-agent' => 'Mozilla/5.0 (Windows NT 10.0; WOW64) AppleWebKit/537.36 (KHTML, like Gecko) Chrome/79.0.3945.79 Safari/537.36',
  'accept' => 'text/html,application/xhtml+xml,application/xml;q=0.9,image/webp,image/apng,*/*;q=0.8,application/signed-exchange;v=b3;q=0.9',
  'referer' => 'http://myone.com/',
  'accept-encoding' => 'gzip, deflate',
  'accept-language' => 'zh-CN,zh;q=0.9',
  'cookie' => 'uid=2; token=f49d2d50-e19f-4b4e-9d12-c26f34f6d2b8; Hm_lvt_f8d0a8c400404989e195270b0bbf060a=1577155560,1577408652,1577496098,1577509827; Hm_lpvt_f8d0a8c400404989e195270b0bbf060a=1577510055',
)
[ info ] [ PARAM ] array (
)
[ info ] [ LANG ] F:\WorkProgram\laragon\www\myone\public/../application/index\lang\zh-cn.php
[ info ] [ BEHAVIOR ] Run app\common\behavior\Common @module_init [ RunTime:0.001281s ]
[ info ] [ BEHAVIOR ] Run \addons\cms\Cms @response_send [ RunTime:0.000070s ]
[ info ] [ BEHAVIOR ] Run \addons\loginbgindex\Loginbgindex @response_send [ RunTime:0.000020s ]
[ info ] [ LOG ] INIT File
---------------------------------------------------------------
[ 2019-12-28T13:14:42+08:00 ] 127.0.0.1 GET myone.com/
[运行时间：0.060938s] [吞吐率：16.41req/s] [内存消耗：4,206.59kb] [文件加载：140]
[ info ] [ BEHAVIOR ] Run Closure @app_init [ RunTime:0.000013s ]
[ info ] [ CACHE ] INIT File
[ info ] [ BEHAVIOR ] Run \addons\cms\Cms @app_init [ RunTime:0.002432s ]
[ info ] [ BEHAVIOR ] Run Closure @app_init [ RunTime:0.002479s ]
[ info ] [ LANG ] F:\WorkProgram\laragon\www\myone\thinkphp\lang\zh-cn.php
[ info ] [ ROUTE ] array (
  'type' => 'module',
  'module' => 
  array (
    0 => '',
    1 => NULL,
    2 => NULL,
  ),
)
[ info ] [ HEADER ] array (
  'host' => 'myone.com',
  'connection' => 'keep-alive',
  'cache-control' => 'max-age=0',
  'upgrade-insecure-requests' => '1',
  'user-agent' => 'Mozilla/5.0 (Windows NT 10.0; WOW64) AppleWebKit/537.36 (KHTML, like Gecko) Chrome/79.0.3945.79 Safari/537.36',
  'accept' => 'text/html,application/xhtml+xml,application/xml;q=0.9,image/webp,image/apng,*/*;q=0.8,application/signed-exchange;v=b3;q=0.9',
  'accept-encoding' => 'gzip, deflate',
  'accept-language' => 'zh-CN,zh;q=0.9',
  'cookie' => 'uid=2; token=f49d2d50-e19f-4b4e-9d12-c26f34f6d2b8; Hm_lvt_f8d0a8c400404989e195270b0bbf060a=1577155560,1577408652,1577496098,1577509827; Hm_lpvt_f8d0a8c400404989e195270b0bbf060a=1577510055',
)
[ info ] [ PARAM ] array (
)
[ info ] [ LANG ] F:\WorkProgram\laragon\www\myone\public/../application/index\lang\zh-cn.php
[ info ] [ BEHAVIOR ] Run app\common\behavior\Common @module_init [ RunTime:0.001453s ]
[ info ] [ TOKEN ] INIT Mysql
[ info ] [ DB ] INIT mysql
[ info ] [ BEHAVIOR ] Run \addons\geetest\Geetest @config_init [ RunTime:0.000196s ]
[ info ] [ LANG ] F:\WorkProgram\laragon\www\myone\public/../application/index/lang/zh-cn/index.php
[ info ] [ BEHAVIOR ] Run \addons\geetest\Geetest @action_begin [ RunTime:0.000025s ]
[ info ] [ RUN ] app\index\controller\Index->index[ F:\WorkProgram\laragon\www\myone\application\index\controller\Index.php ]
[ info ] [ VIEW ] F:\WorkProgram\laragon\www\myone\public/../application/index\view\index\index.html [ array (
  0 => 'user',
  1 => 'site',
  2 => 'config',
) ]
[ info ] [ BEHAVIOR ] Run \addons\cms\Cms @response_send [ RunTime:0.000075s ]
[ info ] [ BEHAVIOR ] Run \addons\loginbgindex\Loginbgindex @response_send [ RunTime:0.000030s ]
[ info ] [ LOG ] INIT File
[ sql ] [ DB ] CONNECT:[ UseTime:0.011376s ] mysql:host=127.0.0.1;dbname=myone;charset=utf8
[ sql ] [ SQL ] SHOW COLUMNS FROM `one_user_token` [ RunTime:0.000627s ]
[ sql ] [ SQL ] SELECT * FROM `one_user_token` WHERE  `token` = '8cc3cc25a89c922895f7f6532990e542a3cfc7d2' LIMIT 1 [ RunTime:0.000331s ]
[ sql ] [ SQL ] SHOW COLUMNS FROM `one_user` [ RunTime:0.000742s ]
[ sql ] [ SQL ] SELECT * FROM `one_user` WHERE  `id` = 2 LIMIT 1 [ RunTime:0.000508s ]
---------------------------------------------------------------
[ 2019-12-28T13:14:42+08:00 ] 127.0.0.1 GET myone.com/
[运行时间：0.050520s] [吞吐率：19.79req/s] [内存消耗：4,050.23kb] [文件加载：138]
[ info ] [ BEHAVIOR ] Run Closure @app_init [ RunTime:0.000012s ]
[ info ] [ CACHE ] INIT File
[ info ] [ BEHAVIOR ] Run \addons\cms\Cms @app_init [ RunTime:0.002042s ]
[ info ] [ BEHAVIOR ] Run Closure @app_init [ RunTime:0.002061s ]
[ info ] [ LANG ] F:\WorkProgram\laragon\www\myone\thinkphp\lang\zh-cn.php
[ info ] [ ROUTE ] array (
  'type' => 'module',
  'module' => 
  array (
    0 => '',
    1 => NULL,
    2 => NULL,
  ),
)
[ info ] [ HEADER ] array (
  'host' => 'myone.com',
  'connection' => 'keep-alive',
  'cache-control' => 'max-age=0',
  'upgrade-insecure-requests' => '1',
  'user-agent' => 'Mozilla/5.0 (Windows NT 10.0; WOW64) AppleWebKit/537.36 (KHTML, like Gecko) Chrome/79.0.3945.79 Safari/537.36',
  'accept' => 'text/html,application/xhtml+xml,application/xml;q=0.9,image/webp,image/apng,*/*;q=0.8,application/signed-exchange;v=b3;q=0.9',
  'accept-encoding' => 'gzip, deflate',
  'accept-language' => 'zh-CN,zh;q=0.9',
  'cookie' => 'uid=2; token=f49d2d50-e19f-4b4e-9d12-c26f34f6d2b8; Hm_lvt_f8d0a8c400404989e195270b0bbf060a=1577155560,1577408652,1577496098,1577509827; Hm_lpvt_f8d0a8c400404989e195270b0bbf060a=1577510082',
)
[ info ] [ PARAM ] array (
)
[ info ] [ LANG ] F:\WorkProgram\laragon\www\myone\public/../application/index\lang\zh-cn.php
[ info ] [ BEHAVIOR ] Run app\common\behavior\Common @module_init [ RunTime:0.001318s ]
[ info ] [ TOKEN ] INIT Mysql
[ info ] [ DB ] INIT mysql
[ info ] [ BEHAVIOR ] Run \addons\geetest\Geetest @config_init [ RunTime:0.000162s ]
[ info ] [ LANG ] F:\WorkProgram\laragon\www\myone\public/../application/index/lang/zh-cn/index.php
[ info ] [ BEHAVIOR ] Run \addons\geetest\Geetest @action_begin [ RunTime:0.000025s ]
[ info ] [ RUN ] app\index\controller\Index->index[ F:\WorkProgram\laragon\www\myone\application\index\controller\Index.php ]
[ info ] [ VIEW ] F:\WorkProgram\laragon\www\myone\public/../application/index\view\index\index.html [ array (
  0 => 'user',
  1 => 'site',
  2 => 'config',
) ]
[ info ] [ BEHAVIOR ] Run \addons\cms\Cms @response_send [ RunTime:0.000044s ]
[ info ] [ BEHAVIOR ] Run \addons\loginbgindex\Loginbgindex @response_send [ RunTime:0.000020s ]
[ info ] [ LOG ] INIT File
[ sql ] [ DB ] CONNECT:[ UseTime:0.001339s ] mysql:host=127.0.0.1;dbname=myone;charset=utf8
[ sql ] [ SQL ] SHOW COLUMNS FROM `one_user_token` [ RunTime:0.000648s ]
[ sql ] [ SQL ] SELECT * FROM `one_user_token` WHERE  `token` = '8cc3cc25a89c922895f7f6532990e542a3cfc7d2' LIMIT 1 [ RunTime:0.000354s ]
[ sql ] [ SQL ] SHOW COLUMNS FROM `one_user` [ RunTime:0.000706s ]
[ sql ] [ SQL ] SELECT * FROM `one_user` WHERE  `id` = 2 LIMIT 1 [ RunTime:0.000543s ]
---------------------------------------------------------------
[ 2019-12-28T13:14:43+08:00 ] 127.0.0.1 GET myone.com/index/im/index.html
[运行时间：0.047948s] [吞吐率：20.86req/s] [内存消耗：4,172.11kb] [文件加载：139]
[ info ] [ BEHAVIOR ] Run Closure @app_init [ RunTime:0.000018s ]
[ info ] [ CACHE ] INIT File
[ info ] [ BEHAVIOR ] Run \addons\cms\Cms @app_init [ RunTime:0.002153s ]
[ info ] [ BEHAVIOR ] Run Closure @app_init [ RunTime:0.002173s ]
[ info ] [ LANG ] F:\WorkProgram\laragon\www\myone\thinkphp\lang\zh-cn.php
[ info ] [ ROUTE ] array (
  'type' => 'module',
  'module' => 
  array (
    0 => 'index',
    1 => 'im',
    2 => 'index',
  ),
)
[ info ] [ HEADER ] array (
  'host' => 'myone.com',
  'connection' => 'keep-alive',
  'upgrade-insecure-requests' => '1',
  'user-agent' => 'Mozilla/5.0 (Windows NT 10.0; WOW64) AppleWebKit/537.36 (KHTML, like Gecko) Chrome/79.0.3945.79 Safari/537.36',
  'accept' => 'text/html,application/xhtml+xml,application/xml;q=0.9,image/webp,image/apng,*/*;q=0.8,application/signed-exchange;v=b3;q=0.9',
  'referer' => 'http://myone.com/',
  'accept-encoding' => 'gzip, deflate',
  'accept-language' => 'zh-CN,zh;q=0.9',
  'cookie' => 'uid=2; token=f49d2d50-e19f-4b4e-9d12-c26f34f6d2b8; Hm_lvt_f8d0a8c400404989e195270b0bbf060a=1577155560,1577408652,1577496098,1577509827; Hm_lpvt_f8d0a8c400404989e195270b0bbf060a=1577510082',
)
[ info ] [ PARAM ] array (
)
[ info ] [ LANG ] F:\WorkProgram\laragon\www\myone\public/../application/index\lang\zh-cn.php
[ info ] [ BEHAVIOR ] Run app\common\behavior\Common @module_init [ RunTime:0.001305s ]
[ info ] [ TOKEN ] INIT Mysql
[ info ] [ DB ] INIT mysql
[ info ] [ BEHAVIOR ] Run \addons\geetest\Geetest @config_init [ RunTime:0.000161s ]
[ info ] [ BEHAVIOR ] Run \addons\geetest\Geetest @action_begin [ RunTime:0.000024s ]
[ info ] [ RUN ] app\index\controller\Im->index[ F:\WorkProgram\laragon\www\myone\application\index\controller\Im.php ]
[ info ] [ VIEW ] F:\WorkProgram\laragon\www\myone\public/../application/index\view\im\index.html [ array (
  0 => 'user',
  1 => 'site',
  2 => 'config',
) ]
[ info ] [ BEHAVIOR ] Run \addons\cms\Cms @response_send [ RunTime:0.000035s ]
[ info ] [ BEHAVIOR ] Run \addons\loginbgindex\Loginbgindex @response_send [ RunTime:0.000020s ]
[ info ] [ LOG ] INIT File
[ sql ] [ DB ] CONNECT:[ UseTime:0.001093s ] mysql:host=127.0.0.1;dbname=myone;charset=utf8
[ sql ] [ SQL ] SHOW COLUMNS FROM `one_user_token` [ RunTime:0.000665s ]
[ sql ] [ SQL ] SELECT * FROM `one_user_token` WHERE  `token` = '8cc3cc25a89c922895f7f6532990e542a3cfc7d2' LIMIT 1 [ RunTime:0.000365s ]
[ sql ] [ SQL ] SHOW COLUMNS FROM `one_user` [ RunTime:0.000733s ]
[ sql ] [ SQL ] SELECT * FROM `one_user` WHERE  `id` = 2 LIMIT 1 [ RunTime:0.000486s ]
---------------------------------------------------------------
[ 2019-12-28T13:14:43+08:00 ] 127.0.0.1 GET myone.com/static/layim/dist/lay/modules/im.js
[运行时间：0.029985s] [吞吐率：33.35req/s] [内存消耗：2,361.46kb] [文件加载：115]
[ info ] [ BEHAVIOR ] Run Closure @app_init [ RunTime:0.000019s ]
[ info ] [ CACHE ] INIT File
[ info ] [ BEHAVIOR ] Run \addons\cms\Cms @app_init [ RunTime:0.002043s ]
[ info ] [ BEHAVIOR ] Run Closure @app_init [ RunTime:0.002061s ]
[ info ] [ LANG ] F:\WorkProgram\laragon\www\myone\thinkphp\lang\zh-cn.php
[ info ] [ ROUTE ] array (
  'type' => 'module',
  'module' => 
  array (
    0 => 'static',
    1 => 'layim',
    2 => 'dist',
  ),
)
[ info ] [ HEADER ] array (
  'host' => 'myone.com',
  'connection' => 'keep-alive',
  'user-agent' => 'Mozilla/5.0 (Windows NT 10.0; WOW64) AppleWebKit/537.36 (KHTML, like Gecko) Chrome/79.0.3945.79 Safari/537.36',
  'accept' => '*/*',
  'referer' => 'http://myone.com/index/im/index.html',
  'accept-encoding' => 'gzip, deflate',
  'accept-language' => 'zh-CN,zh;q=0.9',
  'cookie' => 'uid=2; token=f49d2d50-e19f-4b4e-9d12-c26f34f6d2b8; Hm_lvt_f8d0a8c400404989e195270b0bbf060a=1577155560,1577408652,1577496098,1577509827; Hm_lpvt_f8d0a8c400404989e195270b0bbf060a=1577510082',
)
[ info ] [ PARAM ] array (
  'lay' => 'modules',
)
[ info ] [ BEHAVIOR ] Run \addons\cms\Cms @response_send [ RunTime:0.000038s ]
[ info ] [ BEHAVIOR ] Run \addons\loginbgindex\Loginbgindex @response_send [ RunTime:0.000020s ]
[ info ] [ LOG ] INIT File
---------------------------------------------------------------
[ 2019-12-28T13:17:42+08:00 ] 127.0.0.1 GET myone.com/index/im/index.html
[运行时间：0.080228s] [吞吐率：12.46req/s] [内存消耗：4,039.66kb] [文件加载：137]
[ info ] [ BEHAVIOR ] Run Closure @app_init [ RunTime:0.000014s ]
[ info ] [ CACHE ] INIT File
[ info ] [ BEHAVIOR ] Run \addons\cms\Cms @app_init [ RunTime:0.002396s ]
[ info ] [ BEHAVIOR ] Run Closure @app_init [ RunTime:0.002417s ]
[ info ] [ LANG ] F:\WorkProgram\laragon\www\myone\thinkphp\lang\zh-cn.php
[ info ] [ ROUTE ] array (
  'type' => 'module',
  'module' => 
  array (
    0 => 'index',
    1 => 'im',
    2 => 'index',
  ),
)
[ info ] [ HEADER ] array (
  'host' => 'myone.com',
  'connection' => 'keep-alive',
  'cache-control' => 'max-age=0',
  'upgrade-insecure-requests' => '1',
  'user-agent' => 'Mozilla/5.0 (Windows NT 10.0; WOW64) AppleWebKit/537.36 (KHTML, like Gecko) Chrome/79.0.3945.79 Safari/537.36',
  'accept' => 'text/html,application/xhtml+xml,application/xml;q=0.9,image/webp,image/apng,*/*;q=0.8,application/signed-exchange;v=b3;q=0.9',
  'referer' => 'http://myone.com/',
  'accept-encoding' => 'gzip, deflate',
  'accept-language' => 'zh-CN,zh;q=0.9',
  'cookie' => 'uid=2; token=f49d2d50-e19f-4b4e-9d12-c26f34f6d2b8; Hm_lvt_f8d0a8c400404989e195270b0bbf060a=1577155560,1577408652,1577496098,1577509827; Hm_lpvt_f8d0a8c400404989e195270b0bbf060a=1577510082',
)
[ info ] [ PARAM ] array (
)
[ info ] [ LANG ] F:\WorkProgram\laragon\www\myone\public/../application/index\lang\zh-cn.php
[ info ] [ BEHAVIOR ] Run app\common\behavior\Common @module_init [ RunTime:0.003619s ]
[ info ] [ TOKEN ] INIT Mysql
[ info ] [ DB ] INIT mysql
[ info ] [ BEHAVIOR ] Run \addons\geetest\Geetest @config_init [ RunTime:0.000196s ]
[ info ] [ BEHAVIOR ] Run \addons\geetest\Geetest @action_begin [ RunTime:0.000024s ]
[ info ] [ RUN ] app\index\controller\Im->index[ F:\WorkProgram\laragon\www\myone\application\index\controller\Im.php ]
[ info ] [ VIEW ] F:\WorkProgram\laragon\www\myone\public/../application/index\view\im\index.html [ array (
  0 => 'user',
  1 => 'site',
  2 => 'config',
) ]
[ info ] [ BEHAVIOR ] Run \addons\cms\Cms @response_send [ RunTime:0.000033s ]
[ info ] [ BEHAVIOR ] Run \addons\loginbgindex\Loginbgindex @response_send [ RunTime:0.000020s ]
[ info ] [ LOG ] INIT File
[ sql ] [ DB ] CONNECT:[ UseTime:0.010018s ] mysql:host=127.0.0.1;dbname=myone;charset=utf8
[ sql ] [ SQL ] SHOW COLUMNS FROM `one_user_token` [ RunTime:0.000523s ]
[ sql ] [ SQL ] SELECT * FROM `one_user_token` WHERE  `token` = '8cc3cc25a89c922895f7f6532990e542a3cfc7d2' LIMIT 1 [ RunTime:0.000246s ]
[ sql ] [ SQL ] SHOW COLUMNS FROM `one_user` [ RunTime:0.001276s ]
[ sql ] [ SQL ] SELECT * FROM `one_user` WHERE  `id` = 2 LIMIT 1 [ RunTime:0.000608s ]
---------------------------------------------------------------
[ 2019-12-28T13:17:42+08:00 ] 127.0.0.1 GET myone.com/static/layim/dist/lay/modules/im.js
[运行时间：0.034769s] [吞吐率：28.76req/s] [内存消耗：2,361.46kb] [文件加载：115]
[ info ] [ BEHAVIOR ] Run Closure @app_init [ RunTime:0.000044s ]
[ info ] [ CACHE ] INIT File
[ info ] [ BEHAVIOR ] Run \addons\cms\Cms @app_init [ RunTime:0.002142s ]
[ info ] [ BEHAVIOR ] Run Closure @app_init [ RunTime:0.002164s ]
[ info ] [ LANG ] F:\WorkProgram\laragon\www\myone\thinkphp\lang\zh-cn.php
[ info ] [ ROUTE ] array (
  'type' => 'module',
  'module' => 
  array (
    0 => 'static',
    1 => 'layim',
    2 => 'dist',
  ),
)
[ info ] [ HEADER ] array (
  'host' => 'myone.com',
  'connection' => 'keep-alive',
  'user-agent' => 'Mozilla/5.0 (Windows NT 10.0; WOW64) AppleWebKit/537.36 (KHTML, like Gecko) Chrome/79.0.3945.79 Safari/537.36',
  'accept' => '*/*',
  'referer' => 'http://myone.com/index/im/index.html',
  'accept-encoding' => 'gzip, deflate',
  'accept-language' => 'zh-CN,zh;q=0.9',
  'cookie' => 'uid=2; token=f49d2d50-e19f-4b4e-9d12-c26f34f6d2b8; Hm_lvt_f8d0a8c400404989e195270b0bbf060a=1577155560,1577408652,1577496098,1577509827; Hm_lpvt_f8d0a8c400404989e195270b0bbf060a=1577510082',
)
[ info ] [ PARAM ] array (
  'lay' => 'modules',
)
[ info ] [ BEHAVIOR ] Run \addons\cms\Cms @response_send [ RunTime:0.000052s ]
[ info ] [ BEHAVIOR ] Run \addons\loginbgindex\Loginbgindex @response_send [ RunTime:0.000021s ]
[ info ] [ LOG ] INIT File
---------------------------------------------------------------
[ 2019-12-28T13:17:43+08:00 ] 127.0.0.1 GET myone.com/index/im/index.html
[运行时间：0.048215s] [吞吐率：20.74req/s] [内存消耗：4,039.66kb] [文件加载：137]
[ info ] [ BEHAVIOR ] Run Closure @app_init [ RunTime:0.000014s ]
[ info ] [ CACHE ] INIT File
[ info ] [ BEHAVIOR ] Run \addons\cms\Cms @app_init [ RunTime:0.002933s ]
[ info ] [ BEHAVIOR ] Run Closure @app_init [ RunTime:0.002967s ]
[ info ] [ LANG ] F:\WorkProgram\laragon\www\myone\thinkphp\lang\zh-cn.php
[ info ] [ ROUTE ] array (
  'type' => 'module',
  'module' => 
  array (
    0 => 'index',
    1 => 'im',
    2 => 'index',
  ),
)
[ info ] [ HEADER ] array (
  'host' => 'myone.com',
  'connection' => 'keep-alive',
  'cache-control' => 'max-age=0',
  'upgrade-insecure-requests' => '1',
  'user-agent' => 'Mozilla/5.0 (Windows NT 10.0; WOW64) AppleWebKit/537.36 (KHTML, like Gecko) Chrome/79.0.3945.79 Safari/537.36',
  'accept' => 'text/html,application/xhtml+xml,application/xml;q=0.9,image/webp,image/apng,*/*;q=0.8,application/signed-exchange;v=b3;q=0.9',
  'referer' => 'http://myone.com/',
  'accept-encoding' => 'gzip, deflate',
  'accept-language' => 'zh-CN,zh;q=0.9',
  'cookie' => 'uid=2; token=f49d2d50-e19f-4b4e-9d12-c26f34f6d2b8; Hm_lvt_f8d0a8c400404989e195270b0bbf060a=1577155560,1577408652,1577496098,1577509827; Hm_lpvt_f8d0a8c400404989e195270b0bbf060a=1577510082',
)
[ info ] [ PARAM ] array (
)
[ info ] [ LANG ] F:\WorkProgram\laragon\www\myone\public/../application/index\lang\zh-cn.php
[ info ] [ BEHAVIOR ] Run app\common\behavior\Common @module_init [ RunTime:0.001400s ]
[ info ] [ TOKEN ] INIT Mysql
[ info ] [ DB ] INIT mysql
[ info ] [ BEHAVIOR ] Run \addons\geetest\Geetest @config_init [ RunTime:0.000175s ]
[ info ] [ BEHAVIOR ] Run \addons\geetest\Geetest @action_begin [ RunTime:0.000026s ]
[ info ] [ RUN ] app\index\controller\Im->index[ F:\WorkProgram\laragon\www\myone\application\index\controller\Im.php ]
[ info ] [ VIEW ] F:\WorkProgram\laragon\www\myone\public/../application/index\view\im\index.html [ array (
  0 => 'user',
  1 => 'site',
  2 => 'config',
) ]
[ info ] [ BEHAVIOR ] Run \addons\cms\Cms @response_send [ RunTime:0.000036s ]
[ info ] [ BEHAVIOR ] Run \addons\loginbgindex\Loginbgindex @response_send [ RunTime:0.000022s ]
[ info ] [ LOG ] INIT File
[ sql ] [ DB ] CONNECT:[ UseTime:0.000995s ] mysql:host=127.0.0.1;dbname=myone;charset=utf8
[ sql ] [ SQL ] SHOW COLUMNS FROM `one_user_token` [ RunTime:0.000641s ]
[ sql ] [ SQL ] SELECT * FROM `one_user_token` WHERE  `token` = '8cc3cc25a89c922895f7f6532990e542a3cfc7d2' LIMIT 1 [ RunTime:0.000354s ]
[ sql ] [ SQL ] SHOW COLUMNS FROM `one_user` [ RunTime:0.000983s ]
[ sql ] [ SQL ] SELECT * FROM `one_user` WHERE  `id` = 2 LIMIT 1 [ RunTime:0.000519s ]
---------------------------------------------------------------
[ 2019-12-28T13:17:43+08:00 ] 127.0.0.1 GET myone.com/static/layim/dist/lay/modules/im.js
[运行时间：0.032330s] [吞吐率：30.93req/s] [内存消耗：2,361.46kb] [文件加载：115]
[ info ] [ BEHAVIOR ] Run Closure @app_init [ RunTime:0.000013s ]
[ info ] [ CACHE ] INIT File
[ info ] [ BEHAVIOR ] Run \addons\cms\Cms @app_init [ RunTime:0.003236s ]
[ info ] [ BEHAVIOR ] Run Closure @app_init [ RunTime:0.003262s ]
[ info ] [ LANG ] F:\WorkProgram\laragon\www\myone\thinkphp\lang\zh-cn.php
[ info ] [ ROUTE ] array (
  'type' => 'module',
  'module' => 
  array (
    0 => 'static',
    1 => 'layim',
    2 => 'dist',
  ),
)
[ info ] [ HEADER ] array (
  'host' => 'myone.com',
  'connection' => 'keep-alive',
  'user-agent' => 'Mozilla/5.0 (Windows NT 10.0; WOW64) AppleWebKit/537.36 (KHTML, like Gecko) Chrome/79.0.3945.79 Safari/537.36',
  'accept' => '*/*',
  'referer' => 'http://myone.com/index/im/index.html',
  'accept-encoding' => 'gzip, deflate',
  'accept-language' => 'zh-CN,zh;q=0.9',
  'cookie' => 'uid=2; token=f49d2d50-e19f-4b4e-9d12-c26f34f6d2b8; Hm_lvt_f8d0a8c400404989e195270b0bbf060a=1577155560,1577408652,1577496098,1577509827; Hm_lpvt_f8d0a8c400404989e195270b0bbf060a=1577510082',
)
[ info ] [ PARAM ] array (
  'lay' => 'modules',
)
[ info ] [ BEHAVIOR ] Run \addons\cms\Cms @response_send [ RunTime:0.000103s ]
[ info ] [ BEHAVIOR ] Run \addons\loginbgindex\Loginbgindex @response_send [ RunTime:0.000047s ]
[ info ] [ LOG ] INIT File
---------------------------------------------------------------
[ 2019-12-28T13:17:43+08:00 ] 127.0.0.1 GET myone.com/index/im/index.html
[运行时间：0.057197s] [吞吐率：17.48req/s] [内存消耗：4,039.66kb] [文件加载：137]
[ info ] [ BEHAVIOR ] Run Closure @app_init [ RunTime:0.000012s ]
[ info ] [ CACHE ] INIT File
[ info ] [ BEHAVIOR ] Run \addons\cms\Cms @app_init [ RunTime:0.001983s ]
[ info ] [ BEHAVIOR ] Run Closure @app_init [ RunTime:0.002006s ]
[ info ] [ LANG ] F:\WorkProgram\laragon\www\myone\thinkphp\lang\zh-cn.php
[ info ] [ ROUTE ] array (
  'type' => 'module',
  'module' => 
  array (
    0 => 'index',
    1 => 'im',
    2 => 'index',
  ),
)
[ info ] [ HEADER ] array (
  'host' => 'myone.com',
  'connection' => 'keep-alive',
  'cache-control' => 'max-age=0',
  'upgrade-insecure-requests' => '1',
  'user-agent' => 'Mozilla/5.0 (Windows NT 10.0; WOW64) AppleWebKit/537.36 (KHTML, like Gecko) Chrome/79.0.3945.79 Safari/537.36',
  'accept' => 'text/html,application/xhtml+xml,application/xml;q=0.9,image/webp,image/apng,*/*;q=0.8,application/signed-exchange;v=b3;q=0.9',
  'referer' => 'http://myone.com/',
  'accept-encoding' => 'gzip, deflate',
  'accept-language' => 'zh-CN,zh;q=0.9',
  'cookie' => 'uid=2; token=f49d2d50-e19f-4b4e-9d12-c26f34f6d2b8; Hm_lvt_f8d0a8c400404989e195270b0bbf060a=1577155560,1577408652,1577496098,1577509827; Hm_lpvt_f8d0a8c400404989e195270b0bbf060a=1577510082',
)
[ info ] [ PARAM ] array (
)
[ info ] [ LANG ] F:\WorkProgram\laragon\www\myone\public/../application/index\lang\zh-cn.php
[ info ] [ BEHAVIOR ] Run app\common\behavior\Common @module_init [ RunTime:0.001387s ]
[ info ] [ TOKEN ] INIT Mysql
[ info ] [ DB ] INIT mysql
[ info ] [ BEHAVIOR ] Run \addons\geetest\Geetest @config_init [ RunTime:0.000163s ]
[ info ] [ BEHAVIOR ] Run \addons\geetest\Geetest @action_begin [ RunTime:0.000025s ]
[ info ] [ RUN ] app\index\controller\Im->index[ F:\WorkProgram\laragon\www\myone\application\index\controller\Im.php ]
[ info ] [ VIEW ] F:\WorkProgram\laragon\www\myone\public/../application/index\view\im\index.html [ array (
  0 => 'user',
  1 => 'site',
  2 => 'config',
) ]
[ info ] [ BEHAVIOR ] Run \addons\cms\Cms @response_send [ RunTime:0.000033s ]
[ info ] [ BEHAVIOR ] Run \addons\loginbgindex\Loginbgindex @response_send [ RunTime:0.000020s ]
[ info ] [ LOG ] INIT File
[ sql ] [ DB ] CONNECT:[ UseTime:0.009757s ] mysql:host=127.0.0.1;dbname=myone;charset=utf8
[ sql ] [ SQL ] SHOW COLUMNS FROM `one_user_token` [ RunTime:0.001528s ]
[ sql ] [ SQL ] SELECT * FROM `one_user_token` WHERE  `token` = '8cc3cc25a89c922895f7f6532990e542a3cfc7d2' LIMIT 1 [ RunTime:0.000612s ]
[ sql ] [ SQL ] SHOW COLUMNS FROM `one_user` [ RunTime:0.000845s ]
[ sql ] [ SQL ] SELECT * FROM `one_user` WHERE  `id` = 2 LIMIT 1 [ RunTime:0.000493s ]
---------------------------------------------------------------
[ 2019-12-28T13:17:43+08:00 ] 127.0.0.1 GET myone.com/static/layim/dist/lay/modules/im.js
[运行时间：0.034769s] [吞吐率：28.76req/s] [内存消耗：2,361.46kb] [文件加载：115]
[ info ] [ BEHAVIOR ] Run Closure @app_init [ RunTime:0.000019s ]
[ info ] [ CACHE ] INIT File
[ info ] [ BEHAVIOR ] Run \addons\cms\Cms @app_init [ RunTime:0.002168s ]
[ info ] [ BEHAVIOR ] Run Closure @app_init [ RunTime:0.002189s ]
[ info ] [ LANG ] F:\WorkProgram\laragon\www\myone\thinkphp\lang\zh-cn.php
[ info ] [ ROUTE ] array (
  'type' => 'module',
  'module' => 
  array (
    0 => 'static',
    1 => 'layim',
    2 => 'dist',
  ),
)
[ info ] [ HEADER ] array (
  'host' => 'myone.com',
  'connection' => 'keep-alive',
  'user-agent' => 'Mozilla/5.0 (Windows NT 10.0; WOW64) AppleWebKit/537.36 (KHTML, like Gecko) Chrome/79.0.3945.79 Safari/537.36',
  'accept' => '*/*',
  'referer' => 'http://myone.com/index/im/index.html',
  'accept-encoding' => 'gzip, deflate',
  'accept-language' => 'zh-CN,zh;q=0.9',
  'cookie' => 'uid=2; token=f49d2d50-e19f-4b4e-9d12-c26f34f6d2b8; Hm_lvt_f8d0a8c400404989e195270b0bbf060a=1577155560,1577408652,1577496098,1577509827; Hm_lpvt_f8d0a8c400404989e195270b0bbf060a=1577510082',
)
[ info ] [ PARAM ] array (
  'lay' => 'modules',
)
[ info ] [ BEHAVIOR ] Run \addons\cms\Cms @response_send [ RunTime:0.000153s ]
[ info ] [ BEHAVIOR ] Run \addons\loginbgindex\Loginbgindex @response_send [ RunTime:0.000034s ]
[ info ] [ LOG ] INIT File
---------------------------------------------------------------
[ 2019-12-28T13:17:43+08:00 ] 127.0.0.1 GET myone.com/index/im/index.html
[运行时间：0.058576s] [吞吐率：17.07req/s] [内存消耗：4,039.66kb] [文件加载：137]
[ info ] [ BEHAVIOR ] Run Closure @app_init [ RunTime:0.000013s ]
[ info ] [ CACHE ] INIT File
[ info ] [ BEHAVIOR ] Run \addons\cms\Cms @app_init [ RunTime:0.002172s ]
[ info ] [ BEHAVIOR ] Run Closure @app_init [ RunTime:0.002195s ]
[ info ] [ LANG ] F:\WorkProgram\laragon\www\myone\thinkphp\lang\zh-cn.php
[ info ] [ ROUTE ] array (
  'type' => 'module',
  'module' => 
  array (
    0 => 'index',
    1 => 'im',
    2 => 'index',
  ),
)
[ info ] [ HEADER ] array (
  'host' => 'myone.com',
  'connection' => 'keep-alive',
  'cache-control' => 'max-age=0',
  'upgrade-insecure-requests' => '1',
  'user-agent' => 'Mozilla/5.0 (Windows NT 10.0; WOW64) AppleWebKit/537.36 (KHTML, like Gecko) Chrome/79.0.3945.79 Safari/537.36',
  'accept' => 'text/html,application/xhtml+xml,application/xml;q=0.9,image/webp,image/apng,*/*;q=0.8,application/signed-exchange;v=b3;q=0.9',
  'referer' => 'http://myone.com/',
  'accept-encoding' => 'gzip, deflate',
  'accept-language' => 'zh-CN,zh;q=0.9',
  'cookie' => 'uid=2; token=f49d2d50-e19f-4b4e-9d12-c26f34f6d2b8; Hm_lvt_f8d0a8c400404989e195270b0bbf060a=1577155560,1577408652,1577496098,1577509827; Hm_lpvt_f8d0a8c400404989e195270b0bbf060a=1577510082',
)
[ info ] [ PARAM ] array (
)
[ info ] [ LANG ] F:\WorkProgram\laragon\www\myone\public/../application/index\lang\zh-cn.php
[ info ] [ BEHAVIOR ] Run app\common\behavior\Common @module_init [ RunTime:0.001330s ]
[ info ] [ TOKEN ] INIT Mysql
[ info ] [ DB ] INIT mysql
[ info ] [ BEHAVIOR ] Run \addons\geetest\Geetest @config_init [ RunTime:0.000356s ]
[ info ] [ BEHAVIOR ] Run \addons\geetest\Geetest @action_begin [ RunTime:0.000037s ]
[ info ] [ RUN ] app\index\controller\Im->index[ F:\WorkProgram\laragon\www\myone\application\index\controller\Im.php ]
[ info ] [ VIEW ] F:\WorkProgram\laragon\www\myone\public/../application/index\view\im\index.html [ array (
  0 => 'user',
  1 => 'site',
  2 => 'config',
) ]
[ info ] [ BEHAVIOR ] Run \addons\cms\Cms @response_send [ RunTime:0.000048s ]
[ info ] [ BEHAVIOR ] Run \addons\loginbgindex\Loginbgindex @response_send [ RunTime:0.000021s ]
[ info ] [ LOG ] INIT File
[ sql ] [ DB ] CONNECT:[ UseTime:0.010266s ] mysql:host=127.0.0.1;dbname=myone;charset=utf8
[ sql ] [ SQL ] SHOW COLUMNS FROM `one_user_token` [ RunTime:0.000999s ]
[ sql ] [ SQL ] SELECT * FROM `one_user_token` WHERE  `token` = '8cc3cc25a89c922895f7f6532990e542a3cfc7d2' LIMIT 1 [ RunTime:0.000401s ]
[ sql ] [ SQL ] SHOW COLUMNS FROM `one_user` [ RunTime:0.000757s ]
[ sql ] [ SQL ] SELECT * FROM `one_user` WHERE  `id` = 2 LIMIT 1 [ RunTime:0.000487s ]
---------------------------------------------------------------
[ 2019-12-28T13:17:43+08:00 ] 127.0.0.1 GET myone.com/static/layim/dist/lay/modules/im.js
[运行时间：0.031712s] [吞吐率：31.53req/s] [内存消耗：2,361.46kb] [文件加载：115]
[ info ] [ BEHAVIOR ] Run Closure @app_init [ RunTime:0.000015s ]
[ info ] [ CACHE ] INIT File
[ info ] [ BEHAVIOR ] Run \addons\cms\Cms @app_init [ RunTime:0.002010s ]
[ info ] [ BEHAVIOR ] Run Closure @app_init [ RunTime:0.002028s ]
[ info ] [ LANG ] F:\WorkProgram\laragon\www\myone\thinkphp\lang\zh-cn.php
[ info ] [ ROUTE ] array (
  'type' => 'module',
  'module' => 
  array (
    0 => 'static',
    1 => 'layim',
    2 => 'dist',
  ),
)
[ info ] [ HEADER ] array (
  'host' => 'myone.com',
  'connection' => 'keep-alive',
  'user-agent' => 'Mozilla/5.0 (Windows NT 10.0; WOW64) AppleWebKit/537.36 (KHTML, like Gecko) Chrome/79.0.3945.79 Safari/537.36',
  'accept' => '*/*',
  'referer' => 'http://myone.com/index/im/index.html',
  'accept-encoding' => 'gzip, deflate',
  'accept-language' => 'zh-CN,zh;q=0.9',
  'cookie' => 'uid=2; token=f49d2d50-e19f-4b4e-9d12-c26f34f6d2b8; Hm_lvt_f8d0a8c400404989e195270b0bbf060a=1577155560,1577408652,1577496098,1577509827; Hm_lpvt_f8d0a8c400404989e195270b0bbf060a=1577510082',
)
[ info ] [ PARAM ] array (
  'lay' => 'modules',
)
[ info ] [ BEHAVIOR ] Run \addons\cms\Cms @response_send [ RunTime:0.000047s ]
[ info ] [ BEHAVIOR ] Run \addons\loginbgindex\Loginbgindex @response_send [ RunTime:0.000021s ]
[ info ] [ LOG ] INIT File
---------------------------------------------------------------
[ 2019-12-28T14:10:38+08:00 ] 127.0.0.1 GET myone.com/api/Im/userlist?_=1577513438692
[运行时间：0.105814s] [吞吐率：9.45req/s] [内存消耗：2,997.10kb] [文件加载：127]
[ info ] [ BEHAVIOR ] Run Closure @app_init [ RunTime:0.000016s ]
[ info ] [ CACHE ] INIT File
[ info ] [ BEHAVIOR ] Run \addons\cms\Cms @app_init [ RunTime:0.002354s ]
[ info ] [ BEHAVIOR ] Run Closure @app_init [ RunTime:0.002374s ]
[ info ] [ LANG ] F:\WorkProgram\laragon\www\myone\thinkphp\lang\zh-cn.php
[ info ] [ ROUTE ] array (
  'type' => 'module',
  'module' => 
  array (
    0 => 'api',
    1 => 'Im',
    2 => 'userlist',
  ),
)
[ info ] [ HEADER ] array (
  'host' => 'myone.com',
  'connection' => 'keep-alive',
  'accept' => 'application/json, text/javascript, */*; q=0.01',
  'origin' => 'http://localhost:63342',
  'user-agent' => 'Mozilla/5.0 (Windows NT 10.0; WOW64) AppleWebKit/537.36 (KHTML, like Gecko) Chrome/79.0.3945.79 Safari/537.36',
  'referer' => 'http://localhost:63342/chat/child/index.html?_ijt=d7e5tb0r96jrcuufrn5pokfjro',
  'accept-encoding' => 'gzip, deflate',
  'accept-language' => 'zh-CN,zh;q=0.9',
)
[ info ] [ PARAM ] array (
  '_' => '1577513438692',
)
[ info ] [ LANG ] F:\WorkProgram\laragon\www\myone\public/../application/api\lang\zh-cn.php
[ info ] [ BEHAVIOR ] Run app\common\behavior\Common @module_init [ RunTime:0.002583s ]
[ info ] [ BEHAVIOR ] Run \addons\cms\Cms @response_send [ RunTime:0.000161s ]
[ info ] [ BEHAVIOR ] Run \addons\loginbgindex\Loginbgindex @response_send [ RunTime:0.000039s ]
[ info ] [ LOG ] INIT File
---------------------------------------------------------------
[ 2019-12-28T14:11:01+08:00 ] 127.0.0.1 GET myone.com/api/Im/userlist?_=1577513460926
[运行时间：0.047696s] [吞吐率：20.97req/s] [内存消耗：2,996.24kb] [文件加载：127]
[ info ] [ BEHAVIOR ] Run Closure @app_init [ RunTime:0.000014s ]
[ info ] [ CACHE ] INIT File
[ info ] [ BEHAVIOR ] Run \addons\cms\Cms @app_init [ RunTime:0.004431s ]
[ info ] [ BEHAVIOR ] Run Closure @app_init [ RunTime:0.004460s ]
[ info ] [ LANG ] F:\WorkProgram\laragon\www\myone\thinkphp\lang\zh-cn.php
[ info ] [ ROUTE ] array (
  'type' => 'module',
  'module' => 
  array (
    0 => 'api',
    1 => 'Im',
    2 => 'userlist',
  ),
)
[ info ] [ HEADER ] array (
  'host' => 'myone.com',
  'connection' => 'keep-alive',
  'accept' => 'application/json, text/javascript, */*; q=0.01',
  'origin' => 'null',
  'user-agent' => 'Mozilla/5.0 (Windows NT 10.0; WOW64) AppleWebKit/537.36 (KHTML, like Gecko) Chrome/79.0.3945.79 Safari/537.36',
  'accept-encoding' => 'gzip, deflate',
  'accept-language' => 'zh-CN,zh;q=0.9',
)
[ info ] [ PARAM ] array (
  '_' => '1577513460926',
)
[ info ] [ LANG ] F:\WorkProgram\laragon\www\myone\public/../application/api\lang\zh-cn.php
[ info ] [ BEHAVIOR ] Run app\common\behavior\Common @module_init [ RunTime:0.001360s ]
[ info ] [ BEHAVIOR ] Run \addons\cms\Cms @response_send [ RunTime:0.000080s ]
[ info ] [ BEHAVIOR ] Run \addons\loginbgindex\Loginbgindex @response_send [ RunTime:0.000023s ]
[ info ] [ LOG ] INIT File
---------------------------------------------------------------
[ 2019-12-28T14:11:02+08:00 ] 127.0.0.1 GET myone.com/api/Im/userlist?_=1577513462726
[运行时间：0.038844s] [吞吐率：25.74req/s] [内存消耗：2,996.24kb] [文件加载：127]
[ info ] [ BEHAVIOR ] Run Closure @app_init [ RunTime:0.000013s ]
[ info ] [ CACHE ] INIT File
[ info ] [ BEHAVIOR ] Run \addons\cms\Cms @app_init [ RunTime:0.002197s ]
[ info ] [ BEHAVIOR ] Run Closure @app_init [ RunTime:0.002220s ]
[ info ] [ LANG ] F:\WorkProgram\laragon\www\myone\thinkphp\lang\zh-cn.php
[ info ] [ ROUTE ] array (
  'type' => 'module',
  'module' => 
  array (
    0 => 'api',
    1 => 'Im',
    2 => 'userlist',
  ),
)
[ info ] [ HEADER ] array (
  'host' => 'myone.com',
  'connection' => 'keep-alive',
  'accept' => 'application/json, text/javascript, */*; q=0.01',
  'origin' => 'null',
  'user-agent' => 'Mozilla/5.0 (Windows NT 10.0; WOW64) AppleWebKit/537.36 (KHTML, like Gecko) Chrome/79.0.3945.79 Safari/537.36',
  'accept-encoding' => 'gzip, deflate',
  'accept-language' => 'zh-CN,zh;q=0.9',
)
[ info ] [ PARAM ] array (
  '_' => '1577513462726',
)
[ info ] [ LANG ] F:\WorkProgram\laragon\www\myone\public/../application/api\lang\zh-cn.php
[ info ] [ BEHAVIOR ] Run app\common\behavior\Common @module_init [ RunTime:0.001330s ]
[ info ] [ BEHAVIOR ] Run \addons\cms\Cms @response_send [ RunTime:0.000080s ]
[ info ] [ BEHAVIOR ] Run \addons\loginbgindex\Loginbgindex @response_send [ RunTime:0.000022s ]
[ info ] [ LOG ] INIT File
---------------------------------------------------------------
[ 2019-12-28T14:17:21+08:00 ] 127.0.0.1 GET myone.com/api/Im/userlist?_=1577513841159
[运行时间：0.046197s] [吞吐率：21.65req/s] [内存消耗：2,957.45kb] [文件加载：123]
[ info ] [ BEHAVIOR ] Run Closure @app_init [ RunTime:0.000015s ]
[ info ] [ CACHE ] INIT File
[ info ] [ BEHAVIOR ] Run \addons\cms\Cms @app_init [ RunTime:0.002315s ]
[ info ] [ BEHAVIOR ] Run Closure @app_init [ RunTime:0.002334s ]
[ info ] [ LANG ] F:\WorkProgram\laragon\www\myone\thinkphp\lang\zh-cn.php
[ info ] [ ROUTE ] array (
  'type' => 'module',
  'module' => 
  array (
    0 => 'api',
    1 => 'Im',
    2 => 'userlist',
  ),
)
[ info ] [ HEADER ] array (
  'host' => 'myone.com',
  'connection' => 'keep-alive',
  'accept' => 'application/json, text/javascript, */*; q=0.01',
  'origin' => 'null',
  'user-agent' => 'Mozilla/5.0 (Windows NT 10.0; WOW64) AppleWebKit/537.36 (KHTML, like Gecko) Chrome/79.0.3945.79 Safari/537.36',
  'accept-encoding' => 'gzip, deflate',
  'accept-language' => 'zh-CN,zh;q=0.9',
)
[ info ] [ PARAM ] array (
  '_' => '1577513841159',
)
[ info ] [ LANG ] F:\WorkProgram\laragon\www\myone\public/../application/api\lang\zh-cn.php
[ info ] [ BEHAVIOR ] Run app\common\behavior\Common @module_init [ RunTime:0.002866s ]
[ info ] [ BEHAVIOR ] Run \addons\geetest\Geetest @action_begin [ RunTime:0.000037s ]
[ info ] [ RUN ] app\api\controller\Im->userlist[ F:\WorkProgram\laragon\www\myone\application\api\controller\Im.php ]
[ info ] [ BEHAVIOR ] Run \addons\cms\Cms @response_send [ RunTime:0.000036s ]
[ info ] [ BEHAVIOR ] Run \addons\loginbgindex\Loginbgindex @response_send [ RunTime:0.000020s ]
[ info ] [ LOG ] INIT File
---------------------------------------------------------------
[ 2019-12-28T14:17:27+08:00 ] 127.0.0.1 GET myone.com/api/Im/userlist?_=1577513847005
[运行时间：0.040007s] [吞吐率：25.00req/s] [内存消耗：2,957.45kb] [文件加载：123]
[ info ] [ BEHAVIOR ] Run Closure @app_init [ RunTime:0.000014s ]
[ info ] [ CACHE ] INIT File
[ info ] [ BEHAVIOR ] Run \addons\cms\Cms @app_init [ RunTime:0.002518s ]
[ info ] [ BEHAVIOR ] Run Closure @app_init [ RunTime:0.002570s ]
[ info ] [ LANG ] F:\WorkProgram\laragon\www\myone\thinkphp\lang\zh-cn.php
[ info ] [ ROUTE ] array (
  'type' => 'module',
  'module' => 
  array (
    0 => 'api',
    1 => 'Im',
    2 => 'userlist',
  ),
)
[ info ] [ HEADER ] array (
  'host' => 'myone.com',
  'connection' => 'keep-alive',
  'accept' => 'application/json, text/javascript, */*; q=0.01',
  'origin' => 'null',
  'user-agent' => 'Mozilla/5.0 (Windows NT 10.0; WOW64) AppleWebKit/537.36 (KHTML, like Gecko) Chrome/79.0.3945.79 Safari/537.36',
  'accept-encoding' => 'gzip, deflate',
  'accept-language' => 'zh-CN,zh;q=0.9',
)
[ info ] [ PARAM ] array (
  '_' => '1577513847005',
)
[ info ] [ LANG ] F:\WorkProgram\laragon\www\myone\public/../application/api\lang\zh-cn.php
[ info ] [ BEHAVIOR ] Run app\common\behavior\Common @module_init [ RunTime:0.001422s ]
[ info ] [ BEHAVIOR ] Run \addons\geetest\Geetest @action_begin [ RunTime:0.000045s ]
[ info ] [ RUN ] app\api\controller\Im->userlist[ F:\WorkProgram\laragon\www\myone\application\api\controller\Im.php ]
[ info ] [ BEHAVIOR ] Run \addons\cms\Cms @response_send [ RunTime:0.000045s ]
[ info ] [ BEHAVIOR ] Run \addons\loginbgindex\Loginbgindex @response_send [ RunTime:0.000022s ]
[ info ] [ LOG ] INIT File
---------------------------------------------------------------
[ 2019-12-28T14:17:47+08:00 ] 127.0.0.1 GET myone.com/api/Im/userlist?_=1577513867846
[运行时间：0.043224s] [吞吐率：23.14req/s] [内存消耗：2,957.51kb] [文件加载：123]
[ info ] [ BEHAVIOR ] Run Closure @app_init [ RunTime:0.000033s ]
[ info ] [ CACHE ] INIT File
[ info ] [ BEHAVIOR ] Run \addons\cms\Cms @app_init [ RunTime:0.002775s ]
[ info ] [ BEHAVIOR ] Run Closure @app_init [ RunTime:0.002798s ]
[ info ] [ LANG ] F:\WorkProgram\laragon\www\myone\thinkphp\lang\zh-cn.php
[ info ] [ ROUTE ] array (
  'type' => 'module',
  'module' => 
  array (
    0 => 'api',
    1 => 'Im',
    2 => 'userlist',
  ),
)
[ info ] [ HEADER ] array (
  'host' => 'myone.com',
  'connection' => 'keep-alive',
  'accept' => 'application/json, text/javascript, */*; q=0.01',
  'origin' => 'null',
  'user-agent' => 'Mozilla/5.0 (Windows NT 10.0; WOW64) AppleWebKit/537.36 (KHTML, like Gecko) Chrome/79.0.3945.79 Safari/537.36',
  'accept-encoding' => 'gzip, deflate',
  'accept-language' => 'zh-CN,zh;q=0.9',
)
[ info ] [ PARAM ] array (
  '_' => '1577513867846',
)
[ info ] [ LANG ] F:\WorkProgram\laragon\www\myone\public/../application/api\lang\zh-cn.php
[ info ] [ BEHAVIOR ] Run app\common\behavior\Common @module_init [ RunTime:0.001365s ]
[ info ] [ BEHAVIOR ] Run \addons\geetest\Geetest @action_begin [ RunTime:0.000051s ]
[ info ] [ RUN ] app\api\controller\Im->userlist[ F:\WorkProgram\laragon\www\myone\application\api\controller\Im.php ]
[ info ] [ BEHAVIOR ] Run \addons\cms\Cms @response_send [ RunTime:0.000055s ]
[ info ] [ BEHAVIOR ] Run \addons\loginbgindex\Loginbgindex @response_send [ RunTime:0.000032s ]
[ info ] [ LOG ] INIT File
---------------------------------------------------------------
[ 2019-12-28T14:18:09+08:00 ] 127.0.0.1 GET myone.com/api/Im/userlist?_=1577513889920
[运行时间：0.039110s] [吞吐率：25.57req/s] [内存消耗：2,957.48kb] [文件加载：123]
[ info ] [ BEHAVIOR ] Run Closure @app_init [ RunTime:0.000028s ]
[ info ] [ CACHE ] INIT File
[ info ] [ BEHAVIOR ] Run \addons\cms\Cms @app_init [ RunTime:0.002138s ]
[ info ] [ BEHAVIOR ] Run Closure @app_init [ RunTime:0.002178s ]
[ info ] [ LANG ] F:\WorkProgram\laragon\www\myone\thinkphp\lang\zh-cn.php
[ info ] [ ROUTE ] array (
  'type' => 'module',
  'module' => 
  array (
    0 => 'api',
    1 => 'Im',
    2 => 'userlist',
  ),
)
[ info ] [ HEADER ] array (
  'host' => 'myone.com',
  'connection' => 'keep-alive',
  'accept' => 'application/json, text/javascript, */*; q=0.01',
  'origin' => 'null',
  'user-agent' => 'Mozilla/5.0 (Windows NT 10.0; WOW64) AppleWebKit/537.36 (KHTML, like Gecko) Chrome/79.0.3945.79 Safari/537.36',
  'accept-encoding' => 'gzip, deflate',
  'accept-language' => 'zh-CN,zh;q=0.9',
)
[ info ] [ PARAM ] array (
  '_' => '1577513889920',
)
[ info ] [ LANG ] F:\WorkProgram\laragon\www\myone\public/../application/api\lang\zh-cn.php
[ info ] [ BEHAVIOR ] Run app\common\behavior\Common @module_init [ RunTime:0.001590s ]
[ info ] [ BEHAVIOR ] Run \addons\geetest\Geetest @action_begin [ RunTime:0.000046s ]
[ info ] [ RUN ] app\api\controller\Im->userlist[ F:\WorkProgram\laragon\www\myone\application\api\controller\Im.php ]
[ info ] [ BEHAVIOR ] Run \addons\cms\Cms @response_send [ RunTime:0.000047s ]
[ info ] [ BEHAVIOR ] Run \addons\loginbgindex\Loginbgindex @response_send [ RunTime:0.000022s ]
[ info ] [ LOG ] INIT File
---------------------------------------------------------------
[ 2019-12-28T14:18:10+08:00 ] 127.0.0.1 GET myone.com/api/Im/userlist?_=1577513890675
[运行时间：0.039512s] [吞吐率：25.31req/s] [内存消耗：2,957.48kb] [文件加载：123]
[ info ] [ BEHAVIOR ] Run Closure @app_init [ RunTime:0.000032s ]
[ info ] [ CACHE ] INIT File
[ info ] [ BEHAVIOR ] Run \addons\cms\Cms @app_init [ RunTime:0.003539s ]
[ info ] [ BEHAVIOR ] Run Closure @app_init [ RunTime:0.003570s ]
[ info ] [ LANG ] F:\WorkProgram\laragon\www\myone\thinkphp\lang\zh-cn.php
[ info ] [ ROUTE ] array (
  'type' => 'module',
  'module' => 
  array (
    0 => 'api',
    1 => 'Im',
    2 => 'userlist',
  ),
)
[ info ] [ HEADER ] array (
  'host' => 'myone.com',
  'connection' => 'keep-alive',
  'accept' => 'application/json, text/javascript, */*; q=0.01',
  'origin' => 'null',
  'user-agent' => 'Mozilla/5.0 (Windows NT 10.0; WOW64) AppleWebKit/537.36 (KHTML, like Gecko) Chrome/79.0.3945.79 Safari/537.36',
  'accept-encoding' => 'gzip, deflate',
  'accept-language' => 'zh-CN,zh;q=0.9',
)
[ info ] [ PARAM ] array (
  '_' => '1577513890675',
)
[ info ] [ LANG ] F:\WorkProgram\laragon\www\myone\public/../application/api\lang\zh-cn.php
[ info ] [ BEHAVIOR ] Run app\common\behavior\Common @module_init [ RunTime:0.001439s ]
[ info ] [ BEHAVIOR ] Run \addons\geetest\Geetest @action_begin [ RunTime:0.000040s ]
[ info ] [ RUN ] app\api\controller\Im->userlist[ F:\WorkProgram\laragon\www\myone\application\api\controller\Im.php ]
[ info ] [ BEHAVIOR ] Run \addons\cms\Cms @response_send [ RunTime:0.000103s ]
[ info ] [ BEHAVIOR ] Run \addons\loginbgindex\Loginbgindex @response_send [ RunTime:0.000053s ]
[ info ] [ LOG ] INIT File
---------------------------------------------------------------
[ 2019-12-28T14:18:46+08:00 ] 127.0.0.1 GET myone.com/api/Im/userlist?_=1577513926385
[运行时间：0.039590s] [吞吐率：25.26req/s] [内存消耗：2,957.48kb] [文件加载：123]
[ info ] [ BEHAVIOR ] Run Closure @app_init [ RunTime:0.000014s ]
[ info ] [ CACHE ] INIT File
[ info ] [ BEHAVIOR ] Run \addons\cms\Cms @app_init [ RunTime:0.002091s ]
[ info ] [ BEHAVIOR ] Run Closure @app_init [ RunTime:0.002112s ]
[ info ] [ LANG ] F:\WorkProgram\laragon\www\myone\thinkphp\lang\zh-cn.php
[ info ] [ ROUTE ] array (
  'type' => 'module',
  'module' => 
  array (
    0 => 'api',
    1 => 'Im',
    2 => 'userlist',
  ),
)
[ info ] [ HEADER ] array (
  'host' => 'myone.com',
  'connection' => 'keep-alive',
  'accept' => 'application/json, text/javascript, */*; q=0.01',
  'origin' => 'null',
  'user-agent' => 'Mozilla/5.0 (Windows NT 10.0; WOW64) AppleWebKit/537.36 (KHTML, like Gecko) Chrome/79.0.3945.79 Safari/537.36',
  'accept-encoding' => 'gzip, deflate',
  'accept-language' => 'zh-CN,zh;q=0.9',
)
[ info ] [ PARAM ] array (
  '_' => '1577513926385',
)
[ info ] [ LANG ] F:\WorkProgram\laragon\www\myone\public/../application/api\lang\zh-cn.php
[ info ] [ BEHAVIOR ] Run app\common\behavior\Common @module_init [ RunTime:0.001402s ]
[ info ] [ BEHAVIOR ] Run \addons\geetest\Geetest @action_begin [ RunTime:0.000079s ]
[ info ] [ RUN ] app\api\controller\Im->userlist[ F:\WorkProgram\laragon\www\myone\application\api\controller\Im.php ]
[ info ] [ BEHAVIOR ] Run \addons\cms\Cms @response_send [ RunTime:0.000075s ]
[ info ] [ BEHAVIOR ] Run \addons\loginbgindex\Loginbgindex @response_send [ RunTime:0.000043s ]
[ info ] [ LOG ] INIT File
