---------------------------------------------------------------
[ 2019-12-31T16:34:40+08:00 ] 127.0.0.1 GET myone.com/getlist?_=1577781279454
[运行时间：0.691260s] [吞吐率：1.45req/s] [内存消耗：3,048.65kb] [文件加载：127]
[ info ] [ BEHAVIOR ] Run Closure @app_init [ RunTime:0.024236s ]
[ info ] [ CACHE ] INIT File
[ info ] [ BEHAVIOR ] Run \addons\cms\Cms @app_init [ RunTime:0.025058s ]
[ info ] [ BEHAVIOR ] Run Closure @app_init [ RunTime:0.025087s ]
[ info ] [ LANG ] F:\WorkProgram\laragon\www\myone\thinkphp\lang\zh-cn.php
[ info ] [ ROUTE ] array (
  'type' => 'module',
  'module' => 
  array (
    0 => 'api',
    1 => 'Im',
    2 => 'get_list',
  ),
  'convert' => false,
)
[ info ] [ HEADER ] array (
  'host' => 'myone.com',
  'connection' => 'keep-alive',
  'accept' => 'application/json, text/javascript, */*; q=0.01',
  'origin' => 'null',
  'user-agent' => 'Mozilla/5.0 (Windows NT 10.0; WOW64) AppleWebKit/537.36 (KHTML, like Gecko) Chrome/79.0.3945.79 Safari/537.36',
  'accept-encoding' => 'gzip, deflate',
  'accept-language' => 'zh-CN,zh;q=0.9',
)
[ info ] [ PARAM ] array (
  '_' => '1577781279454',
)
[ info ] [ LANG ] F:\WorkProgram\laragon\www\myone\public/../application/api\lang\zh-cn.php
[ info ] [ BEHAVIOR ] Run app\common\behavior\Common @module_init [ RunTime:0.026280s ]
[ info ] [ BEHAVIOR ] Run \addons\geetest\Geetest @config_init [ RunTime:0.010810s ]
[ info ] [ BEHAVIOR ] Run \addons\geetest\Geetest @action_begin [ RunTime:0.000041s ]
[ info ] [ RUN ] app\api\controller\Im->get_list[ F:\WorkProgram\laragon\www\myone\application\api\controller\Im.php ]
[ info ] [ BEHAVIOR ] Run \addons\cms\Cms @response_send [ RunTime:0.000316s ]
[ info ] [ BEHAVIOR ] Run \addons\loginbgindex\Loginbgindex @response_send [ RunTime:0.000068s ]
[ info ] [ LOG ] INIT File
